<?xml version="1.0" encoding="utf-8"?>
<TestRun id="9ffaa82c-b331-42f5-b164-5be72b0b9619" name="1@DESKTOP-NTADQTR 2026-06-07 22:26:06" runUser="DESKTOP-NTADQTR\1" xmlns="http://microsoft.com/schemas/VisualStudio/TeamTest/2010">
  <Times creation="2026-06-07T22:26:06.4703313+05:00" queuing="2026-06-07T22:26:06.4703315+05:00" start="2026-06-07T22:25:58.3453091+05:00" finish="2026-06-07T22:26:06.5550049+05:00" />
  <TestSettings name="default" id="169709cf-a6d3-442d-8396-e1bc0b827c16">
    <Deployment runDeploymentRoot="1_DESKTOP-NTADQTR_2026-06-07_22_26_06" />
  </TestSettings>
  <Results>
    <UnitTestResult executionId="59eb1ad9-b875-4775-b9b1-1d8717b210e6" testId="770ba817-bc7e-c77b-e18b-5b37405c9eca" testName="Vantuz.Builder.Tests.PluginNameVerifierTests.VerifyManifest_ValidBootJson_ReturnsZero" computerName="DESKTOP-NTADQTR" duration="00:00:00.1917982" startTime="2026-06-07T22:26:05.2741287+05:00" endTime="2026-06-07T22:26:05.2741292+05:00" testType="13cdc9d9-ddb5-4fa4-a97d-d965ccfc6d4b" outcome="Passed" testListId="8c84fa94-04c1-424b-9868-57a2d4851a1d" relativeResultsDirectory="59eb1ad9-b875-4775-b9b1-1d8717b210e6" />
    <UnitTestResult executionId="d36be64e-bbf1-45be-a8a2-2eb736a4b49a" testId="fbccf92d-c8d5-cf1d-fa07-adfd22baab65" testName="Vantuz.Builder.Tests.PluginNameVerifierTests.VerifyDirectory_NoPlugins_ReturnsZero" computerName="DESKTOP-NTADQTR" duration="00:00:00.7601968" startTime="2026-06-07T22:26:05.0760824+05:00" endTime="2026-06-07T22:26:05.0761401+05:00" testType="13cdc9d9-ddb5-4fa4-a97d-d965ccfc6d4b" outcome="Passed" testListId="8c84fa94-04c1-424b-9868-57a2d4851a1d" relativeResultsDirectory="d36be64e-bbf1-45be-a8a2-2eb736a4b49a" />
  </Results>
  <TestDefinitions>
    <UnitTest name="Vantuz.Builder.Tests.PluginNameVerifierTests.VerifyDirectory_NoPlugins_ReturnsZero" storage="c:\000\projects\compositum\vantuz.builder.tests\bin\debug\net8.0\vantuz.builder.tests.dll" id="fbccf92d-c8d5-cf1d-fa07-adfd22baab65">
      <Execution id="d36be64e-bbf1-45be-a8a2-2eb736a4b49a" />
      <TestMethod codeBase="c:\000\projects\compositum\Vantuz.Builder.Tests\bin\Debug\net8.0\Vantuz.Builder.Tests.dll" adapterTypeName="executor://xunit/VsTestRunner2/netcoreapp" className="Vantuz.Builder.Tests.PluginNameVerifierTests" name="VerifyDirectory_NoPlugins_ReturnsZero" />
    </UnitTest>
    <UnitTest name="Vantuz.Builder.Tests.PluginNameVerifierTests.VerifyManifest_ValidBootJson_ReturnsZero" storage="c:\000\projects\compositum\vantuz.builder.tests\bin\debug\net8.0\vantuz.builder.tests.dll" id="770ba817-bc7e-c77b-e18b-5b37405c9eca">
      <Execution id="59eb1ad9-b875-4775-b9b1-1d8717b210e6" />
      <TestMethod codeBase="c:\000\projects\compositum\Vantuz.Builder.Tests\bin\Debug\net8.0\Vantuz.Builder.Tests.dll" adapterTypeName="executor://xunit/VsTestRunner2/netcoreapp" className="Vantuz.Builder.Tests.PluginNameVerifierTests" name="VerifyManifest_ValidBootJson_ReturnsZero" />
    </UnitTest>
  </TestDefinitions>
  <TestEntries>
    <TestEntry testId="770ba817-bc7e-c77b-e18b-5b37405c9eca" executionId="59eb1ad9-b875-4775-b9b1-1d8717b210e6" testListId="8c84fa94-04c1-424b-9868-57a2d4851a1d" />
    <TestEntry testId="fbccf92d-c8d5-cf1d-fa07-adfd22baab65" executionId="d36be64e-bbf1-45be-a8a2-2eb736a4b49a" testListId="8c84fa94-04c1-424b-9868-57a2d4851a1d" />
  </TestEntries>
  <TestLists>
    <TestList name="Список результатов" id="8c84fa94-04c1-424b-9868-57a2d4851a1d" />
    <TestList name="Все загруженные результаты" id="19431567-8539-422a-85d7-44ee4e166bda" />
  </TestLists>
  <ResultSummary outcome="Completed">
    <Counters total="2" executed="2" passed="2" failed="0" error="0" timeout="0" aborted="0" inconclusive="0" passedButRunAborted="0" notRunnable="0" notExecuted="0" disconnected="0" warning="0" completed="0" inProgress="0" pending="0" />
    <Output>
      <StdOut>[xUnit.net 00:00:00.04] xUnit.net VSTest Adapter v2.5.7+8f2703126a (64-bit .NET 8.0.26)&#xD;
[xUnit.net 00:00:00.50]   Discovering: Vantuz.Builder.Tests&#xD;
[xUnit.net 00:00:00.89]   Discovered:  Vantuz.Builder.Tests&#xD;
[xUnit.net 00:00:00.90]   Starting:    Vantuz.Builder.Tests&#xD;
[VERIFY] PASS: All 0 pipeline names verified against 0 discovered plugin classes.&#xD;
[VERIFY] ARM-BUILD-020: Pipeline pluginName mismatch detected in boot.json.&#xD;
  Missing plugin name: 'TestPlugin'&#xD;
[xUnit.net 00:00:03.57]   Finished:    Vantuz.Builder.Tests&#xD;
</StdOut>
    </Output>
  </ResultSummary>
</TestRun>