<?xml version="1.0" encoding="utf-8"?>
<TestRun id="cc956466-913c-450a-b145-ed8f115226e2" name="1@DESKTOP-NTADQTR 2026-06-08 09:51:57" runUser="DESKTOP-NTADQTR\1" xmlns="http://microsoft.com/schemas/VisualStudio/TeamTest/2010">
  <Times creation="2026-06-08T09:51:57.7942588+05:00" queuing="2026-06-08T09:51:57.7942593+05:00" start="2026-06-08T09:51:52.2510075+05:00" finish="2026-06-08T09:51:57.8987378+05:00" />
  <TestSettings name="default" id="74283ea3-6fbe-4912-ac00-a1154fcf73b2">
    <Deployment runDeploymentRoot="1_DESKTOP-NTADQTR_2026-06-08_09_51_57" />
  </TestSettings>
  <Results>
    <UnitTestResult executionId="791ac432-464d-4f5e-817c-da02fe9400c0" testId="fbccf92d-c8d5-cf1d-fa07-adfd22baab65" testName="Vantuz.Builder.Tests.PluginNameVerifierTests.VerifyDirectory_NoPlugins_ReturnsZero" computerName="DESKTOP-NTADQTR" duration="00:00:00.3313733" startTime="2026-06-08T09:51:57.4058628+05:00" endTime="2026-06-08T09:51:57.4059481+05:00" testType="13cdc9d9-ddb5-4fa4-a97d-d965ccfc6d4b" outcome="Passed" testListId="8c84fa94-04c1-424b-9868-57a2d4851a1d" relativeResultsDirectory="791ac432-464d-4f5e-817c-da02fe9400c0" />
    <UnitTestResult executionId="79797685-db81-487c-881a-65d0effc764b" testId="770ba817-bc7e-c77b-e18b-5b37405c9eca" testName="Vantuz.Builder.Tests.PluginNameVerifierTests.VerifyManifest_ValidBootJson_ReturnsZero" computerName="DESKTOP-NTADQTR" duration="00:00:00.0152594" startTime="2026-06-08T09:51:57.4214514+05:00" endTime="2026-06-08T09:51:57.4214520+05:00" testType="13cdc9d9-ddb5-4fa4-a97d-d965ccfc6d4b" outcome="Passed" testListId="8c84fa94-04c1-424b-9868-57a2d4851a1d" relativeResultsDirectory="79797685-db81-487c-881a-65d0effc764b" />
  </Results>
  <TestDefinitions>
    <UnitTest name="Vantuz.Builder.Tests.PluginNameVerifierTests.VerifyDirectory_NoPlugins_ReturnsZero" storage="c:\000\projects\compositum\vantuz.builder.tests\bin\release\net8.0\vantuz.builder.tests.dll" id="fbccf92d-c8d5-cf1d-fa07-adfd22baab65">
      <Execution id="791ac432-464d-4f5e-817c-da02fe9400c0" />
      <TestMethod codeBase="c:\000\projects\compositum\Vantuz.Builder.Tests\bin\Release\net8.0\Vantuz.Builder.Tests.dll" adapterTypeName="executor://xunit/VsTestRunner2/netcoreapp" className="Vantuz.Builder.Tests.PluginNameVerifierTests" name="VerifyDirectory_NoPlugins_ReturnsZero" />
    </UnitTest>
    <UnitTest name="Vantuz.Builder.Tests.PluginNameVerifierTests.VerifyManifest_ValidBootJson_ReturnsZero" storage="c:\000\projects\compositum\vantuz.builder.tests\bin\release\net8.0\vantuz.builder.tests.dll" id="770ba817-bc7e-c77b-e18b-5b37405c9eca">
      <Execution id="79797685-db81-487c-881a-65d0effc764b" />
      <TestMethod codeBase="c:\000\projects\compositum\Vantuz.Builder.Tests\bin\Release\net8.0\Vantuz.Builder.Tests.dll" adapterTypeName="executor://xunit/VsTestRunner2/netcoreapp" className="Vantuz.Builder.Tests.PluginNameVerifierTests" name="VerifyManifest_ValidBootJson_ReturnsZero" />
    </UnitTest>
  </TestDefinitions>
  <TestEntries>
    <TestEntry testId="fbccf92d-c8d5-cf1d-fa07-adfd22baab65" executionId="791ac432-464d-4f5e-817c-da02fe9400c0" testListId="8c84fa94-04c1-424b-9868-57a2d4851a1d" />
    <TestEntry testId="770ba817-bc7e-c77b-e18b-5b37405c9eca" executionId="79797685-db81-487c-881a-65d0effc764b" testListId="8c84fa94-04c1-424b-9868-57a2d4851a1d" />
  </TestEntries>
  <TestLists>
    <TestList name="Список результатов" id="8c84fa94-04c1-424b-9868-57a2d4851a1d" />
    <TestList name="Все загруженные результаты" id="19431567-8539-422a-85d7-44ee4e166bda" />
  </TestLists>
  <ResultSummary outcome="Completed">
    <Counters total="2" executed="2" passed="2" failed="0" error="0" timeout="0" aborted="0" inconclusive="0" passedButRunAborted="0" notRunnable="0" notExecuted="0" disconnected="0" warning="0" completed="0" inProgress="0" pending="0" />
    <Output>
      <StdOut>[xUnit.net 00:00:00.00] xUnit.net VSTest Adapter v2.5.7+8f2703126a (64-bit .NET 8.0.26)&#xD;
[xUnit.net 00:00:00.53]   Discovering: Vantuz.Builder.Tests&#xD;
[xUnit.net 00:00:00.76]   Discovered:  Vantuz.Builder.Tests&#xD;
[xUnit.net 00:00:00.76]   Starting:    Vantuz.Builder.Tests&#xD;
[VERIFY] PASS: All 0 pipeline names verified against 0 discovered plugin classes.&#xD;
[VERIFY] ARM-BUILD-020: Pipeline pluginName mismatch detected in boot.json.&#xD;
  Missing plugin name: 'TestPlugin'&#xD;
[xUnit.net 00:00:01.71]   Finished:    Vantuz.Builder.Tests&#xD;
</StdOut>
    </Output>
  </ResultSummary>
</TestRun>