<?xml version="1.0" encoding="utf-8"?>
<TestRun id="b2852fad-3212-497c-b8d8-3d4adb64318a" name="1@DESKTOP-NTADQTR 2026-06-07 18:52:33" runUser="DESKTOP-NTADQTR\1" xmlns="http://microsoft.com/schemas/VisualStudio/TeamTest/2010">
  <Times creation="2026-06-07T18:52:33.4368738+05:00" queuing="2026-06-07T18:52:33.4368743+05:00" start="2026-06-07T18:52:27.2256355+05:00" finish="2026-06-07T18:52:33.5385678+05:00" />
  <TestSettings name="default" id="73936bda-73c8-4a3d-9391-f1d3534274f0">
    <Deployment runDeploymentRoot="1_DESKTOP-NTADQTR_2026-06-07_18_52_33" />
  </TestSettings>
  <Results>
    <UnitTestResult executionId="895770dd-21c4-4fdd-9b1e-5670cc9412f5" testId="770ba817-bc7e-c77b-e18b-5b37405c9eca" testName="Vantuz.Builder.Tests.PluginNameVerifierTests.VerifyManifest_ValidBootJson_ReturnsZero" computerName="DESKTOP-NTADQTR" duration="00:00:00.0218035" startTime="2026-06-07T18:52:32.2197554+05:00" endTime="2026-06-07T18:52:32.2197558+05:00" testType="13cdc9d9-ddb5-4fa4-a97d-d965ccfc6d4b" outcome="Passed" testListId="8c84fa94-04c1-424b-9868-57a2d4851a1d" relativeResultsDirectory="895770dd-21c4-4fdd-9b1e-5670cc9412f5" />
    <UnitTestResult executionId="25e93466-7ac7-4c50-a11b-f4f6830f3422" testId="fbccf92d-c8d5-cf1d-fa07-adfd22baab65" testName="Vantuz.Builder.Tests.PluginNameVerifierTests.VerifyDirectory_NoPlugins_ReturnsZero" computerName="DESKTOP-NTADQTR" duration="00:00:00.5683494" startTime="2026-06-07T18:52:32.1985362+05:00" endTime="2026-06-07T18:52:32.1986002+05:00" testType="13cdc9d9-ddb5-4fa4-a97d-d965ccfc6d4b" outcome="Passed" testListId="8c84fa94-04c1-424b-9868-57a2d4851a1d" relativeResultsDirectory="25e93466-7ac7-4c50-a11b-f4f6830f3422" />
  </Results>
  <TestDefinitions>
    <UnitTest name="Vantuz.Builder.Tests.PluginNameVerifierTests.VerifyDirectory_NoPlugins_ReturnsZero" storage="c:\000\projects\compositum\vantuz.builder.tests\bin\debug\net8.0\vantuz.builder.tests.dll" id="fbccf92d-c8d5-cf1d-fa07-adfd22baab65">
      <Execution id="25e93466-7ac7-4c50-a11b-f4f6830f3422" />
      <TestMethod codeBase="C:\000\projects\compositum\Vantuz.Builder.Tests\bin\Debug\net8.0\Vantuz.Builder.Tests.dll" adapterTypeName="executor://xunit/VsTestRunner2/netcoreapp" className="Vantuz.Builder.Tests.PluginNameVerifierTests" name="VerifyDirectory_NoPlugins_ReturnsZero" />
    </UnitTest>
    <UnitTest name="Vantuz.Builder.Tests.PluginNameVerifierTests.VerifyManifest_ValidBootJson_ReturnsZero" storage="c:\000\projects\compositum\vantuz.builder.tests\bin\debug\net8.0\vantuz.builder.tests.dll" id="770ba817-bc7e-c77b-e18b-5b37405c9eca">
      <Execution id="895770dd-21c4-4fdd-9b1e-5670cc9412f5" />
      <TestMethod codeBase="C:\000\projects\compositum\Vantuz.Builder.Tests\bin\Debug\net8.0\Vantuz.Builder.Tests.dll" adapterTypeName="executor://xunit/VsTestRunner2/netcoreapp" className="Vantuz.Builder.Tests.PluginNameVerifierTests" name="VerifyManifest_ValidBootJson_ReturnsZero" />
    </UnitTest>
  </TestDefinitions>
  <TestEntries>
    <TestEntry testId="770ba817-bc7e-c77b-e18b-5b37405c9eca" executionId="895770dd-21c4-4fdd-9b1e-5670cc9412f5" testListId="8c84fa94-04c1-424b-9868-57a2d4851a1d" />
    <TestEntry testId="fbccf92d-c8d5-cf1d-fa07-adfd22baab65" executionId="25e93466-7ac7-4c50-a11b-f4f6830f3422" testListId="8c84fa94-04c1-424b-9868-57a2d4851a1d" />
  </TestEntries>
  <TestLists>
    <TestList name="Список результатов" id="8c84fa94-04c1-424b-9868-57a2d4851a1d" />
    <TestList name="Все загруженные результаты" id="19431567-8539-422a-85d7-44ee4e166bda" />
  </TestLists>
  <ResultSummary outcome="Completed">
    <Counters total="2" executed="2" passed="2" failed="0" error="0" timeout="0" aborted="0" inconclusive="0" passedButRunAborted="0" notRunnable="0" notExecuted="0" disconnected="0" warning="0" completed="0" inProgress="0" pending="0" />
    <Output>
      <StdOut>[xUnit.net 00:00:00.06] xUnit.net VSTest Adapter v2.5.7+8f2703126a (64-bit .NET 8.0.26)&#xD;
[xUnit.net 00:00:00.57]   Discovering: Vantuz.Builder.Tests&#xD;
[xUnit.net 00:00:00.83]   Discovered:  Vantuz.Builder.Tests&#xD;
[xUnit.net 00:00:00.84]   Starting:    Vantuz.Builder.Tests&#xD;
[VERIFY] PASS: All 0 pipeline names verified against 0 discovered plugin classes.&#xD;
[VERIFY] ARM-BUILD-020: Pipeline pluginName mismatch detected in boot.json.&#xD;
  Missing plugin name: 'TestPlugin'&#xD;
[xUnit.net 00:00:02.12]   Finished:    Vantuz.Builder.Tests&#xD;
</StdOut>
    </Output>
  </ResultSummary>
</TestRun>