<?xml version="1.0" encoding="utf-8"?>
<TestRun id="2c007be4-5d90-4120-b1db-e30d5c8d10f7" name="1@DESKTOP-NTADQTR 2026-06-08 13:33:56" runUser="DESKTOP-NTADQTR\1" xmlns="http://microsoft.com/schemas/VisualStudio/TeamTest/2010">
  <Times creation="2026-06-08T13:33:56.5446134+05:00" queuing="2026-06-08T13:33:56.5446138+05:00" start="2026-06-08T13:33:53.9435464+05:00" finish="2026-06-08T13:34:02.2378551+05:00" />
  <TestSettings name="default" id="a8dceb75-f357-4dd3-b7a8-515b42043d95">
    <Deployment runDeploymentRoot="1_DESKTOP-NTADQTR_2026-06-08_13_33_56" />
  </TestSettings>
  <Results>
    <UnitTestResult executionId="36e56895-f196-4521-8f95-bea3dc35303b" testId="8b3bf037-cef9-fafc-a3a4-5384c3a08276" testName="Vantuz.Core.Tests.MinecraftGameProviderTests.ParseForgeVersion_FallbackSplit_ReturnsCorrectTuple" computerName="DESKTOP-NTADQTR" duration="00:00:00.0002559" startTime="2026-06-08T13:33:57.0346226+05:00" endTime="2026-06-08T13:33:57.0346229+05:00" testType="13cdc9d9-ddb5-4fa4-a97d-d965ccfc6d4b" outcome="Passed" testListId="8c84fa94-04c1-424b-9868-57a2d4851a1d" relativeResultsDirectory="36e56895-f196-4521-8f95-bea3dc35303b" />
    <UnitTestResult executionId="507f06b2-f0bf-41ee-b613-2e19543e15ed" testId="2fdd3774-7c85-360d-fa74-7441eadbcbf7" testName="Vantuz.Core.Tests.PipelinePositiveVerificationTests.Manifest_LaunchCommand_IsFollowedByExecuteCommand(fileName: &quot;boot.gui.json&quot;)" computerName="DESKTOP-NTADQTR" duration="00:00:00.0023544" startTime="2026-06-08T13:33:56.3810266+05:00" endTime="2026-06-08T13:33:56.3810268+05:00" testType="13cdc9d9-ddb5-4fa4-a97d-d965ccfc6d4b" outcome="Passed" testListId="8c84fa94-04c1-424b-9868-57a2d4851a1d" relativeResultsDirectory="507f06b2-f0bf-41ee-b613-2e19543e15ed" />
    <UnitTestResult executionId="563d5405-1b83-49d4-9a41-bc68cc32619f" testId="75cfac8b-3249-a70b-7150-059b815e7279" testName="Vantuz.Core.Tests.VariableInterpolationTests.InterpolateVariables_RealisticBootJson_NoUnresolvedPlaceholders" computerName="DESKTOP-NTADQTR" duration="00:00:00.1123413" startTime="2026-06-08T13:33:56.2047614+05:00" endTime="2026-06-08T13:33:56.2047619+05:00" testType="13cdc9d9-ddb5-4fa4-a97d-d965ccfc6d4b" outcome="Passed" testListId="8c84fa94-04c1-424b-9868-57a2d4851a1d" relativeResultsDirectory="563d5405-1b83-49d4-9a41-bc68cc32619f" />
    <UnitTestResult executionId="504fb3a1-2f86-4170-93f3-696acca565ab" testId="184bf7b2-dc0f-4b9c-0917-ff393766eaa3" testName="Vantuz.Core.Tests.PipelinePositiveVerificationTests.BootHeadlessJson_StepsMatchExpectedSet" computerName="DESKTOP-NTADQTR" duration="00:00:00.0140146" startTime="2026-06-08T13:33:56.3806850+05:00" endTime="2026-06-08T13:33:56.3806852+05:00" testType="13cdc9d9-ddb5-4fa4-a97d-d965ccfc6d4b" outcome="Passed" testListId="8c84fa94-04c1-424b-9868-57a2d4851a1d" relativeResultsDirectory="504fb3a1-2f86-4170-93f3-696acca565ab" />
    <UnitTestResult executionId="6c3265a7-645d-445e-b878-feff44ac8d90" testId="17bbd0b6-9b48-5d98-6178-af45a2de6271" testName="Vantuz.Core.Tests.GuiPipelinePositiveVerificationTests.GuiPipeline_ExecutesWithoutPluginNotFoundCrash" computerName="DESKTOP-NTADQTR" duration="00:00:03.5840218" startTime="2026-06-08T13:33:59.8424458+05:00" endTime="2026-06-08T13:33:59.8424464+05:00" testType="13cdc9d9-ddb5-4fa4-a97d-d965ccfc6d4b" outcome="Passed" testListId="8c84fa94-04c1-424b-9868-57a2d4851a1d" relativeResultsDirectory="6c3265a7-645d-445e-b878-feff44ac8d90" />
    <UnitTestResult executionId="020526b7-147e-430e-b1ad-22727873adb2" testId="4852611b-0209-d6fb-14e1-c9b26927339e" testName="Vantuz.Core.Tests.LaunchArgumentValidationTests.GameLaunchCommand_MissingInstallDir_ReturnsFailureWithClearMessage" computerName="DESKTOP-NTADQTR" duration="00:00:00.0015707" startTime="2026-06-08T13:33:56.1802169+05:00" endTime="2026-06-08T13:33:56.1802174+05:00" testType="13cdc9d9-ddb5-4fa4-a97d-d965ccfc6d4b" outcome="Passed" testListId="8c84fa94-04c1-424b-9868-57a2d4851a1d" relativeResultsDirectory="020526b7-147e-430e-b1ad-22727873adb2" />
    <UnitTestResult executionId="76ced356-7994-4b37-8b3a-87198fd9afd4" testId="3ab3a265-65e5-6c60-d4c2-773914ebd1ce" testName="Vantuz.Core.Tests.PipelinePositiveVerificationTests.Headless_RunsAllSteps_AndLogsPositiveMarkers" computerName="DESKTOP-NTADQTR" duration="00:00:03.4595722" startTime="2026-06-08T13:33:59.7499233+05:00" endTime="2026-06-08T13:33:59.7499239+05:00" testType="13cdc9d9-ddb5-4fa4-a97d-d965ccfc6d4b" outcome="Failed" testListId="8c84fa94-04c1-424b-9868-57a2d4851a1d" relativeResultsDirectory="76ced356-7994-4b37-8b3a-87198fd9afd4">
      <Output>
        <ErrorInfo>
          <Message>Assert.Contains() Failure: Item not found in collection&#xD;
Collection: ["[DEBUG] Pipeline has 5 steps: Test.MockCredentialP"···, "[MOCK] Credentials auto-submitted for user: test_u"···, "[STEP] Test.MockCredentialProvider completed", "[TEST] Authentication successful (mock)", "[Auth.TestAuthCommand] 100,0%", ···]&#xD;
Not found:  "[STEP] Game.InstallerCommand completed"</Message>
          <StackTrace>   at Vantuz.Core.Tests.PipelinePositiveVerificationTests.Headless_RunsAllSteps_AndLogsPositiveMarkers() in c:\000\projects\compositum\Vantuz.Core.Tests\PipelinePositiveVerificationTests.cs:line 76&#xD;
--- End of stack trace from previous location ---</StackTrace>
        </ErrorInfo>
      </Output>
    </UnitTestResult>
    <UnitTestResult executionId="d944eef4-6ef9-4bc6-90c8-0ea0c3e8b173" testId="17064349-f04a-07ea-f999-43fea8de6e1c" testName="Vantuz.Core.Tests.PipelinePositiveVerificationTests.Manifest_NoUnresolvedPlaceholders(fileName: &quot;boot.minecraft.production.json&quot;)" computerName="DESKTOP-NTADQTR" duration="00:00:00.0015822" startTime="2026-06-08T13:33:56.3746016+05:00" endTime="2026-06-08T13:33:56.3746018+05:00" testType="13cdc9d9-ddb5-4fa4-a97d-d965ccfc6d4b" outcome="Passed" testListId="8c84fa94-04c1-424b-9868-57a2d4851a1d" relativeResultsDirectory="d944eef4-6ef9-4bc6-90c8-0ea0c3e8b173" />
    <UnitTestResult executionId="8fc2583b-26c9-471a-ab1a-4ced1b674f3f" testId="d3dac384-ae1f-5876-07f2-1bcf0e9f9683" testName="Vantuz.Core.Tests.VariableInterpolationTests.InterpolateVariables_DependentVariables_ResolvesInOrder" computerName="DESKTOP-NTADQTR" duration="00:00:00.0008296" startTime="2026-06-08T13:33:56.3732444+05:00" endTime="2026-06-08T13:33:56.3732445+05:00" testType="13cdc9d9-ddb5-4fa4-a97d-d965ccfc6d4b" outcome="Passed" testListId="8c84fa94-04c1-424b-9868-57a2d4851a1d" relativeResultsDirectory="8fc2583b-26c9-471a-ab1a-4ced1b674f3f" />
    <UnitTestResult executionId="470dff60-0f8c-454d-8e86-10c29a156a32" testId="2ede7db6-f9e3-8c2c-4030-c3ebeefecce1" testName="Vantuz.Core.Tests.VariableInterpolationTests.InterpolateVariables_ChainedDependencies_ResolvesTransitively" computerName="DESKTOP-NTADQTR" duration="00:00:00.0004131" startTime="2026-06-08T13:33:56.3733993+05:00" endTime="2026-06-08T13:33:56.3733995+05:00" testType="13cdc9d9-ddb5-4fa4-a97d-d965ccfc6d4b" outcome="Passed" testListId="8c84fa94-04c1-424b-9868-57a2d4851a1d" relativeResultsDirectory="470dff60-0f8c-454d-8e86-10c29a156a32" />
    <UnitTestResult executionId="1a889250-a866-40c6-b57e-aca2658d8ff0" testId="eea26664-1b21-7fc4-cfb6-14b6b0a52392" testName="Vantuz.Core.Tests.LaunchArgumentValidationTests.ExecuteCommand_UnresolvedPlaceholder_ReturnsFailureWithClearMessage" computerName="DESKTOP-NTADQTR" duration="00:00:00.0023717" startTime="2026-06-08T13:33:56.6352302+05:00" endTime="2026-06-08T13:33:56.6352309+05:00" testType="13cdc9d9-ddb5-4fa4-a97d-d965ccfc6d4b" outcome="Passed" testListId="8c84fa94-04c1-424b-9868-57a2d4851a1d" relativeResultsDirectory="1a889250-a866-40c6-b57e-aca2658d8ff0" />
    <UnitTestResult executionId="73b17933-2fcf-400b-83b2-d274ccfb2eb3" testId="8d9f625b-eca0-caaf-80b7-0208b4fb0a84" testName="Vantuz.Core.Tests.VariableInterpolationTests.InterpolateVariables_SpecialFolder_Resolves" computerName="DESKTOP-NTADQTR" duration="00:00:00.0003494" startTime="2026-06-08T13:33:56.3726473+05:00" endTime="2026-06-08T13:33:56.3726475+05:00" testType="13cdc9d9-ddb5-4fa4-a97d-d965ccfc6d4b" outcome="Passed" testListId="8c84fa94-04c1-424b-9868-57a2d4851a1d" relativeResultsDirectory="73b17933-2fcf-400b-83b2-d274ccfb2eb3" />
    <UnitTestResult executionId="1250724f-887a-4b07-af64-1308468b900f" testId="377fa45c-ab02-859b-ac30-5585751c9fce" testName="Vantuz.Core.Tests.LaunchArgumentValidationTests.GameLaunchCommand_UnresolvedInstallDir_FailsBeforeProvider" computerName="DESKTOP-NTADQTR" duration="00:00:00.0866360" startTime="2026-06-08T13:33:56.1784708+05:00" endTime="2026-06-08T13:33:56.1784714+05:00" testType="13cdc9d9-ddb5-4fa4-a97d-d965ccfc6d4b" outcome="Passed" testListId="8c84fa94-04c1-424b-9868-57a2d4851a1d" relativeResultsDirectory="1250724f-887a-4b07-af64-1308468b900f" />
    <UnitTestResult executionId="8b07679d-5f9d-4b4d-a355-2528ecbe5b19" testId="5db4cf82-8321-f730-2893-cc3c45813804" testName="Vantuz.Core.Tests.MinecraftGameProviderTests.CheckVersionAsync_VanillaComplete_ReturnsTrue" computerName="DESKTOP-NTADQTR" duration="00:00:00.0309211" startTime="2026-06-08T13:33:57.0342236+05:00" endTime="2026-06-08T13:33:57.0342242+05:00" testType="13cdc9d9-ddb5-4fa4-a97d-d965ccfc6d4b" outcome="Passed" testListId="8c84fa94-04c1-424b-9868-57a2d4851a1d" relativeResultsDirectory="8b07679d-5f9d-4b4d-a355-2528ecbe5b19" />
    <UnitTestResult executionId="52e944d9-5906-48da-a685-664e868e680b" testId="832ece00-ee0a-69a6-edd0-a3ed2f24d9d0" testName="Vantuz.Core.Tests.MinecraftGameProviderTests.ParseForgeVersion_StandardFormat_ReturnsCorrectTuple" computerName="DESKTOP-NTADQTR" duration="00:00:00.0009859" startTime="2026-06-08T13:33:56.8539390+05:00" endTime="2026-06-08T13:33:56.8539392+05:00" testType="13cdc9d9-ddb5-4fa4-a97d-d965ccfc6d4b" outcome="Passed" testListId="8c84fa94-04c1-424b-9868-57a2d4851a1d" relativeResultsDirectory="52e944d9-5906-48da-a685-664e868e680b" />
    <UnitTestResult executionId="8b4bd347-d7ad-40ba-b3ef-6302419187b4" testId="29af152b-9368-65cd-1274-6d4f24ccf49a" testName="Vantuz.Core.Tests.PipelinePositiveVerificationTests.Manifest_LaunchCommand_IsFollowedByExecuteCommand(fileName: &quot;boot.minecraft.production.json&quot;)" computerName="DESKTOP-NTADQTR" duration="00:00:00.0011746" startTime="2026-06-08T13:33:56.3811567+05:00" endTime="2026-06-08T13:33:56.3811568+05:00" testType="13cdc9d9-ddb5-4fa4-a97d-d965ccfc6d4b" outcome="Passed" testListId="8c84fa94-04c1-424b-9868-57a2d4851a1d" relativeResultsDirectory="8b4bd347-d7ad-40ba-b3ef-6302419187b4" />
    <UnitTestResult executionId="f96dd58c-d6e8-4386-a388-dbd76938e0ec" testId="caedb91e-215d-ab53-d2d2-ea06de83613b" testName="Vantuz.Core.Tests.VariableInterpolationTests.InterpolateVariables_EnvironmentVariable_Resolves" computerName="DESKTOP-NTADQTR" duration="00:00:00.0004334" startTime="2026-06-08T13:33:56.3735353+05:00" endTime="2026-06-08T13:33:56.3735355+05:00" testType="13cdc9d9-ddb5-4fa4-a97d-d965ccfc6d4b" outcome="Passed" testListId="8c84fa94-04c1-424b-9868-57a2d4851a1d" relativeResultsDirectory="f96dd58c-d6e8-4386-a388-dbd76938e0ec" />
    <UnitTestResult executionId="6c3d4722-daf3-4446-a2fb-318e94da0bcc" testId="32f63f73-7a95-9fa9-216d-6f69ff396a0e" testName="Vantuz.Core.Tests.MinecraftGameProviderTests.CheckVersionAsync_ForgeIncomplete_ReturnsFalse" computerName="DESKTOP-NTADQTR" duration="00:00:00.0621550" startTime="2026-06-08T13:33:56.6407658+05:00" endTime="2026-06-08T13:33:56.6407664+05:00" testType="13cdc9d9-ddb5-4fa4-a97d-d965ccfc6d4b" outcome="Passed" testListId="8c84fa94-04c1-424b-9868-57a2d4851a1d" relativeResultsDirectory="6c3d4722-daf3-4446-a2fb-318e94da0bcc" />
    <UnitTestResult executionId="e085e223-f685-491c-829e-d89b10c7c45b" testId="29e75204-ae1f-90d0-2658-3545ee5766ca" testName="Vantuz.Core.Tests.LaunchArgumentValidationTests.GameLaunchCommand_MissingJava_ReturnsFailureWithClearMessage" computerName="DESKTOP-NTADQTR" duration="00:00:00.0051228" startTime="2026-06-08T13:33:56.9906543+05:00" endTime="2026-06-08T13:33:56.9906549+05:00" testType="13cdc9d9-ddb5-4fa4-a97d-d965ccfc6d4b" outcome="Passed" testListId="8c84fa94-04c1-424b-9868-57a2d4851a1d" relativeResultsDirectory="e085e223-f685-491c-829e-d89b10c7c45b" />
    <UnitTestResult executionId="11fa9a19-0418-48b2-8ac2-d2cf0348c5ef" testId="5b2a8097-f07c-36bd-324a-bdc2320e5f2d" testName="Vantuz.Core.Tests.PipelinePositiveVerificationTests.Manifest_NoUnresolvedPlaceholders(fileName: &quot;boot.gui.json&quot;)" computerName="DESKTOP-NTADQTR" duration="00:00:00.1485900" startTime="2026-06-08T13:33:56.3744613+05:00" endTime="2026-06-08T13:33:56.3744616+05:00" testType="13cdc9d9-ddb5-4fa4-a97d-d965ccfc6d4b" outcome="Passed" testListId="8c84fa94-04c1-424b-9868-57a2d4851a1d" relativeResultsDirectory="11fa9a19-0418-48b2-8ac2-d2cf0348c5ef" />
    <UnitTestResult executionId="993c85b0-8e2c-44ed-85e4-14021a815366" testId="8f30efbc-7e3d-ab47-0825-e02fd91dce70" testName="Vantuz.Core.Tests.VariableInterpolationTests.InterpolateVariables_PayloadOverridesVariable" computerName="DESKTOP-NTADQTR" duration="00:00:00.0003524" startTime="2026-06-08T13:33:56.3737226+05:00" endTime="2026-06-08T13:33:56.3737228+05:00" testType="13cdc9d9-ddb5-4fa4-a97d-d965ccfc6d4b" outcome="Passed" testListId="8c84fa94-04c1-424b-9868-57a2d4851a1d" relativeResultsDirectory="993c85b0-8e2c-44ed-85e4-14021a815366" />
    <UnitTestResult executionId="c9c434b4-b556-463a-a968-0d05d6fc3fd7" testId="8ed1f628-546a-9be4-9711-360f50e39ac9" testName="Vantuz.Core.Tests.VariableInterpolationTests.InterpolateVariables_CircularDependency_DoesNotHang" computerName="DESKTOP-NTADQTR" duration="00:00:00.0004673" startTime="2026-06-08T13:33:56.2049561+05:00" endTime="2026-06-08T13:33:56.2049562+05:00" testType="13cdc9d9-ddb5-4fa4-a97d-d965ccfc6d4b" outcome="Passed" testListId="8c84fa94-04c1-424b-9868-57a2d4851a1d" relativeResultsDirectory="c9c434b4-b556-463a-a968-0d05d6fc3fd7" />
    <UnitTestResult executionId="c7725c1a-0a27-4722-b365-f57ccc017e02" testId="4e15d8b7-2cb0-fbe2-3892-686544d81391" testName="Vantuz.Core.Tests.MinecraftGameProviderTests.InstallVersionAsync_ForgePath_CallsLibraryResolver" computerName="DESKTOP-NTADQTR" duration="00:00:00.1502617" startTime="2026-06-08T13:33:57.0029387+05:00" endTime="2026-06-08T13:33:57.0029392+05:00" testType="13cdc9d9-ddb5-4fa4-a97d-d965ccfc6d4b" outcome="Passed" testListId="8c84fa94-04c1-424b-9868-57a2d4851a1d" relativeResultsDirectory="c7725c1a-0a27-4722-b365-f57ccc017e02" />
    <UnitTestResult executionId="03db274e-d640-4f14-9e6a-4dadb19aad48" testId="60f71c30-2701-977b-d59a-5eb8477cee78" testName="Vantuz.Core.Tests.GuiPipelinePositiveVerificationTests.BootGuiJson_StepsMatchExpectedSet" computerName="DESKTOP-NTADQTR" duration="00:00:00.0499241" startTime="2026-06-08T13:33:56.3808691+05:00" endTime="2026-06-08T13:33:56.3808692+05:00" testType="13cdc9d9-ddb5-4fa4-a97d-d965ccfc6d4b" outcome="Passed" testListId="8c84fa94-04c1-424b-9868-57a2d4851a1d" relativeResultsDirectory="03db274e-d640-4f14-9e6a-4dadb19aad48" />
    <UnitTestResult executionId="7dfb936a-d9d5-46d0-834b-22f595a1d915" testId="f8b02280-d58f-52cd-2ac9-ef5216be18cb" testName="Vantuz.Core.Tests.LaunchArgumentValidationTests.ExecuteCommand_DummyExecutable_ReturnsSuccess" computerName="DESKTOP-NTADQTR" duration="00:00:00.4505649" startTime="2026-06-08T13:33:56.6312809+05:00" endTime="2026-06-08T13:33:56.6312814+05:00" testType="13cdc9d9-ddb5-4fa4-a97d-d965ccfc6d4b" outcome="Passed" testListId="8c84fa94-04c1-424b-9868-57a2d4851a1d" relativeResultsDirectory="7dfb936a-d9d5-46d0-834b-22f595a1d915" />
    <UnitTestResult executionId="ee24bb9f-5a58-4faf-b964-a76ec0f8ebb3" testId="9c059e81-9071-1b78-15ed-b760acef5ff4" testName="Vantuz.Core.Tests.MinecraftGameProviderTests.CheckVersionAsync_ForgeComplete_ReturnsTrue" computerName="DESKTOP-NTADQTR" duration="00:00:00.3029253" startTime="2026-06-08T13:33:56.4490504+05:00" endTime="2026-06-08T13:33:56.4490510+05:00" testType="13cdc9d9-ddb5-4fa4-a97d-d965ccfc6d4b" outcome="Passed" testListId="8c84fa94-04c1-424b-9868-57a2d4851a1d" relativeResultsDirectory="ee24bb9f-5a58-4faf-b964-a76ec0f8ebb3" />
    <UnitTestResult executionId="71a6b2e2-7c17-490a-ad5f-e7e0460959b3" testId="27b965b8-38b6-bee5-51a3-ca4d6d05fb1a" testName="Vantuz.Core.Tests.CommandResultTests.Failure_Constructor_SetsProperties" computerName="DESKTOP-NTADQTR" duration="00:00:00.0204185" startTime="2026-06-08T13:33:56.1444629+05:00" endTime="2026-06-08T13:33:56.1444633+05:00" testType="13cdc9d9-ddb5-4fa4-a97d-d965ccfc6d4b" outcome="Passed" testListId="8c84fa94-04c1-424b-9868-57a2d4851a1d" relativeResultsDirectory="71a6b2e2-7c17-490a-ad5f-e7e0460959b3" />
    <UnitTestResult executionId="961e6a7d-365c-4622-aaf0-92ed49b8d9ed" testId="9d82f38f-4f42-5efe-d3a7-983c7c7ee93b" testName="Vantuz.Core.Tests.CommandResultTests.Success_Constructor_SetsProperties" computerName="DESKTOP-NTADQTR" duration="00:00:00.0073970" startTime="2026-06-08T13:33:56.1127368+05:00" endTime="2026-06-08T13:33:56.1128147+05:00" testType="13cdc9d9-ddb5-4fa4-a97d-d965ccfc6d4b" outcome="Passed" testListId="8c84fa94-04c1-424b-9868-57a2d4851a1d" relativeResultsDirectory="961e6a7d-365c-4622-aaf0-92ed49b8d9ed" />
    <UnitTestResult executionId="cdb7b79b-a7dd-437e-a922-53e40e3a87f0" testId="de27a3a4-5585-1811-f69a-d74b7b44037f" testName="Vantuz.Core.Tests.PipelinePositiveVerificationTests.Manifest_NoUnresolvedPlaceholders(fileName: &quot;boot.headless.json&quot;)" computerName="DESKTOP-NTADQTR" duration="00:00:00.0008053" startTime="2026-06-08T13:33:56.3747421+05:00" endTime="2026-06-08T13:33:56.3747422+05:00" testType="13cdc9d9-ddb5-4fa4-a97d-d965ccfc6d4b" outcome="Passed" testListId="8c84fa94-04c1-424b-9868-57a2d4851a1d" relativeResultsDirectory="cdb7b79b-a7dd-437e-a922-53e40e3a87f0" />
    <UnitTestResult executionId="8cf1de13-7f11-4f2e-a16e-af4fbc68ee28" testId="b176c4ce-c811-cce4-ac28-b5b7914e0234" testName="Vantuz.Core.Tests.MinecraftGameProviderTests.GameInstallerCommand_ForgeAlreadyInstalled_SkipsInstall" computerName="DESKTOP-NTADQTR" duration="00:00:00.1494232" startTime="2026-06-08T13:33:56.7894521+05:00" endTime="2026-06-08T13:33:56.7894526+05:00" testType="13cdc9d9-ddb5-4fa4-a97d-d965ccfc6d4b" outcome="Passed" testListId="8c84fa94-04c1-424b-9868-57a2d4851a1d" relativeResultsDirectory="8cf1de13-7f11-4f2e-a16e-af4fbc68ee28" />
    <UnitTestResult executionId="cfb043f9-88d5-4231-86bd-2646c33c5fed" testId="750abeff-0014-b470-5d16-6f124c7e2219" testName="Vantuz.Core.Tests.MinecraftGameProviderTests.CheckVersionAsync_ForgeBootstrapLauncherMissing_ReturnsFalse" computerName="DESKTOP-NTADQTR" duration="00:00:00.0561313" startTime="2026-06-08T13:33:56.8535181+05:00" endTime="2026-06-08T13:33:56.8535187+05:00" testType="13cdc9d9-ddb5-4fa4-a97d-d965ccfc6d4b" outcome="Passed" testListId="8c84fa94-04c1-424b-9868-57a2d4851a1d" relativeResultsDirectory="cfb043f9-88d5-4231-86bd-2646c33c5fed" />
    <UnitTestResult executionId="25df04ee-6a07-42a0-9c1c-1745208a474b" testId="5417a48c-7dc4-7e65-5dde-45f31da74186" testName="Vantuz.Core.Tests.GuiPipelinePositiveVerificationTests.GuiPipeline_ResolvesAllPlugins" computerName="DESKTOP-NTADQTR" duration="00:00:02.2237999" startTime="2026-06-08T13:34:02.0666803+05:00" endTime="2026-06-08T13:34:02.0666812+05:00" testType="13cdc9d9-ddb5-4fa4-a97d-d965ccfc6d4b" outcome="Passed" testListId="8c84fa94-04c1-424b-9868-57a2d4851a1d" relativeResultsDirectory="25df04ee-6a07-42a0-9c1c-1745208a474b" />
    <UnitTestResult executionId="181147e3-d724-4ec9-9234-4402a6a3ee11" testId="0f49cba4-113b-2eb7-96b2-923831f9ba8b" testName="Vantuz.Core.Tests.MinecraftGameProviderTests.CheckVersionAsync_VanillaIncomplete_ReturnsFalse" computerName="DESKTOP-NTADQTR" duration="00:00:00.0667597" startTime="2026-06-08T13:33:56.5774362+05:00" endTime="2026-06-08T13:33:56.5774368+05:00" testType="13cdc9d9-ddb5-4fa4-a97d-d965ccfc6d4b" outcome="Passed" testListId="8c84fa94-04c1-424b-9868-57a2d4851a1d" relativeResultsDirectory="181147e3-d724-4ec9-9234-4402a6a3ee11" />
    <UnitTestResult executionId="bfc6b0b7-b514-414d-a89b-2c7d5e0ec02e" testId="c51b34ef-4ac0-f70c-a4c5-b3f89b14361b" testName="Vantuz.Core.Tests.LaunchArgumentValidationTests.GameLaunchCommand_ResolvedInstallDir_GameArgsContainsNoPlaceholders" computerName="DESKTOP-NTADQTR" duration="00:00:00.3514238" startTime="2026-06-08T13:33:56.9859940+05:00" endTime="2026-06-08T13:33:56.9859944+05:00" testType="13cdc9d9-ddb5-4fa4-a97d-d965ccfc6d4b" outcome="Passed" testListId="8c84fa94-04c1-424b-9868-57a2d4851a1d" relativeResultsDirectory="bfc6b0b7-b514-414d-a89b-2c7d5e0ec02e" />
    <UnitTestResult executionId="6385a6ed-22df-400d-ad1a-e3eef894bc4d" testId="82ecfb8e-1b87-c4ea-86dc-025e57f653c8" testName="Vantuz.Core.Tests.MinecraftGameProviderTests.CheckVersionAsync_MissingVersion_ReturnsFalse" computerName="DESKTOP-NTADQTR" duration="00:00:00.0052461" startTime="2026-06-08T13:33:56.7948791+05:00" endTime="2026-06-08T13:33:56.7948796+05:00" testType="13cdc9d9-ddb5-4fa4-a97d-d965ccfc6d4b" outcome="Passed" testListId="8c84fa94-04c1-424b-9868-57a2d4851a1d" relativeResultsDirectory="6385a6ed-22df-400d-ad1a-e3eef894bc4d" />
  </Results>
  <TestDefinitions>
    <UnitTest name="Vantuz.Core.Tests.GuiPipelinePositiveVerificationTests.GuiPipeline_ResolvesAllPlugins" storage="c:\000\projects\compositum\vantuz.core.tests\bin\release\net8.0\vantuz.core.tests.dll" id="5417a48c-7dc4-7e65-5dde-45f31da74186">
      <Execution id="25df04ee-6a07-42a0-9c1c-1745208a474b" />
      <TestMethod codeBase="c:\000\projects\compositum\Vantuz.Core.Tests\bin\Release\net8.0\Vantuz.Core.Tests.dll" adapterTypeName="executor://xunit/VsTestRunner2/netcoreapp" className="Vantuz.Core.Tests.GuiPipelinePositiveVerificationTests" name="GuiPipeline_ResolvesAllPlugins" />
    </UnitTest>
    <UnitTest name="Vantuz.Core.Tests.PipelinePositiveVerificationTests.Manifest_NoUnresolvedPlaceholders(fileName: &quot;boot.minecraft.production.json&quot;)" storage="c:\000\projects\compositum\vantuz.core.tests\bin\release\net8.0\vantuz.core.tests.dll" id="17064349-f04a-07ea-f999-43fea8de6e1c">
      <Execution id="d944eef4-6ef9-4bc6-90c8-0ea0c3e8b173" />
      <TestMethod codeBase="c:\000\projects\compositum\Vantuz.Core.Tests\bin\Release\net8.0\Vantuz.Core.Tests.dll" adapterTypeName="executor://xunit/VsTestRunner2/netcoreapp" className="Vantuz.Core.Tests.PipelinePositiveVerificationTests" name="Manifest_NoUnresolvedPlaceholders" />
    </UnitTest>
    <UnitTest name="Vantuz.Core.Tests.MinecraftGameProviderTests.CheckVersionAsync_MissingVersion_ReturnsFalse" storage="c:\000\projects\compositum\vantuz.core.tests\bin\release\net8.0\vantuz.core.tests.dll" id="82ecfb8e-1b87-c4ea-86dc-025e57f653c8">
      <Execution id="6385a6ed-22df-400d-ad1a-e3eef894bc4d" />
      <TestMethod codeBase="c:\000\projects\compositum\Vantuz.Core.Tests\bin\Release\net8.0\Vantuz.Core.Tests.dll" adapterTypeName="executor://xunit/VsTestRunner2/netcoreapp" className="Vantuz.Core.Tests.MinecraftGameProviderTests" name="CheckVersionAsync_MissingVersion_ReturnsFalse" />
    </UnitTest>
    <UnitTest name="Vantuz.Core.Tests.CommandResultTests.Success_Constructor_SetsProperties" storage="c:\000\projects\compositum\vantuz.core.tests\bin\release\net8.0\vantuz.core.tests.dll" id="9d82f38f-4f42-5efe-d3a7-983c7c7ee93b">
      <Execution id="961e6a7d-365c-4622-aaf0-92ed49b8d9ed" />
      <TestMethod codeBase="c:\000\projects\compositum\Vantuz.Core.Tests\bin\Release\net8.0\Vantuz.Core.Tests.dll" adapterTypeName="executor://xunit/VsTestRunner2/netcoreapp" className="Vantuz.Core.Tests.CommandResultTests" name="Success_Constructor_SetsProperties" />
    </UnitTest>
    <UnitTest name="Vantuz.Core.Tests.VariableInterpolationTests.InterpolateVariables_CircularDependency_DoesNotHang" storage="c:\000\projects\compositum\vantuz.core.tests\bin\release\net8.0\vantuz.core.tests.dll" id="8ed1f628-546a-9be4-9711-360f50e39ac9">
      <Execution id="c9c434b4-b556-463a-a968-0d05d6fc3fd7" />
      <TestMethod codeBase="c:\000\projects\compositum\Vantuz.Core.Tests\bin\Release\net8.0\Vantuz.Core.Tests.dll" adapterTypeName="executor://xunit/VsTestRunner2/netcoreapp" className="Vantuz.Core.Tests.VariableInterpolationTests" name="InterpolateVariables_CircularDependency_DoesNotHang" />
    </UnitTest>
    <UnitTest name="Vantuz.Core.Tests.PipelinePositiveVerificationTests.Manifest_LaunchCommand_IsFollowedByExecuteCommand(fileName: &quot;boot.gui.json&quot;)" storage="c:\000\projects\compositum\vantuz.core.tests\bin\release\net8.0\vantuz.core.tests.dll" id="2fdd3774-7c85-360d-fa74-7441eadbcbf7">
      <Execution id="507f06b2-f0bf-41ee-b613-2e19543e15ed" />
      <TestMethod codeBase="c:\000\projects\compositum\Vantuz.Core.Tests\bin\Release\net8.0\Vantuz.Core.Tests.dll" adapterTypeName="executor://xunit/VsTestRunner2/netcoreapp" className="Vantuz.Core.Tests.PipelinePositiveVerificationTests" name="Manifest_LaunchCommand_IsFollowedByExecuteCommand" />
    </UnitTest>
    <UnitTest name="Vantuz.Core.Tests.PipelinePositiveVerificationTests.Manifest_NoUnresolvedPlaceholders(fileName: &quot;boot.headless.json&quot;)" storage="c:\000\projects\compositum\vantuz.core.tests\bin\release\net8.0\vantuz.core.tests.dll" id="de27a3a4-5585-1811-f69a-d74b7b44037f">
      <Execution id="cdb7b79b-a7dd-437e-a922-53e40e3a87f0" />
      <TestMethod codeBase="c:\000\projects\compositum\Vantuz.Core.Tests\bin\Release\net8.0\Vantuz.Core.Tests.dll" adapterTypeName="executor://xunit/VsTestRunner2/netcoreapp" className="Vantuz.Core.Tests.PipelinePositiveVerificationTests" name="Manifest_NoUnresolvedPlaceholders" />
    </UnitTest>
    <UnitTest name="Vantuz.Core.Tests.PipelinePositiveVerificationTests.Manifest_NoUnresolvedPlaceholders(fileName: &quot;boot.gui.json&quot;)" storage="c:\000\projects\compositum\vantuz.core.tests\bin\release\net8.0\vantuz.core.tests.dll" id="5b2a8097-f07c-36bd-324a-bdc2320e5f2d">
      <Execution id="11fa9a19-0418-48b2-8ac2-d2cf0348c5ef" />
      <TestMethod codeBase="c:\000\projects\compositum\Vantuz.Core.Tests\bin\Release\net8.0\Vantuz.Core.Tests.dll" adapterTypeName="executor://xunit/VsTestRunner2/netcoreapp" className="Vantuz.Core.Tests.PipelinePositiveVerificationTests" name="Manifest_NoUnresolvedPlaceholders" />
    </UnitTest>
    <UnitTest name="Vantuz.Core.Tests.PipelinePositiveVerificationTests.BootHeadlessJson_StepsMatchExpectedSet" storage="c:\000\projects\compositum\vantuz.core.tests\bin\release\net8.0\vantuz.core.tests.dll" id="184bf7b2-dc0f-4b9c-0917-ff393766eaa3">
      <Execution id="504fb3a1-2f86-4170-93f3-696acca565ab" />
      <TestMethod codeBase="c:\000\projects\compositum\Vantuz.Core.Tests\bin\Release\net8.0\Vantuz.Core.Tests.dll" adapterTypeName="executor://xunit/VsTestRunner2/netcoreapp" className="Vantuz.Core.Tests.PipelinePositiveVerificationTests" name="BootHeadlessJson_StepsMatchExpectedSet" />
    </UnitTest>
    <UnitTest name="Vantuz.Core.Tests.MinecraftGameProviderTests.InstallVersionAsync_ForgePath_CallsLibraryResolver" storage="c:\000\projects\compositum\vantuz.core.tests\bin\release\net8.0\vantuz.core.tests.dll" id="4e15d8b7-2cb0-fbe2-3892-686544d81391">
      <Execution id="c7725c1a-0a27-4722-b365-f57ccc017e02" />
      <TestMethod codeBase="c:\000\projects\compositum\Vantuz.Core.Tests\bin\Release\net8.0\Vantuz.Core.Tests.dll" adapterTypeName="executor://xunit/VsTestRunner2/netcoreapp" className="Vantuz.Core.Tests.MinecraftGameProviderTests" name="InstallVersionAsync_ForgePath_CallsLibraryResolver" />
    </UnitTest>
    <UnitTest name="Vantuz.Core.Tests.MinecraftGameProviderTests.GameInstallerCommand_ForgeAlreadyInstalled_SkipsInstall" storage="c:\000\projects\compositum\vantuz.core.tests\bin\release\net8.0\vantuz.core.tests.dll" id="b176c4ce-c811-cce4-ac28-b5b7914e0234">
      <Execution id="8cf1de13-7f11-4f2e-a16e-af4fbc68ee28" />
      <TestMethod codeBase="c:\000\projects\compositum\Vantuz.Core.Tests\bin\Release\net8.0\Vantuz.Core.Tests.dll" adapterTypeName="executor://xunit/VsTestRunner2/netcoreapp" className="Vantuz.Core.Tests.MinecraftGameProviderTests" name="GameInstallerCommand_ForgeAlreadyInstalled_SkipsInstall" />
    </UnitTest>
    <UnitTest name="Vantuz.Core.Tests.VariableInterpolationTests.InterpolateVariables_ChainedDependencies_ResolvesTransitively" storage="c:\000\projects\compositum\vantuz.core.tests\bin\release\net8.0\vantuz.core.tests.dll" id="2ede7db6-f9e3-8c2c-4030-c3ebeefecce1">
      <Execution id="470dff60-0f8c-454d-8e86-10c29a156a32" />
      <TestMethod codeBase="c:\000\projects\compositum\Vantuz.Core.Tests\bin\Release\net8.0\Vantuz.Core.Tests.dll" adapterTypeName="executor://xunit/VsTestRunner2/netcoreapp" className="Vantuz.Core.Tests.VariableInterpolationTests" name="InterpolateVariables_ChainedDependencies_ResolvesTransitively" />
    </UnitTest>
    <UnitTest name="Vantuz.Core.Tests.MinecraftGameProviderTests.CheckVersionAsync_ForgeBootstrapLauncherMissing_ReturnsFalse" storage="c:\000\projects\compositum\vantuz.core.tests\bin\release\net8.0\vantuz.core.tests.dll" id="750abeff-0014-b470-5d16-6f124c7e2219">
      <Execution id="cfb043f9-88d5-4231-86bd-2646c33c5fed" />
      <TestMethod codeBase="c:\000\projects\compositum\Vantuz.Core.Tests\bin\Release\net8.0\Vantuz.Core.Tests.dll" adapterTypeName="executor://xunit/VsTestRunner2/netcoreapp" className="Vantuz.Core.Tests.MinecraftGameProviderTests" name="CheckVersionAsync_ForgeBootstrapLauncherMissing_ReturnsFalse" />
    </UnitTest>
    <UnitTest name="Vantuz.Core.Tests.MinecraftGameProviderTests.CheckVersionAsync_VanillaIncomplete_ReturnsFalse" storage="c:\000\projects\compositum\vantuz.core.tests\bin\release\net8.0\vantuz.core.tests.dll" id="0f49cba4-113b-2eb7-96b2-923831f9ba8b">
      <Execution id="181147e3-d724-4ec9-9234-4402a6a3ee11" />
      <TestMethod codeBase="c:\000\projects\compositum\Vantuz.Core.Tests\bin\Release\net8.0\Vantuz.Core.Tests.dll" adapterTypeName="executor://xunit/VsTestRunner2/netcoreapp" className="Vantuz.Core.Tests.MinecraftGameProviderTests" name="CheckVersionAsync_VanillaIncomplete_ReturnsFalse" />
    </UnitTest>
    <UnitTest name="Vantuz.Core.Tests.VariableInterpolationTests.InterpolateVariables_EnvironmentVariable_Resolves" storage="c:\000\projects\compositum\vantuz.core.tests\bin\release\net8.0\vantuz.core.tests.dll" id="caedb91e-215d-ab53-d2d2-ea06de83613b">
      <Execution id="f96dd58c-d6e8-4386-a388-dbd76938e0ec" />
      <TestMethod codeBase="c:\000\projects\compositum\Vantuz.Core.Tests\bin\Release\net8.0\Vantuz.Core.Tests.dll" adapterTypeName="executor://xunit/VsTestRunner2/netcoreapp" className="Vantuz.Core.Tests.VariableInterpolationTests" name="InterpolateVariables_EnvironmentVariable_Resolves" />
    </UnitTest>
    <UnitTest name="Vantuz.Core.Tests.VariableInterpolationTests.InterpolateVariables_RealisticBootJson_NoUnresolvedPlaceholders" storage="c:\000\projects\compositum\vantuz.core.tests\bin\release\net8.0\vantuz.core.tests.dll" id="75cfac8b-3249-a70b-7150-059b815e7279">
      <Execution id="563d5405-1b83-49d4-9a41-bc68cc32619f" />
      <TestMethod codeBase="c:\000\projects\compositum\Vantuz.Core.Tests\bin\Release\net8.0\Vantuz.Core.Tests.dll" adapterTypeName="executor://xunit/VsTestRunner2/netcoreapp" className="Vantuz.Core.Tests.VariableInterpolationTests" name="InterpolateVariables_RealisticBootJson_NoUnresolvedPlaceholders" />
    </UnitTest>
    <UnitTest name="Vantuz.Core.Tests.LaunchArgumentValidationTests.ExecuteCommand_UnresolvedPlaceholder_ReturnsFailureWithClearMessage" storage="c:\000\projects\compositum\vantuz.core.tests\bin\release\net8.0\vantuz.core.tests.dll" id="eea26664-1b21-7fc4-cfb6-14b6b0a52392">
      <Execution id="1a889250-a866-40c6-b57e-aca2658d8ff0" />
      <TestMethod codeBase="c:\000\projects\compositum\Vantuz.Core.Tests\bin\Release\net8.0\Vantuz.Core.Tests.dll" adapterTypeName="executor://xunit/VsTestRunner2/netcoreapp" className="Vantuz.Core.Tests.LaunchArgumentValidationTests" name="ExecuteCommand_UnresolvedPlaceholder_ReturnsFailureWithClearMessage" />
    </UnitTest>
    <UnitTest name="Vantuz.Core.Tests.LaunchArgumentValidationTests.GameLaunchCommand_ResolvedInstallDir_GameArgsContainsNoPlaceholders" storage="c:\000\projects\compositum\vantuz.core.tests\bin\release\net8.0\vantuz.core.tests.dll" id="c51b34ef-4ac0-f70c-a4c5-b3f89b14361b">
      <Execution id="bfc6b0b7-b514-414d-a89b-2c7d5e0ec02e" />
      <TestMethod codeBase="c:\000\projects\compositum\Vantuz.Core.Tests\bin\Release\net8.0\Vantuz.Core.Tests.dll" adapterTypeName="executor://xunit/VsTestRunner2/netcoreapp" className="Vantuz.Core.Tests.LaunchArgumentValidationTests" name="GameLaunchCommand_ResolvedInstallDir_GameArgsContainsNoPlaceholders" />
    </UnitTest>
    <UnitTest name="Vantuz.Core.Tests.VariableInterpolationTests.InterpolateVariables_DependentVariables_ResolvesInOrder" storage="c:\000\projects\compositum\vantuz.core.tests\bin\release\net8.0\vantuz.core.tests.dll" id="d3dac384-ae1f-5876-07f2-1bcf0e9f9683">
      <Execution id="8fc2583b-26c9-471a-ab1a-4ced1b674f3f" />
      <TestMethod codeBase="c:\000\projects\compositum\Vantuz.Core.Tests\bin\Release\net8.0\Vantuz.Core.Tests.dll" adapterTypeName="executor://xunit/VsTestRunner2/netcoreapp" className="Vantuz.Core.Tests.VariableInterpolationTests" name="InterpolateVariables_DependentVariables_ResolvesInOrder" />
    </UnitTest>
    <UnitTest name="Vantuz.Core.Tests.MinecraftGameProviderTests.CheckVersionAsync_VanillaComplete_ReturnsTrue" storage="c:\000\projects\compositum\vantuz.core.tests\bin\release\net8.0\vantuz.core.tests.dll" id="5db4cf82-8321-f730-2893-cc3c45813804">
      <Execution id="8b07679d-5f9d-4b4d-a355-2528ecbe5b19" />
      <TestMethod codeBase="c:\000\projects\compositum\Vantuz.Core.Tests\bin\Release\net8.0\Vantuz.Core.Tests.dll" adapterTypeName="executor://xunit/VsTestRunner2/netcoreapp" className="Vantuz.Core.Tests.MinecraftGameProviderTests" name="CheckVersionAsync_VanillaComplete_ReturnsTrue" />
    </UnitTest>
    <UnitTest name="Vantuz.Core.Tests.VariableInterpolationTests.InterpolateVariables_PayloadOverridesVariable" storage="c:\000\projects\compositum\vantuz.core.tests\bin\release\net8.0\vantuz.core.tests.dll" id="8f30efbc-7e3d-ab47-0825-e02fd91dce70">
      <Execution id="993c85b0-8e2c-44ed-85e4-14021a815366" />
      <TestMethod codeBase="c:\000\projects\compositum\Vantuz.Core.Tests\bin\Release\net8.0\Vantuz.Core.Tests.dll" adapterTypeName="executor://xunit/VsTestRunner2/netcoreapp" className="Vantuz.Core.Tests.VariableInterpolationTests" name="InterpolateVariables_PayloadOverridesVariable" />
    </UnitTest>
    <UnitTest name="Vantuz.Core.Tests.GuiPipelinePositiveVerificationTests.BootGuiJson_StepsMatchExpectedSet" storage="c:\000\projects\compositum\vantuz.core.tests\bin\release\net8.0\vantuz.core.tests.dll" id="60f71c30-2701-977b-d59a-5eb8477cee78">
      <Execution id="03db274e-d640-4f14-9e6a-4dadb19aad48" />
      <TestMethod codeBase="c:\000\projects\compositum\Vantuz.Core.Tests\bin\Release\net8.0\Vantuz.Core.Tests.dll" adapterTypeName="executor://xunit/VsTestRunner2/netcoreapp" className="Vantuz.Core.Tests.GuiPipelinePositiveVerificationTests" name="BootGuiJson_StepsMatchExpectedSet" />
    </UnitTest>
    <UnitTest name="Vantuz.Core.Tests.MinecraftGameProviderTests.ParseForgeVersion_FallbackSplit_ReturnsCorrectTuple" storage="c:\000\projects\compositum\vantuz.core.tests\bin\release\net8.0\vantuz.core.tests.dll" id="8b3bf037-cef9-fafc-a3a4-5384c3a08276">
      <Execution id="36e56895-f196-4521-8f95-bea3dc35303b" />
      <TestMethod codeBase="c:\000\projects\compositum\Vantuz.Core.Tests\bin\Release\net8.0\Vantuz.Core.Tests.dll" adapterTypeName="executor://xunit/VsTestRunner2/netcoreapp" className="Vantuz.Core.Tests.MinecraftGameProviderTests" name="ParseForgeVersion_FallbackSplit_ReturnsCorrectTuple" />
    </UnitTest>
    <UnitTest name="Vantuz.Core.Tests.PipelinePositiveVerificationTests.Headless_RunsAllSteps_AndLogsPositiveMarkers" storage="c:\000\projects\compositum\vantuz.core.tests\bin\release\net8.0\vantuz.core.tests.dll" id="3ab3a265-65e5-6c60-d4c2-773914ebd1ce">
      <Execution id="76ced356-7994-4b37-8b3a-87198fd9afd4" />
      <TestMethod codeBase="c:\000\projects\compositum\Vantuz.Core.Tests\bin\Release\net8.0\Vantuz.Core.Tests.dll" adapterTypeName="executor://xunit/VsTestRunner2/netcoreapp" className="Vantuz.Core.Tests.PipelinePositiveVerificationTests" name="Headless_RunsAllSteps_AndLogsPositiveMarkers" />
    </UnitTest>
    <UnitTest name="Vantuz.Core.Tests.VariableInterpolationTests.InterpolateVariables_SpecialFolder_Resolves" storage="c:\000\projects\compositum\vantuz.core.tests\bin\release\net8.0\vantuz.core.tests.dll" id="8d9f625b-eca0-caaf-80b7-0208b4fb0a84">
      <Execution id="73b17933-2fcf-400b-83b2-d274ccfb2eb3" />
      <TestMethod codeBase="c:\000\projects\compositum\Vantuz.Core.Tests\bin\Release\net8.0\Vantuz.Core.Tests.dll" adapterTypeName="executor://xunit/VsTestRunner2/netcoreapp" className="Vantuz.Core.Tests.VariableInterpolationTests" name="InterpolateVariables_SpecialFolder_Resolves" />
    </UnitTest>
    <UnitTest name="Vantuz.Core.Tests.GuiPipelinePositiveVerificationTests.GuiPipeline_ExecutesWithoutPluginNotFoundCrash" storage="c:\000\projects\compositum\vantuz.core.tests\bin\release\net8.0\vantuz.core.tests.dll" id="17bbd0b6-9b48-5d98-6178-af45a2de6271">
      <Execution id="6c3265a7-645d-445e-b878-feff44ac8d90" />
      <TestMethod codeBase="c:\000\projects\compositum\Vantuz.Core.Tests\bin\Release\net8.0\Vantuz.Core.Tests.dll" adapterTypeName="executor://xunit/VsTestRunner2/netcoreapp" className="Vantuz.Core.Tests.GuiPipelinePositiveVerificationTests" name="GuiPipeline_ExecutesWithoutPluginNotFoundCrash" />
    </UnitTest>
    <UnitTest name="Vantuz.Core.Tests.LaunchArgumentValidationTests.ExecuteCommand_DummyExecutable_ReturnsSuccess" storage="c:\000\projects\compositum\vantuz.core.tests\bin\release\net8.0\vantuz.core.tests.dll" id="f8b02280-d58f-52cd-2ac9-ef5216be18cb">
      <Execution id="7dfb936a-d9d5-46d0-834b-22f595a1d915" />
      <TestMethod codeBase="c:\000\projects\compositum\Vantuz.Core.Tests\bin\Release\net8.0\Vantuz.Core.Tests.dll" adapterTypeName="executor://xunit/VsTestRunner2/netcoreapp" className="Vantuz.Core.Tests.LaunchArgumentValidationTests" name="ExecuteCommand_DummyExecutable_ReturnsSuccess" />
    </UnitTest>
    <UnitTest name="Vantuz.Core.Tests.LaunchArgumentValidationTests.GameLaunchCommand_MissingInstallDir_ReturnsFailureWithClearMessage" storage="c:\000\projects\compositum\vantuz.core.tests\bin\release\net8.0\vantuz.core.tests.dll" id="4852611b-0209-d6fb-14e1-c9b26927339e">
      <Execution id="020526b7-147e-430e-b1ad-22727873adb2" />
      <TestMethod codeBase="c:\000\projects\compositum\Vantuz.Core.Tests\bin\Release\net8.0\Vantuz.Core.Tests.dll" adapterTypeName="executor://xunit/VsTestRunner2/netcoreapp" className="Vantuz.Core.Tests.LaunchArgumentValidationTests" name="GameLaunchCommand_MissingInstallDir_ReturnsFailureWithClearMessage" />
    </UnitTest>
    <UnitTest name="Vantuz.Core.Tests.LaunchArgumentValidationTests.GameLaunchCommand_MissingJava_ReturnsFailureWithClearMessage" storage="c:\000\projects\compositum\vantuz.core.tests\bin\release\net8.0\vantuz.core.tests.dll" id="29e75204-ae1f-90d0-2658-3545ee5766ca">
      <Execution id="e085e223-f685-491c-829e-d89b10c7c45b" />
      <TestMethod codeBase="c:\000\projects\compositum\Vantuz.Core.Tests\bin\Release\net8.0\Vantuz.Core.Tests.dll" adapterTypeName="executor://xunit/VsTestRunner2/netcoreapp" className="Vantuz.Core.Tests.LaunchArgumentValidationTests" name="GameLaunchCommand_MissingJava_ReturnsFailureWithClearMessage" />
    </UnitTest>
    <UnitTest name="Vantuz.Core.Tests.MinecraftGameProviderTests.ParseForgeVersion_StandardFormat_ReturnsCorrectTuple" storage="c:\000\projects\compositum\vantuz.core.tests\bin\release\net8.0\vantuz.core.tests.dll" id="832ece00-ee0a-69a6-edd0-a3ed2f24d9d0">
      <Execution id="52e944d9-5906-48da-a685-664e868e680b" />
      <TestMethod codeBase="c:\000\projects\compositum\Vantuz.Core.Tests\bin\Release\net8.0\Vantuz.Core.Tests.dll" adapterTypeName="executor://xunit/VsTestRunner2/netcoreapp" className="Vantuz.Core.Tests.MinecraftGameProviderTests" name="ParseForgeVersion_StandardFormat_ReturnsCorrectTuple" />
    </UnitTest>
    <UnitTest name="Vantuz.Core.Tests.MinecraftGameProviderTests.CheckVersionAsync_ForgeComplete_ReturnsTrue" storage="c:\000\projects\compositum\vantuz.core.tests\bin\release\net8.0\vantuz.core.tests.dll" id="9c059e81-9071-1b78-15ed-b760acef5ff4">
      <Execution id="ee24bb9f-5a58-4faf-b964-a76ec0f8ebb3" />
      <TestMethod codeBase="c:\000\projects\compositum\Vantuz.Core.Tests\bin\Release\net8.0\Vantuz.Core.Tests.dll" adapterTypeName="executor://xunit/VsTestRunner2/netcoreapp" className="Vantuz.Core.Tests.MinecraftGameProviderTests" name="CheckVersionAsync_ForgeComplete_ReturnsTrue" />
    </UnitTest>
    <UnitTest name="Vantuz.Core.Tests.PipelinePositiveVerificationTests.Manifest_LaunchCommand_IsFollowedByExecuteCommand(fileName: &quot;boot.minecraft.production.json&quot;)" storage="c:\000\projects\compositum\vantuz.core.tests\bin\release\net8.0\vantuz.core.tests.dll" id="29af152b-9368-65cd-1274-6d4f24ccf49a">
      <Execution id="8b4bd347-d7ad-40ba-b3ef-6302419187b4" />
      <TestMethod codeBase="c:\000\projects\compositum\Vantuz.Core.Tests\bin\Release\net8.0\Vantuz.Core.Tests.dll" adapterTypeName="executor://xunit/VsTestRunner2/netcoreapp" className="Vantuz.Core.Tests.PipelinePositiveVerificationTests" name="Manifest_LaunchCommand_IsFollowedByExecuteCommand" />
    </UnitTest>
    <UnitTest name="Vantuz.Core.Tests.LaunchArgumentValidationTests.GameLaunchCommand_UnresolvedInstallDir_FailsBeforeProvider" storage="c:\000\projects\compositum\vantuz.core.tests\bin\release\net8.0\vantuz.core.tests.dll" id="377fa45c-ab02-859b-ac30-5585751c9fce">
      <Execution id="1250724f-887a-4b07-af64-1308468b900f" />
      <TestMethod codeBase="c:\000\projects\compositum\Vantuz.Core.Tests\bin\Release\net8.0\Vantuz.Core.Tests.dll" adapterTypeName="executor://xunit/VsTestRunner2/netcoreapp" className="Vantuz.Core.Tests.LaunchArgumentValidationTests" name="GameLaunchCommand_UnresolvedInstallDir_FailsBeforeProvider" />
    </UnitTest>
    <UnitTest name="Vantuz.Core.Tests.MinecraftGameProviderTests.CheckVersionAsync_ForgeIncomplete_ReturnsFalse" storage="c:\000\projects\compositum\vantuz.core.tests\bin\release\net8.0\vantuz.core.tests.dll" id="32f63f73-7a95-9fa9-216d-6f69ff396a0e">
      <Execution id="6c3d4722-daf3-4446-a2fb-318e94da0bcc" />
      <TestMethod codeBase="c:\000\projects\compositum\Vantuz.Core.Tests\bin\Release\net8.0\Vantuz.Core.Tests.dll" adapterTypeName="executor://xunit/VsTestRunner2/netcoreapp" className="Vantuz.Core.Tests.MinecraftGameProviderTests" name="CheckVersionAsync_ForgeIncomplete_ReturnsFalse" />
    </UnitTest>
    <UnitTest name="Vantuz.Core.Tests.CommandResultTests.Failure_Constructor_SetsProperties" storage="c:\000\projects\compositum\vantuz.core.tests\bin\release\net8.0\vantuz.core.tests.dll" id="27b965b8-38b6-bee5-51a3-ca4d6d05fb1a">
      <Execution id="71a6b2e2-7c17-490a-ad5f-e7e0460959b3" />
      <TestMethod codeBase="c:\000\projects\compositum\Vantuz.Core.Tests\bin\Release\net8.0\Vantuz.Core.Tests.dll" adapterTypeName="executor://xunit/VsTestRunner2/netcoreapp" className="Vantuz.Core.Tests.CommandResultTests" name="Failure_Constructor_SetsProperties" />
    </UnitTest>
  </TestDefinitions>
  <TestEntries>
    <TestEntry testId="8b3bf037-cef9-fafc-a3a4-5384c3a08276" executionId="36e56895-f196-4521-8f95-bea3dc35303b" testListId="8c84fa94-04c1-424b-9868-57a2d4851a1d" />
    <TestEntry testId="2fdd3774-7c85-360d-fa74-7441eadbcbf7" executionId="507f06b2-f0bf-41ee-b613-2e19543e15ed" testListId="8c84fa94-04c1-424b-9868-57a2d4851a1d" />
    <TestEntry testId="75cfac8b-3249-a70b-7150-059b815e7279" executionId="563d5405-1b83-49d4-9a41-bc68cc32619f" testListId="8c84fa94-04c1-424b-9868-57a2d4851a1d" />
    <TestEntry testId="184bf7b2-dc0f-4b9c-0917-ff393766eaa3" executionId="504fb3a1-2f86-4170-93f3-696acca565ab" testListId="8c84fa94-04c1-424b-9868-57a2d4851a1d" />
    <TestEntry testId="17bbd0b6-9b48-5d98-6178-af45a2de6271" executionId="6c3265a7-645d-445e-b878-feff44ac8d90" testListId="8c84fa94-04c1-424b-9868-57a2d4851a1d" />
    <TestEntry testId="4852611b-0209-d6fb-14e1-c9b26927339e" executionId="020526b7-147e-430e-b1ad-22727873adb2" testListId="8c84fa94-04c1-424b-9868-57a2d4851a1d" />
    <TestEntry testId="3ab3a265-65e5-6c60-d4c2-773914ebd1ce" executionId="76ced356-7994-4b37-8b3a-87198fd9afd4" testListId="8c84fa94-04c1-424b-9868-57a2d4851a1d" />
    <TestEntry testId="17064349-f04a-07ea-f999-43fea8de6e1c" executionId="d944eef4-6ef9-4bc6-90c8-0ea0c3e8b173" testListId="8c84fa94-04c1-424b-9868-57a2d4851a1d" />
    <TestEntry testId="d3dac384-ae1f-5876-07f2-1bcf0e9f9683" executionId="8fc2583b-26c9-471a-ab1a-4ced1b674f3f" testListId="8c84fa94-04c1-424b-9868-57a2d4851a1d" />
    <TestEntry testId="2ede7db6-f9e3-8c2c-4030-c3ebeefecce1" executionId="470dff60-0f8c-454d-8e86-10c29a156a32" testListId="8c84fa94-04c1-424b-9868-57a2d4851a1d" />
    <TestEntry testId="eea26664-1b21-7fc4-cfb6-14b6b0a52392" executionId="1a889250-a866-40c6-b57e-aca2658d8ff0" testListId="8c84fa94-04c1-424b-9868-57a2d4851a1d" />
    <TestEntry testId="8d9f625b-eca0-caaf-80b7-0208b4fb0a84" executionId="73b17933-2fcf-400b-83b2-d274ccfb2eb3" testListId="8c84fa94-04c1-424b-9868-57a2d4851a1d" />
    <TestEntry testId="377fa45c-ab02-859b-ac30-5585751c9fce" executionId="1250724f-887a-4b07-af64-1308468b900f" testListId="8c84fa94-04c1-424b-9868-57a2d4851a1d" />
    <TestEntry testId="5db4cf82-8321-f730-2893-cc3c45813804" executionId="8b07679d-5f9d-4b4d-a355-2528ecbe5b19" testListId="8c84fa94-04c1-424b-9868-57a2d4851a1d" />
    <TestEntry testId="832ece00-ee0a-69a6-edd0-a3ed2f24d9d0" executionId="52e944d9-5906-48da-a685-664e868e680b" testListId="8c84fa94-04c1-424b-9868-57a2d4851a1d" />
    <TestEntry testId="29af152b-9368-65cd-1274-6d4f24ccf49a" executionId="8b4bd347-d7ad-40ba-b3ef-6302419187b4" testListId="8c84fa94-04c1-424b-9868-57a2d4851a1d" />
    <TestEntry testId="caedb91e-215d-ab53-d2d2-ea06de83613b" executionId="f96dd58c-d6e8-4386-a388-dbd76938e0ec" testListId="8c84fa94-04c1-424b-9868-57a2d4851a1d" />
    <TestEntry testId="32f63f73-7a95-9fa9-216d-6f69ff396a0e" executionId="6c3d4722-daf3-4446-a2fb-318e94da0bcc" testListId="8c84fa94-04c1-424b-9868-57a2d4851a1d" />
    <TestEntry testId="29e75204-ae1f-90d0-2658-3545ee5766ca" executionId="e085e223-f685-491c-829e-d89b10c7c45b" testListId="8c84fa94-04c1-424b-9868-57a2d4851a1d" />
    <TestEntry testId="5b2a8097-f07c-36bd-324a-bdc2320e5f2d" executionId="11fa9a19-0418-48b2-8ac2-d2cf0348c5ef" testListId="8c84fa94-04c1-424b-9868-57a2d4851a1d" />
    <TestEntry testId="8f30efbc-7e3d-ab47-0825-e02fd91dce70" executionId="993c85b0-8e2c-44ed-85e4-14021a815366" testListId="8c84fa94-04c1-424b-9868-57a2d4851a1d" />
    <TestEntry testId="8ed1f628-546a-9be4-9711-360f50e39ac9" executionId="c9c434b4-b556-463a-a968-0d05d6fc3fd7" testListId="8c84fa94-04c1-424b-9868-57a2d4851a1d" />
    <TestEntry testId="4e15d8b7-2cb0-fbe2-3892-686544d81391" executionId="c7725c1a-0a27-4722-b365-f57ccc017e02" testListId="8c84fa94-04c1-424b-9868-57a2d4851a1d" />
    <TestEntry testId="60f71c30-2701-977b-d59a-5eb8477cee78" executionId="03db274e-d640-4f14-9e6a-4dadb19aad48" testListId="8c84fa94-04c1-424b-9868-57a2d4851a1d" />
    <TestEntry testId="f8b02280-d58f-52cd-2ac9-ef5216be18cb" executionId="7dfb936a-d9d5-46d0-834b-22f595a1d915" testListId="8c84fa94-04c1-424b-9868-57a2d4851a1d" />
    <TestEntry testId="9c059e81-9071-1b78-15ed-b760acef5ff4" executionId="ee24bb9f-5a58-4faf-b964-a76ec0f8ebb3" testListId="8c84fa94-04c1-424b-9868-57a2d4851a1d" />
    <TestEntry testId="27b965b8-38b6-bee5-51a3-ca4d6d05fb1a" executionId="71a6b2e2-7c17-490a-ad5f-e7e0460959b3" testListId="8c84fa94-04c1-424b-9868-57a2d4851a1d" />
    <TestEntry testId="9d82f38f-4f42-5efe-d3a7-983c7c7ee93b" executionId="961e6a7d-365c-4622-aaf0-92ed49b8d9ed" testListId="8c84fa94-04c1-424b-9868-57a2d4851a1d" />
    <TestEntry testId="de27a3a4-5585-1811-f69a-d74b7b44037f" executionId="cdb7b79b-a7dd-437e-a922-53e40e3a87f0" testListId="8c84fa94-04c1-424b-9868-57a2d4851a1d" />
    <TestEntry testId="b176c4ce-c811-cce4-ac28-b5b7914e0234" executionId="8cf1de13-7f11-4f2e-a16e-af4fbc68ee28" testListId="8c84fa94-04c1-424b-9868-57a2d4851a1d" />
    <TestEntry testId="750abeff-0014-b470-5d16-6f124c7e2219" executionId="cfb043f9-88d5-4231-86bd-2646c33c5fed" testListId="8c84fa94-04c1-424b-9868-57a2d4851a1d" />
    <TestEntry testId="5417a48c-7dc4-7e65-5dde-45f31da74186" executionId="25df04ee-6a07-42a0-9c1c-1745208a474b" testListId="8c84fa94-04c1-424b-9868-57a2d4851a1d" />
    <TestEntry testId="0f49cba4-113b-2eb7-96b2-923831f9ba8b" executionId="181147e3-d724-4ec9-9234-4402a6a3ee11" testListId="8c84fa94-04c1-424b-9868-57a2d4851a1d" />
    <TestEntry testId="c51b34ef-4ac0-f70c-a4c5-b3f89b14361b" executionId="bfc6b0b7-b514-414d-a89b-2c7d5e0ec02e" testListId="8c84fa94-04c1-424b-9868-57a2d4851a1d" />
    <TestEntry testId="82ecfb8e-1b87-c4ea-86dc-025e57f653c8" executionId="6385a6ed-22df-400d-ad1a-e3eef894bc4d" testListId="8c84fa94-04c1-424b-9868-57a2d4851a1d" />
  </TestEntries>
  <TestLists>
    <TestList name="Список результатов" id="8c84fa94-04c1-424b-9868-57a2d4851a1d" />
    <TestList name="Все загруженные результаты" id="19431567-8539-422a-85d7-44ee4e166bda" />
  </TestLists>
  <ResultSummary outcome="Failed">
    <Counters total="35" executed="35" passed="34" failed="1" error="0" timeout="0" aborted="0" inconclusive="0" passedButRunAborted="0" notRunnable="0" notExecuted="0" disconnected="0" warning="0" completed="0" inProgress="0" pending="0" />
    <Output>
      <StdOut>[xUnit.net 00:00:00.00] xUnit.net VSTest Adapter v2.5.7+8f2703126a (64-bit .NET 8.0.26)&#xD;
[xUnit.net 00:00:00.25]   Discovering: Vantuz.Core.Tests&#xD;
[xUnit.net 00:00:00.42]   Discovered:  Vantuz.Core.Tests&#xD;
[xUnit.net 00:00:00.43]   Starting:    Vantuz.Core.Tests&#xD;
[DIAG CheckVersionAsync] FORGE version=1.20.1-forge-47.3.0&#xD;
[DIAG CheckVersionAsync] jsonPath=C:\Users\1\AppData\Local\Temp\vantuz_mc_test_f0bac1c5bae14065acf75dfd0f31b028\.minecraft\versions\1.20.1-forge-47.3.0\1.20.1-forge-47.3.0.json, jsonExists=True&#xD;
[DIAG CheckVersionAsync] librariesOk=True, missingDetail=&#xD;
[DIAG CheckVersionAsync] versionExists=True&#xD;
[DIAG CheckVersionAsync] VANILLA version=1.20.1&#xD;
[DIAG CheckVersionAsync] jsonPath=C:\Users\1\AppData\Local\Temp\vantuz_mc_test_8457caf2da5c44af9cf27bcc794045e4\.minecraft\versions\1.20.1\1.20.1.json, jsonExists=True&#xD;
[DIAG CheckVersionAsync] jarPath=C:\Users\1\AppData\Local\Temp\vantuz_mc_test_8457caf2da5c44af9cf27bcc794045e4\.minecraft\versions\1.20.1\1.20.1.jar, jarExists=False&#xD;
[DIAG CheckVersionAsync] versionExists=False&#xD;
[DIAG CheckVersionAsync] FORGE version=1.20.1-forge-47.3.0&#xD;
[DIAG CheckVersionAsync] jsonPath=C:\Users\1\AppData\Local\Temp\vantuz_mc_test_c85542629a2049c89418a162e0c7d8fb\.minecraft\versions\1.20.1-forge-47.3.0\1.20.1-forge-47.3.0.json, jsonExists=True&#xD;
[DIAG CheckVersionAsync] librariesOk=False, missingDetail=missing or empty library: net.minecraftforge:fmlloader at C:\Users\1\AppData\Local\Temp\vantuz_mc_test_c85542629a2049c89418a162e0c7d8fb\.minecraft\libraries\net\minecraftforge\fmlloader\1.20.1-47.3.0\fmlloader-1.20.1-47.3.0.jar&#xD;
[DIAG CheckVersionAsync] versionExists=False&#xD;
[DIAG CheckVersionAsync] FORGE version=1.20.1-forge-47.3.0&#xD;
[DIAG CheckVersionAsync] jsonPath=C:\Users\1\AppData\Local\Temp\vantuz_mc_test_36c3fc8825054bf8ba89bd792f1501fc\.minecraft\versions\1.20.1-forge-47.3.0\1.20.1-forge-47.3.0.json, jsonExists=True&#xD;
[DIAG CheckVersionAsync] librariesOk=True, missingDetail=&#xD;
[DIAG CheckVersionAsync] versionExists=True&#xD;
[DIAG CheckVersionAsync] FORGE version=1.20.1-forge-47.3.0&#xD;
[DIAG CheckVersionAsync] jsonPath=C:\Users\1\AppData\Local\Temp\vantuz_mc_test_8867ebf27891478b877143a9e44752df\.minecraft\versions\1.20.1-forge-47.3.0\1.20.1-forge-47.3.0.json, jsonExists=False&#xD;
[DIAG CheckVersionAsync] librariesOk=False, missingDetail=version JSON missing&#xD;
[DIAG CheckVersionAsync] versionExists=False&#xD;
[DIAG CheckVersionAsync] FORGE version=1.20.1-forge-47.3.0&#xD;
[DIAG CheckVersionAsync] jsonPath=C:\Users\1\AppData\Local\Temp\vantuz_mc_test_7d7832d235d14928ba0c570967f7c28d\.minecraft\versions\1.20.1-forge-47.3.0\1.20.1-forge-47.3.0.json, jsonExists=True&#xD;
[DIAG CheckVersionAsync] librariesOk=False, missingDetail=missing or empty library: cpw.mods:bootstraplauncher at C:\Users\1\AppData\Local\Temp\vantuz_mc_test_7d7832d235d14928ba0c570967f7c28d\.minecraft\libraries\cpw\mods\bootstraplauncher\1.1.2\bootstraplauncher-1.1.2.jar&#xD;
[DIAG CheckVersionAsync] versionExists=False&#xD;
[DIAG InstallVersionAsync] Parsed: version=1.20.1-forge-47.3.0, mcVersion=1.20.1, forgeVersion=47.3.0, installDir=C:\Users\1\AppData\Local\Temp\vantuz_mc_test_165b8c9ad98a4ff3811bd2ab6ec20b46\.minecraft&#xD;
[DIAG InstallVersionAsync] ForgeInstaller timeout=0 min, SkipIfAlreadyInstalled=true&#xD;
[DIAG ForgeInstaller] Calling Install(mcVersion=1.20.1, forgeVersion=47.3.0)&#xD;
[DIAG ForgeInstaller] Install completed, returned=1.20.1-forge-47.3.0&#xD;
[DIAG InstallVersionAsync] Running launcher.InstallAsync(1.20.1-forge-47.3.0) to download libraries...&#xD;
[DIAG InstallVersionAsync] launcher.InstallAsync completed&#xD;
[DIAG InstallVersionAsync] Post-install verification PASSED&#xD;
[DIAG CheckVersionAsync] VANILLA version=1.20.1&#xD;
[DIAG CheckVersionAsync] jsonPath=C:\Users\1\AppData\Local\Temp\vantuz_mc_test_8d12888a7fca495e96a239cfd64a6e3c\.minecraft\versions\1.20.1\1.20.1.json, jsonExists=True&#xD;
[DIAG CheckVersionAsync] jarPath=C:\Users\1\AppData\Local\Temp\vantuz_mc_test_8d12888a7fca495e96a239cfd64a6e3c\.minecraft\versions\1.20.1\1.20.1.jar, jarExists=True&#xD;
[DIAG CheckVersionAsync] versionExists=True&#xD;
[xUnit.net 00:00:04.20]       Assert.Contains() Failure: Item not found in collection&#xD;
[xUnit.net 00:00:04.20]       Collection: ["[DEBUG] Pipeline has 5 steps: Test.MockCredentialP"···, "[MOCK] Credentials auto-submitted for user: test_u"···, "[STEP] Test.MockCredentialProvider completed", "[TEST] Authentication successful (mock)", "[Auth.TestAuthCommand] 100,0%", ···]&#xD;
[xUnit.net 00:00:04.20]       Not found:  "[STEP] Game.InstallerCommand completed"&#xD;
[xUnit.net 00:00:04.20]       Stack Trace:&#xD;
[xUnit.net 00:00:04.20]         c:\000\projects\compositum\Vantuz.Core.Tests\PipelinePositiveVerificationTests.cs(76,0): at Vantuz.Core.Tests.PipelinePositiveVerificationTests.Headless_RunsAllSteps_AndLogsPositiveMarkers()&#xD;
[xUnit.net 00:00:04.20]         --- End of stack trace from previous location ---&#xD;
[xUnit.net 00:00:06.53]   Finished:    Vantuz.Core.Tests&#xD;
</StdOut>
    </Output>
    <RunInfos>
      <RunInfo computerName="DESKTOP-NTADQTR" outcome="Error" timestamp="2026-06-08T13:33:59.7444311+05:00">
        <Text>[xUnit.net 00:00:04.20]     Vantuz.Core.Tests.PipelinePositiveVerificationTests.Headless_RunsAllSteps_AndLogsPositiveMarkers [FAIL]</Text>
      </RunInfo>
    </RunInfos>
  </ResultSummary>
</TestRun>