<?xml version="1.0" encoding="utf-8"?>
<TestRun id="3c7a89a4-a657-4cfd-ba8d-e05b6173c7c7" name="1@DESKTOP-NTADQTR 2026-06-07 14:46:01" runUser="DESKTOP-NTADQTR\1" xmlns="http://microsoft.com/schemas/VisualStudio/TeamTest/2010">
  <Times creation="2026-06-07T14:46:01.5275616+05:00" queuing="2026-06-07T14:46:01.5275621+05:00" start="2026-06-07T14:46:01.1344244+05:00" finish="2026-06-07T14:46:01.5289599+05:00" />
  <TestSettings name="default" id="d99ae6f6-00ab-4b07-8a50-49cc3d84bdca">
    <Deployment runDeploymentRoot="1_DESKTOP-NTADQTR_2026-06-07_14_46_01" />
  </TestSettings>
  <TestLists>
    <TestList name="Список результатов" id="8c84fa94-04c1-424b-9868-57a2d4851a1d" />
    <TestList name="Все загруженные результаты" id="19431567-8539-422a-85d7-44ee4e166bda" />
  </TestLists>
  <ResultSummary outcome="Failed">
    <Counters total="0" executed="0" passed="0" failed="0" error="0" timeout="0" aborted="0" inconclusive="0" passedButRunAborted="0" notRunnable="0" notExecuted="0" disconnected="0" warning="0" completed="0" inProgress="0" pending="0" />
    <Output>
      <StdOut>A fatal error was encountered. The library 'hostpolicy.dll' required to execute the application was not found in 'C:\Program Files\dotnet'.&#xD;
Failed to run as a self-contained app.&#xD;
  - The application was run as a self-contained app because 'c:\000\projects\compositum\Vantuz.Core.Tests\bin\Debug\net8.0\testhost.runtimeconfig.json' was not found.&#xD;
  - If this should be a framework-dependent app, add the 'c:\000\projects\compositum\Vantuz.Core.Tests\bin\Debug\net8.0\testhost.runtimeconfig.json' file and specify the appropriate framework.&#xD;
</StdOut>
    </Output>
    <RunInfos>
      <RunInfo computerName="DESKTOP-NTADQTR" outcome="Error" timestamp="2026-06-07T14:46:01.3980364+05:00">
        <Text>Процесс testhost для источника (-ов) c:\000\projects\compositum\Vantuz.Core.Tests\bin\Debug\net8.0\Vantuz.Core.Tests.dll завершился с ошибкой. A fatal error was encountered. The library 'hostpolicy.dll' required to execute the application was not found in 'C:\Program Files\dotnet'.&#xD;
Failed to run as a self-contained app.&#xD;
  - The application was run as a self-contained app because 'c:\000\projects\compositum\Vantuz.Core.Tests\bin\Debug\net8.0\testhost.runtimeconfig.json' was not found.&#xD;
  - If this should be a framework-dependent app, add the 'c:\000\projects\compositum\Vantuz.Core.Tests\bin\Debug\net8.0\testhost.runtimeconfig.json' file and specify the appropriate framework.&#xD;
Дополнительные сведения см. в журналах диагностики.</Text>
      </RunInfo>
    </RunInfos>
  </ResultSummary>
</TestRun>