<?xml version="1.0" encoding="utf-8"?>
<TestRun id="fba7460a-e479-495c-b1c6-af34ce1f8048" name="1@DESKTOP-NTADQTR 2026-06-07 13:34:59" runUser="DESKTOP-NTADQTR\1" xmlns="http://microsoft.com/schemas/VisualStudio/TeamTest/2010">
  <Times creation="2026-06-07T13:35:00.0205416+05:00" queuing="2026-06-07T13:35:00.0205421+05:00" start="2026-06-07T13:34:57.1119980+05:00" finish="2026-06-07T13:35:38.8123394+05:00" />
  <TestSettings name="default" id="21446c92-48da-4c2a-8b5e-940d75d41727">
    <Deployment runDeploymentRoot="1_DESKTOP-NTADQTR_2026-06-07_13_34_59" />
  </TestSettings>
  <Results>
    <UnitTestResult executionId="289b1e58-ab56-4bdf-93f0-84783ad69997" testId="184bf7b2-dc0f-4b9c-0917-ff393766eaa3" testName="Vantuz.Core.Tests.PipelinePositiveVerificationTests.BootHeadlessJson_StepsMatchExpectedSet" computerName="DESKTOP-NTADQTR" duration="00:00:00.0031944" startTime="2026-06-07T13:35:00.0454934+05:00" endTime="2026-06-07T13:35:00.0454935+05:00" testType="13cdc9d9-ddb5-4fa4-a97d-d965ccfc6d4b" outcome="Passed" testListId="8c84fa94-04c1-424b-9868-57a2d4851a1d" relativeResultsDirectory="289b1e58-ab56-4bdf-93f0-84783ad69997" />
    <UnitTestResult executionId="63814ca3-7087-4fad-9151-892a684a60b8" testId="2ede7db6-f9e3-8c2c-4030-c3ebeefecce1" testName="Vantuz.Core.Tests.VariableInterpolationTests.InterpolateVariables_ChainedDependencies_ResolvesTransitively" computerName="DESKTOP-NTADQTR" duration="00:00:00.0004418" startTime="2026-06-07T13:35:00.0413737+05:00" endTime="2026-06-07T13:35:00.0413739+05:00" testType="13cdc9d9-ddb5-4fa4-a97d-d965ccfc6d4b" outcome="Passed" testListId="8c84fa94-04c1-424b-9868-57a2d4851a1d" relativeResultsDirectory="63814ca3-7087-4fad-9151-892a684a60b8" />
    <UnitTestResult executionId="1fbddc67-3a1c-43e4-ba8c-3f62d216e9a8" testId="82ecfb8e-1b87-c4ea-86dc-025e57f653c8" testName="Vantuz.Core.Tests.MinecraftGameProviderTests.CheckVersionAsync_MissingVersion_ReturnsFalse" computerName="DESKTOP-NTADQTR" duration="00:00:00.0060151" startTime="2026-06-07T13:35:00.4906166+05:00" endTime="2026-06-07T13:35:00.4906171+05:00" testType="13cdc9d9-ddb5-4fa4-a97d-d965ccfc6d4b" outcome="Passed" testListId="8c84fa94-04c1-424b-9868-57a2d4851a1d" relativeResultsDirectory="1fbddc67-3a1c-43e4-ba8c-3f62d216e9a8" />
    <UnitTestResult executionId="e86f9598-6fa7-4419-a2f9-7171114eb37f" testId="3ab3a265-65e5-6c60-d4c2-773914ebd1ce" testName="Vantuz.Core.Tests.PipelinePositiveVerificationTests.Headless_RunsAllSteps_AndLogsPositiveMarkers" computerName="DESKTOP-NTADQTR" duration="00:00:06.1765960" startTime="2026-06-07T13:35:06.1085263+05:00" endTime="2026-06-07T13:35:06.1085267+05:00" testType="13cdc9d9-ddb5-4fa4-a97d-d965ccfc6d4b" outcome="Passed" testListId="8c84fa94-04c1-424b-9868-57a2d4851a1d" relativeResultsDirectory="e86f9598-6fa7-4419-a2f9-7171114eb37f" />
    <UnitTestResult executionId="6c31f31d-0f2a-4a90-adcd-b3c2d23bdf49" testId="29af152b-9368-65cd-1274-6d4f24ccf49a" testName="Vantuz.Core.Tests.PipelinePositiveVerificationTests.Manifest_LaunchCommand_IsFollowedByExecuteCommand(fileName: &quot;boot.minecraft.production.json&quot;)" computerName="DESKTOP-NTADQTR" duration="00:00:00.0010642" startTime="2026-06-07T13:35:00.0457538+05:00" endTime="2026-06-07T13:35:00.0457539+05:00" testType="13cdc9d9-ddb5-4fa4-a97d-d965ccfc6d4b" outcome="Passed" testListId="8c84fa94-04c1-424b-9868-57a2d4851a1d" relativeResultsDirectory="6c31f31d-0f2a-4a90-adcd-b3c2d23bdf49" />
    <UnitTestResult executionId="39333c70-93cd-4ac8-8d77-6b0760f849ea" testId="8f30efbc-7e3d-ab47-0825-e02fd91dce70" testName="Vantuz.Core.Tests.VariableInterpolationTests.InterpolateVariables_PayloadOverridesVariable" computerName="DESKTOP-NTADQTR" duration="00:00:00.0004750" startTime="2026-06-07T13:35:00.0417234+05:00" endTime="2026-06-07T13:35:00.0417235+05:00" testType="13cdc9d9-ddb5-4fa4-a97d-d965ccfc6d4b" outcome="Passed" testListId="8c84fa94-04c1-424b-9868-57a2d4851a1d" relativeResultsDirectory="39333c70-93cd-4ac8-8d77-6b0760f849ea" />
    <UnitTestResult executionId="b28eeb7d-be4d-4bf3-93a2-8c04b8188e2a" testId="ab5c9426-00bd-ded5-bb10-dd52f314a81c" testName="Vantuz.Core.Tests.GuiModeFunctionalTests.GeneratedBootJson_MatchesGuiManifest_GameVersion" computerName="DESKTOP-NTADQTR" duration="00:00:00.0022897" startTime="2026-06-07T13:34:59.9420988+05:00" endTime="2026-06-07T13:34:59.9420991+05:00" testType="13cdc9d9-ddb5-4fa4-a97d-d965ccfc6d4b" outcome="Passed" testListId="8c84fa94-04c1-424b-9868-57a2d4851a1d" relativeResultsDirectory="b28eeb7d-be4d-4bf3-93a2-8c04b8188e2a" />
    <UnitTestResult executionId="0c52b4b1-6c60-40fc-b3ed-d3c98e98292f" testId="c9ca4d7b-e0a1-0209-423b-deb7dda946f9" testName="Vantuz.Core.Tests.GuiModeProcessTests.GuiMode_ProcessKilled_NoZombieRemains" computerName="DESKTOP-NTADQTR" duration="00:00:04.9675577" startTime="2026-06-07T13:35:38.5993703+05:00" endTime="2026-06-07T13:35:38.5993706+05:00" testType="13cdc9d9-ddb5-4fa4-a97d-d965ccfc6d4b" outcome="Passed" testListId="8c84fa94-04c1-424b-9868-57a2d4851a1d" relativeResultsDirectory="0c52b4b1-6c60-40fc-b3ed-d3c98e98292f" />
    <UnitTestResult executionId="b5aa403f-ef73-4321-b88d-96c20900377f" testId="ce42e30e-97b2-6b7a-7fbe-110c861c48a4" testName="Vantuz.Core.Tests.HeadlessSmokeTests.BootJson_ParsesWithoutNullReference" computerName="DESKTOP-NTADQTR" duration="00:00:00.0115097" startTime="2026-06-07T13:35:00.0447865+05:00" endTime="2026-06-07T13:35:00.0447867+05:00" testType="13cdc9d9-ddb5-4fa4-a97d-d965ccfc6d4b" outcome="Passed" testListId="8c84fa94-04c1-424b-9868-57a2d4851a1d" relativeResultsDirectory="b5aa403f-ef73-4321-b88d-96c20900377f" />
    <UnitTestResult executionId="2ec0d9c0-470f-414e-9e26-50d2c5e2f1ad" testId="4852611b-0209-d6fb-14e1-c9b26927339e" testName="Vantuz.Core.Tests.LaunchArgumentValidationTests.GameLaunchCommand_MissingInstallDir_ReturnsFailureWithClearMessage" computerName="DESKTOP-NTADQTR" duration="00:00:00.0017025" startTime="2026-06-07T13:34:59.9413308+05:00" endTime="2026-06-07T13:34:59.9413310+05:00" testType="13cdc9d9-ddb5-4fa4-a97d-d965ccfc6d4b" outcome="Passed" testListId="8c84fa94-04c1-424b-9868-57a2d4851a1d" relativeResultsDirectory="2ec0d9c0-470f-414e-9e26-50d2c5e2f1ad" />
    <UnitTestResult executionId="68b2b43a-2e3d-423c-8d1d-a2824a8499b5" testId="5218aab3-91e5-4d02-6f4b-36bb8169aaad" testName="Vantuz.Core.Tests.GuiModeFunctionalTests.GuiManifest_GameVersion_IsValidForgeFormat" computerName="DESKTOP-NTADQTR" duration="00:00:00.0016864" startTime="2026-06-07T13:35:00.0410352+05:00" endTime="2026-06-07T13:35:00.0410353+05:00" testType="13cdc9d9-ddb5-4fa4-a97d-d965ccfc6d4b" outcome="Passed" testListId="8c84fa94-04c1-424b-9868-57a2d4851a1d" relativeResultsDirectory="68b2b43a-2e3d-423c-8d1d-a2824a8499b5" />
    <UnitTestResult executionId="aecbbaeb-9a76-4d3c-bdf5-a73c53fb2eaa" testId="de27a3a4-5585-1811-f69a-d74b7b44037f" testName="Vantuz.Core.Tests.PipelinePositiveVerificationTests.Manifest_NoUnresolvedPlaceholders(fileName: &quot;boot.headless.json&quot;)" computerName="DESKTOP-NTADQTR" duration="00:00:00.0006340" startTime="2026-06-07T13:35:00.0453025+05:00" endTime="2026-06-07T13:35:00.0453026+05:00" testType="13cdc9d9-ddb5-4fa4-a97d-d965ccfc6d4b" outcome="Passed" testListId="8c84fa94-04c1-424b-9868-57a2d4851a1d" relativeResultsDirectory="aecbbaeb-9a76-4d3c-bdf5-a73c53fb2eaa" />
    <UnitTestResult executionId="49212c61-ad53-43f0-88e9-b469ecb9ddbf" testId="60f71c30-2701-977b-d59a-5eb8477cee78" testName="Vantuz.Core.Tests.GuiPipelinePositiveVerificationTests.BootGuiJson_StepsMatchExpectedSet" computerName="DESKTOP-NTADQTR" duration="00:00:00.1498992" startTime="2026-06-07T13:34:59.9414844+05:00" endTime="2026-06-07T13:34:59.9414846+05:00" testType="13cdc9d9-ddb5-4fa4-a97d-d965ccfc6d4b" outcome="Passed" testListId="8c84fa94-04c1-424b-9868-57a2d4851a1d" relativeResultsDirectory="49212c61-ad53-43f0-88e9-b469ecb9ddbf" />
    <UnitTestResult executionId="7b023747-6bad-4d6c-9646-a8be21245df9" testId="6610700f-012b-0b62-cefd-986d8f87c629" testName="Vantuz.Core.Tests.GuiModeProcessTests.GuiMode_ProcessStarts_WindowAppearsWithin10Seconds" computerName="DESKTOP-NTADQTR" duration="00:00:14.5964106" startTime="2026-06-07T13:35:14.3227429+05:00" endTime="2026-06-07T13:35:14.3227436+05:00" testType="13cdc9d9-ddb5-4fa4-a97d-d965ccfc6d4b" outcome="Passed" testListId="8c84fa94-04c1-424b-9868-57a2d4851a1d" relativeResultsDirectory="7b023747-6bad-4d6c-9646-a8be21245df9" />
    <UnitTestResult executionId="dc0f55d3-7051-46ad-b6e2-5949424e3241" testId="f8b02280-d58f-52cd-2ac9-ef5216be18cb" testName="Vantuz.Core.Tests.LaunchArgumentValidationTests.ExecuteCommand_DummyExecutable_ReturnsSuccess" computerName="DESKTOP-NTADQTR" duration="00:00:01.0455336" startTime="2026-06-07T13:35:00.7179511+05:00" endTime="2026-06-07T13:35:00.7179517+05:00" testType="13cdc9d9-ddb5-4fa4-a97d-d965ccfc6d4b" outcome="Passed" testListId="8c84fa94-04c1-424b-9868-57a2d4851a1d" relativeResultsDirectory="dc0f55d3-7051-46ad-b6e2-5949424e3241" />
    <UnitTestResult executionId="eb33ec9d-c8ca-48cd-81b7-e04d61faa9e6" testId="d3dac384-ae1f-5876-07f2-1bcf0e9f9683" testName="Vantuz.Core.Tests.VariableInterpolationTests.InterpolateVariables_DependentVariables_ResolvesInOrder" computerName="DESKTOP-NTADQTR" duration="00:00:00.0011304" startTime="2026-06-07T13:35:00.0409691+05:00" endTime="2026-06-07T13:35:00.0409693+05:00" testType="13cdc9d9-ddb5-4fa4-a97d-d965ccfc6d4b" outcome="Passed" testListId="8c84fa94-04c1-424b-9868-57a2d4851a1d" relativeResultsDirectory="eb33ec9d-c8ca-48cd-81b7-e04d61faa9e6" />
    <UnitTestResult executionId="583e340a-7941-4e64-afff-b7993eb4618a" testId="75cfac8b-3249-a70b-7150-059b815e7279" testName="Vantuz.Core.Tests.VariableInterpolationTests.InterpolateVariables_RealisticBootJson_NoUnresolvedPlaceholders" computerName="DESKTOP-NTADQTR" duration="00:00:00.1591418" startTime="2026-06-07T13:34:59.9422560+05:00" endTime="2026-06-07T13:34:59.9422562+05:00" testType="13cdc9d9-ddb5-4fa4-a97d-d965ccfc6d4b" outcome="Passed" testListId="8c84fa94-04c1-424b-9868-57a2d4851a1d" relativeResultsDirectory="583e340a-7941-4e64-afff-b7993eb4618a" />
    <UnitTestResult executionId="a1d4aa49-5908-450c-babb-e9fbf327fd3c" testId="266b97bd-0a78-5b99-c908-e3c9177da4de" testName="Vantuz.Core.Tests.HeadlessSmokeTests.HeadlessSmokeTest_ExitsWithoutCriticalError" computerName="DESKTOP-NTADQTR" duration="00:00:06.3394623" startTime="2026-06-07T13:35:06.1801987+05:00" endTime="2026-06-07T13:35:06.1801992+05:00" testType="13cdc9d9-ddb5-4fa4-a97d-d965ccfc6d4b" outcome="Passed" testListId="8c84fa94-04c1-424b-9868-57a2d4851a1d" relativeResultsDirectory="a1d4aa49-5908-450c-babb-e9fbf327fd3c" />
    <UnitTestResult executionId="2e78d068-9ab7-4210-9ac0-37389357fe2d" testId="2fdd3774-7c85-360d-fa74-7441eadbcbf7" testName="Vantuz.Core.Tests.PipelinePositiveVerificationTests.Manifest_LaunchCommand_IsFollowedByExecuteCommand(fileName: &quot;boot.gui.json&quot;)" computerName="DESKTOP-NTADQTR" duration="00:00:00.0031667" startTime="2026-06-07T13:35:00.0456386+05:00" endTime="2026-06-07T13:35:00.0456387+05:00" testType="13cdc9d9-ddb5-4fa4-a97d-d965ccfc6d4b" outcome="Passed" testListId="8c84fa94-04c1-424b-9868-57a2d4851a1d" relativeResultsDirectory="2e78d068-9ab7-4210-9ac0-37389357fe2d" />
    <UnitTestResult executionId="e0ec1803-8f30-476f-abda-87a814858959" testId="bbf9895f-fa13-3232-0116-4a2bd9c02bb9" testName="Vantuz.Core.Tests.MinecraftGameProviderTests.CheckVersionAsync_ExistingVersion_ReturnsTrue" computerName="DESKTOP-NTADQTR" duration="00:00:00.2211495" startTime="2026-06-07T13:35:00.7132102+05:00" endTime="2026-06-07T13:35:00.7132106+05:00" testType="13cdc9d9-ddb5-4fa4-a97d-d965ccfc6d4b" outcome="Passed" testListId="8c84fa94-04c1-424b-9868-57a2d4851a1d" relativeResultsDirectory="e0ec1803-8f30-476f-abda-87a814858959" />
    <UnitTestResult executionId="6aa1bcb6-519e-45ae-ae2b-e5a507a2ac8e" testId="29e75204-ae1f-90d0-2658-3545ee5766ca" testName="Vantuz.Core.Tests.LaunchArgumentValidationTests.GameLaunchCommand_MissingJava_ReturnsFailureWithClearMessage" computerName="DESKTOP-NTADQTR" duration="00:00:00.0053118" startTime="2026-06-07T13:35:05.8674531+05:00" endTime="2026-06-07T13:35:05.8674536+05:00" testType="13cdc9d9-ddb5-4fa4-a97d-d965ccfc6d4b" outcome="Passed" testListId="8c84fa94-04c1-424b-9868-57a2d4851a1d" relativeResultsDirectory="6aa1bcb6-519e-45ae-ae2b-e5a507a2ac8e" />
    <UnitTestResult executionId="3958d57e-9f21-4c4d-8792-d20dc7eeb662" testId="27b965b8-38b6-bee5-51a3-ca4d6d05fb1a" testName="Vantuz.Core.Tests.CommandResultTests.Failure_Constructor_SetsProperties" computerName="DESKTOP-NTADQTR" duration="00:00:00.0181120" startTime="2026-06-07T13:34:59.6094385+05:00" endTime="2026-06-07T13:34:59.6094388+05:00" testType="13cdc9d9-ddb5-4fa4-a97d-d965ccfc6d4b" outcome="Passed" testListId="8c84fa94-04c1-424b-9868-57a2d4851a1d" relativeResultsDirectory="3958d57e-9f21-4c4d-8792-d20dc7eeb662" />
    <UnitTestResult executionId="b06c3fbe-509d-47a7-89eb-3e30d3c14ef1" testId="eea26664-1b21-7fc4-cfb6-14b6b0a52392" testName="Vantuz.Core.Tests.LaunchArgumentValidationTests.ExecuteCommand_UnresolvedPlaceholder_ReturnsFailureWithClearMessage" computerName="DESKTOP-NTADQTR" duration="00:00:00.0015112" startTime="2026-06-07T13:35:00.7196411+05:00" endTime="2026-06-07T13:35:00.7196415+05:00" testType="13cdc9d9-ddb5-4fa4-a97d-d965ccfc6d4b" outcome="Passed" testListId="8c84fa94-04c1-424b-9868-57a2d4851a1d" relativeResultsDirectory="b06c3fbe-509d-47a7-89eb-3e30d3c14ef1" />
    <UnitTestResult executionId="50863545-d165-4a78-9fc6-e6cd1d387281" testId="caedb91e-215d-ab53-d2d2-ea06de83613b" testName="Vantuz.Core.Tests.VariableInterpolationTests.InterpolateVariables_EnvironmentVariable_Resolves" computerName="DESKTOP-NTADQTR" duration="00:00:00.0004972" startTime="2026-06-07T13:35:00.0415695+05:00" endTime="2026-06-07T13:35:00.0415696+05:00" testType="13cdc9d9-ddb5-4fa4-a97d-d965ccfc6d4b" outcome="Passed" testListId="8c84fa94-04c1-424b-9868-57a2d4851a1d" relativeResultsDirectory="50863545-d165-4a78-9fc6-e6cd1d387281" />
    <UnitTestResult executionId="068fa94f-9c7c-4c1a-918d-de91b0a7f203" testId="3a83f0e2-c1cd-83c4-b0f6-7c8beacdc660" testName="Vantuz.Core.Tests.GuiModeFunctionalTests.AllManifests_HaveConsistentGameProvider" computerName="DESKTOP-NTADQTR" duration="00:00:00.0036877" startTime="2026-06-07T13:34:59.9446556+05:00" endTime="2026-06-07T13:34:59.9446560+05:00" testType="13cdc9d9-ddb5-4fa4-a97d-d965ccfc6d4b" outcome="Passed" testListId="8c84fa94-04c1-424b-9868-57a2d4851a1d" relativeResultsDirectory="068fa94f-9c7c-4c1a-918d-de91b0a7f203" />
    <UnitTestResult executionId="1cce8e97-ac93-44ee-b6c9-0c45f0cd7487" testId="b176c4ce-c811-cce4-ac28-b5b7914e0234" testName="Vantuz.Core.Tests.MinecraftGameProviderTests.GameInstallerCommand_ForgeAlreadyInstalled_SkipsInstall" computerName="DESKTOP-NTADQTR" duration="00:00:00.7495657" startTime="2026-06-07T13:35:00.4796320+05:00" endTime="2026-06-07T13:35:00.4796327+05:00" testType="13cdc9d9-ddb5-4fa4-a97d-d965ccfc6d4b" outcome="Passed" testListId="8c84fa94-04c1-424b-9868-57a2d4851a1d" relativeResultsDirectory="1cce8e97-ac93-44ee-b6c9-0c45f0cd7487" />
    <UnitTestResult executionId="1952d4fe-c391-465e-9ead-8aa546b6d49c" testId="8b3bf037-cef9-fafc-a3a4-5384c3a08276" testName="Vantuz.Core.Tests.MinecraftGameProviderTests.ParseForgeVersion_FallbackSplit_ReturnsCorrectTuple" computerName="DESKTOP-NTADQTR" duration="00:00:00.0003237" startTime="2026-06-07T13:35:00.7137120+05:00" endTime="2026-06-07T13:35:00.7137123+05:00" testType="13cdc9d9-ddb5-4fa4-a97d-d965ccfc6d4b" outcome="Passed" testListId="8c84fa94-04c1-424b-9868-57a2d4851a1d" relativeResultsDirectory="1952d4fe-c391-465e-9ead-8aa546b6d49c" />
    <UnitTestResult executionId="09f31df4-24de-42f7-ab6d-8f0f6e1a2c0b" testId="d358d99b-fd27-69b4-d693-f6f14e3eeb19" testName="Vantuz.Core.Tests.GuiModeFunctionalTests.Program_Loads_GuiManifest_NotTemplate" computerName="DESKTOP-NTADQTR" duration="00:00:00.1148112" startTime="2026-06-07T13:34:59.9418403+05:00" endTime="2026-06-07T13:34:59.9418405+05:00" testType="13cdc9d9-ddb5-4fa4-a97d-d965ccfc6d4b" outcome="Passed" testListId="8c84fa94-04c1-424b-9868-57a2d4851a1d" relativeResultsDirectory="09f31df4-24de-42f7-ab6d-8f0f6e1a2c0b" />
    <UnitTestResult executionId="d5a80e15-29bd-4981-a2a3-f8c665755350" testId="f8367f7a-9cce-e548-cd48-ef95c0e76341" testName="Vantuz.Core.Tests.GuiModeProcessTests.GuiMode_FullLaunch_NoApplicationInstanceErrorInTraceLog" computerName="DESKTOP-NTADQTR" duration="00:00:19.3072917" startTime="2026-06-07T13:35:33.6303809+05:00" endTime="2026-06-07T13:35:33.6303814+05:00" testType="13cdc9d9-ddb5-4fa4-a97d-d965ccfc6d4b" outcome="Passed" testListId="8c84fa94-04c1-424b-9868-57a2d4851a1d" relativeResultsDirectory="d5a80e15-29bd-4981-a2a3-f8c665755350" />
    <UnitTestResult executionId="d083d9d2-2cbc-4fe9-bd6b-600411eabe6c" testId="c51b34ef-4ac0-f70c-a4c5-b3f89b14361b" testName="Vantuz.Core.Tests.LaunchArgumentValidationTests.GameLaunchCommand_ResolvedInstallDir_GameArgsContainsNoPlaceholders" computerName="DESKTOP-NTADQTR" duration="00:00:05.1419537" startTime="2026-06-07T13:35:05.8619011+05:00" endTime="2026-06-07T13:35:05.8619016+05:00" testType="13cdc9d9-ddb5-4fa4-a97d-d965ccfc6d4b" outcome="Passed" testListId="8c84fa94-04c1-424b-9868-57a2d4851a1d" relativeResultsDirectory="d083d9d2-2cbc-4fe9-bd6b-600411eabe6c" />
    <UnitTestResult executionId="460172bb-0590-4f31-9c0f-6d269c319eb1" testId="8d9f625b-eca0-caaf-80b7-0208b4fb0a84" testName="Vantuz.Core.Tests.VariableInterpolationTests.InterpolateVariables_SpecialFolder_Resolves" computerName="DESKTOP-NTADQTR" duration="00:00:00.0005086" startTime="2026-06-07T13:34:59.9448322+05:00" endTime="2026-06-07T13:34:59.9448323+05:00" testType="13cdc9d9-ddb5-4fa4-a97d-d965ccfc6d4b" outcome="Passed" testListId="8c84fa94-04c1-424b-9868-57a2d4851a1d" relativeResultsDirectory="460172bb-0590-4f31-9c0f-6d269c319eb1" />
    <UnitTestResult executionId="fa015d0b-a746-4f21-a5f0-301f0df9bbd4" testId="5417a48c-7dc4-7e65-5dde-45f31da74186" testName="Vantuz.Core.Tests.GuiPipelinePositiveVerificationTests.GuiPipeline_ResolvesAllPlugins" computerName="DESKTOP-NTADQTR" duration="00:00:03.0163307" startTime="2026-06-07T13:35:08.2378283+05:00" endTime="2026-06-07T13:35:08.2378290+05:00" testType="13cdc9d9-ddb5-4fa4-a97d-d965ccfc6d4b" outcome="Passed" testListId="8c84fa94-04c1-424b-9868-57a2d4851a1d" relativeResultsDirectory="fa015d0b-a746-4f21-a5f0-301f0df9bbd4" />
    <UnitTestResult executionId="122e5d8b-26f6-4c6f-a2cd-890fa9b5e710" testId="17064349-f04a-07ea-f999-43fea8de6e1c" testName="Vantuz.Core.Tests.PipelinePositiveVerificationTests.Manifest_NoUnresolvedPlaceholders(fileName: &quot;boot.minecraft.production.json&quot;)" computerName="DESKTOP-NTADQTR" duration="00:00:00.0013011" startTime="2026-06-07T13:35:00.0451862+05:00" endTime="2026-06-07T13:35:00.0451864+05:00" testType="13cdc9d9-ddb5-4fa4-a97d-d965ccfc6d4b" outcome="Passed" testListId="8c84fa94-04c1-424b-9868-57a2d4851a1d" relativeResultsDirectory="122e5d8b-26f6-4c6f-a2cd-890fa9b5e710" />
    <UnitTestResult executionId="0d3353eb-9808-41ed-ae71-b2edb83e626e" testId="9d82f38f-4f42-5efe-d3a7-983c7c7ee93b" testName="Vantuz.Core.Tests.CommandResultTests.Success_Constructor_SetsProperties" computerName="DESKTOP-NTADQTR" duration="00:00:00.0078996" startTime="2026-06-07T13:34:59.5774925+05:00" endTime="2026-06-07T13:34:59.5775694+05:00" testType="13cdc9d9-ddb5-4fa4-a97d-d965ccfc6d4b" outcome="Passed" testListId="8c84fa94-04c1-424b-9868-57a2d4851a1d" relativeResultsDirectory="0d3353eb-9808-41ed-ae71-b2edb83e626e" />
    <UnitTestResult executionId="910e1b6d-d575-44b8-807d-5ee48da02c4b" testId="377fa45c-ab02-859b-ac30-5585751c9fce" testName="Vantuz.Core.Tests.LaunchArgumentValidationTests.GameLaunchCommand_UnresolvedInstallDir_FailsBeforeProvider" computerName="DESKTOP-NTADQTR" duration="00:00:00.1092232" startTime="2026-06-07T13:34:59.6700867+05:00" endTime="2026-06-07T13:34:59.6700874+05:00" testType="13cdc9d9-ddb5-4fa4-a97d-d965ccfc6d4b" outcome="Passed" testListId="8c84fa94-04c1-424b-9868-57a2d4851a1d" relativeResultsDirectory="910e1b6d-d575-44b8-807d-5ee48da02c4b" />
    <UnitTestResult executionId="df6cad5a-8e14-418a-98fe-38d67748f55e" testId="832ece00-ee0a-69a6-edd0-a3ed2f24d9d0" testName="Vantuz.Core.Tests.MinecraftGameProviderTests.ParseForgeVersion_StandardFormat_ReturnsCorrectTuple" computerName="DESKTOP-NTADQTR" duration="00:00:00.0010828" startTime="2026-06-07T13:35:00.4918770+05:00" endTime="2026-06-07T13:35:00.4918773+05:00" testType="13cdc9d9-ddb5-4fa4-a97d-d965ccfc6d4b" outcome="Passed" testListId="8c84fa94-04c1-424b-9868-57a2d4851a1d" relativeResultsDirectory="df6cad5a-8e14-418a-98fe-38d67748f55e" />
    <UnitTestResult executionId="f974dcf2-f057-4053-9e34-edb043dc53a5" testId="5b2a8097-f07c-36bd-324a-bdc2320e5f2d" testName="Vantuz.Core.Tests.PipelinePositiveVerificationTests.Manifest_NoUnresolvedPlaceholders(fileName: &quot;boot.gui.json&quot;)" computerName="DESKTOP-NTADQTR" duration="00:00:00.0058081" startTime="2026-06-07T13:35:00.0450684+05:00" endTime="2026-06-07T13:35:00.0450685+05:00" testType="13cdc9d9-ddb5-4fa4-a97d-d965ccfc6d4b" outcome="Passed" testListId="8c84fa94-04c1-424b-9868-57a2d4851a1d" relativeResultsDirectory="f974dcf2-f057-4053-9e34-edb043dc53a5" />
    <UnitTestResult executionId="0a2bdf45-ddb1-4dbe-ab52-5b5ac0599b4f" testId="17bbd0b6-9b48-5d98-6178-af45a2de6271" testName="Vantuz.Core.Tests.GuiPipelinePositiveVerificationTests.GuiPipeline_ExecutesWithoutPluginNotFoundCrash" computerName="DESKTOP-NTADQTR" duration="00:00:05.5102635" startTime="2026-06-07T13:35:05.2225171+05:00" endTime="2026-06-07T13:35:05.2225181+05:00" testType="13cdc9d9-ddb5-4fa4-a97d-d965ccfc6d4b" outcome="Passed" testListId="8c84fa94-04c1-424b-9868-57a2d4851a1d" relativeResultsDirectory="0a2bdf45-ddb1-4dbe-ab52-5b5ac0599b4f" />
    <UnitTestResult executionId="cbc06ccf-2fe3-4ea6-9948-569ffd5e4db1" testId="8ed1f628-546a-9be4-9711-360f50e39ac9" testName="Vantuz.Core.Tests.VariableInterpolationTests.InterpolateVariables_CircularDependency_DoesNotHang" computerName="DESKTOP-NTADQTR" duration="00:00:00.0009063" startTime="2026-06-07T13:34:59.9423993+05:00" endTime="2026-06-07T13:34:59.9423995+05:00" testType="13cdc9d9-ddb5-4fa4-a97d-d965ccfc6d4b" outcome="Passed" testListId="8c84fa94-04c1-424b-9868-57a2d4851a1d" relativeResultsDirectory="cbc06ccf-2fe3-4ea6-9948-569ffd5e4db1" />
  </Results>
  <TestDefinitions>
    <UnitTest name="Vantuz.Core.Tests.GuiPipelinePositiveVerificationTests.GuiPipeline_ResolvesAllPlugins" storage="c:\000\projects\compositum\vantuz.core.tests\bin\debug\net8.0\vantuz.core.tests.dll" id="5417a48c-7dc4-7e65-5dde-45f31da74186">
      <Execution id="fa015d0b-a746-4f21-a5f0-301f0df9bbd4" />
      <TestMethod codeBase="c:\000\projects\compositum\Vantuz.Core.Tests\bin\Debug\net8.0\Vantuz.Core.Tests.dll" adapterTypeName="executor://xunit/VsTestRunner2/netcoreapp" className="Vantuz.Core.Tests.GuiPipelinePositiveVerificationTests" name="GuiPipeline_ResolvesAllPlugins" />
    </UnitTest>
    <UnitTest name="Vantuz.Core.Tests.PipelinePositiveVerificationTests.Manifest_NoUnresolvedPlaceholders(fileName: &quot;boot.minecraft.production.json&quot;)" storage="c:\000\projects\compositum\vantuz.core.tests\bin\debug\net8.0\vantuz.core.tests.dll" id="17064349-f04a-07ea-f999-43fea8de6e1c">
      <Execution id="122e5d8b-26f6-4c6f-a2cd-890fa9b5e710" />
      <TestMethod codeBase="c:\000\projects\compositum\Vantuz.Core.Tests\bin\Debug\net8.0\Vantuz.Core.Tests.dll" adapterTypeName="executor://xunit/VsTestRunner2/netcoreapp" className="Vantuz.Core.Tests.PipelinePositiveVerificationTests" name="Manifest_NoUnresolvedPlaceholders" />
    </UnitTest>
    <UnitTest name="Vantuz.Core.Tests.MinecraftGameProviderTests.CheckVersionAsync_MissingVersion_ReturnsFalse" storage="c:\000\projects\compositum\vantuz.core.tests\bin\debug\net8.0\vantuz.core.tests.dll" id="82ecfb8e-1b87-c4ea-86dc-025e57f653c8">
      <Execution id="1fbddc67-3a1c-43e4-ba8c-3f62d216e9a8" />
      <TestMethod codeBase="c:\000\projects\compositum\Vantuz.Core.Tests\bin\Debug\net8.0\Vantuz.Core.Tests.dll" adapterTypeName="executor://xunit/VsTestRunner2/netcoreapp" className="Vantuz.Core.Tests.MinecraftGameProviderTests" name="CheckVersionAsync_MissingVersion_ReturnsFalse" />
    </UnitTest>
    <UnitTest name="Vantuz.Core.Tests.CommandResultTests.Success_Constructor_SetsProperties" storage="c:\000\projects\compositum\vantuz.core.tests\bin\debug\net8.0\vantuz.core.tests.dll" id="9d82f38f-4f42-5efe-d3a7-983c7c7ee93b">
      <Execution id="0d3353eb-9808-41ed-ae71-b2edb83e626e" />
      <TestMethod codeBase="c:\000\projects\compositum\Vantuz.Core.Tests\bin\Debug\net8.0\Vantuz.Core.Tests.dll" adapterTypeName="executor://xunit/VsTestRunner2/netcoreapp" className="Vantuz.Core.Tests.CommandResultTests" name="Success_Constructor_SetsProperties" />
    </UnitTest>
    <UnitTest name="Vantuz.Core.Tests.VariableInterpolationTests.InterpolateVariables_CircularDependency_DoesNotHang" storage="c:\000\projects\compositum\vantuz.core.tests\bin\debug\net8.0\vantuz.core.tests.dll" id="8ed1f628-546a-9be4-9711-360f50e39ac9">
      <Execution id="cbc06ccf-2fe3-4ea6-9948-569ffd5e4db1" />
      <TestMethod codeBase="c:\000\projects\compositum\Vantuz.Core.Tests\bin\Debug\net8.0\Vantuz.Core.Tests.dll" adapterTypeName="executor://xunit/VsTestRunner2/netcoreapp" className="Vantuz.Core.Tests.VariableInterpolationTests" name="InterpolateVariables_CircularDependency_DoesNotHang" />
    </UnitTest>
    <UnitTest name="Vantuz.Core.Tests.PipelinePositiveVerificationTests.Manifest_LaunchCommand_IsFollowedByExecuteCommand(fileName: &quot;boot.gui.json&quot;)" storage="c:\000\projects\compositum\vantuz.core.tests\bin\debug\net8.0\vantuz.core.tests.dll" id="2fdd3774-7c85-360d-fa74-7441eadbcbf7">
      <Execution id="2e78d068-9ab7-4210-9ac0-37389357fe2d" />
      <TestMethod codeBase="c:\000\projects\compositum\Vantuz.Core.Tests\bin\Debug\net8.0\Vantuz.Core.Tests.dll" adapterTypeName="executor://xunit/VsTestRunner2/netcoreapp" className="Vantuz.Core.Tests.PipelinePositiveVerificationTests" name="Manifest_LaunchCommand_IsFollowedByExecuteCommand" />
    </UnitTest>
    <UnitTest name="Vantuz.Core.Tests.PipelinePositiveVerificationTests.Manifest_NoUnresolvedPlaceholders(fileName: &quot;boot.headless.json&quot;)" storage="c:\000\projects\compositum\vantuz.core.tests\bin\debug\net8.0\vantuz.core.tests.dll" id="de27a3a4-5585-1811-f69a-d74b7b44037f">
      <Execution id="aecbbaeb-9a76-4d3c-bdf5-a73c53fb2eaa" />
      <TestMethod codeBase="c:\000\projects\compositum\Vantuz.Core.Tests\bin\Debug\net8.0\Vantuz.Core.Tests.dll" adapterTypeName="executor://xunit/VsTestRunner2/netcoreapp" className="Vantuz.Core.Tests.PipelinePositiveVerificationTests" name="Manifest_NoUnresolvedPlaceholders" />
    </UnitTest>
    <UnitTest name="Vantuz.Core.Tests.PipelinePositiveVerificationTests.Manifest_NoUnresolvedPlaceholders(fileName: &quot;boot.gui.json&quot;)" storage="c:\000\projects\compositum\vantuz.core.tests\bin\debug\net8.0\vantuz.core.tests.dll" id="5b2a8097-f07c-36bd-324a-bdc2320e5f2d">
      <Execution id="f974dcf2-f057-4053-9e34-edb043dc53a5" />
      <TestMethod codeBase="c:\000\projects\compositum\Vantuz.Core.Tests\bin\Debug\net8.0\Vantuz.Core.Tests.dll" adapterTypeName="executor://xunit/VsTestRunner2/netcoreapp" className="Vantuz.Core.Tests.PipelinePositiveVerificationTests" name="Manifest_NoUnresolvedPlaceholders" />
    </UnitTest>
    <UnitTest name="Vantuz.Core.Tests.PipelinePositiveVerificationTests.BootHeadlessJson_StepsMatchExpectedSet" storage="c:\000\projects\compositum\vantuz.core.tests\bin\debug\net8.0\vantuz.core.tests.dll" id="184bf7b2-dc0f-4b9c-0917-ff393766eaa3">
      <Execution id="289b1e58-ab56-4bdf-93f0-84783ad69997" />
      <TestMethod codeBase="c:\000\projects\compositum\Vantuz.Core.Tests\bin\Debug\net8.0\Vantuz.Core.Tests.dll" adapterTypeName="executor://xunit/VsTestRunner2/netcoreapp" className="Vantuz.Core.Tests.PipelinePositiveVerificationTests" name="BootHeadlessJson_StepsMatchExpectedSet" />
    </UnitTest>
    <UnitTest name="Vantuz.Core.Tests.MinecraftGameProviderTests.GameInstallerCommand_ForgeAlreadyInstalled_SkipsInstall" storage="c:\000\projects\compositum\vantuz.core.tests\bin\debug\net8.0\vantuz.core.tests.dll" id="b176c4ce-c811-cce4-ac28-b5b7914e0234">
      <Execution id="1cce8e97-ac93-44ee-b6c9-0c45f0cd7487" />
      <TestMethod codeBase="c:\000\projects\compositum\Vantuz.Core.Tests\bin\Debug\net8.0\Vantuz.Core.Tests.dll" adapterTypeName="executor://xunit/VsTestRunner2/netcoreapp" className="Vantuz.Core.Tests.MinecraftGameProviderTests" name="GameInstallerCommand_ForgeAlreadyInstalled_SkipsInstall" />
    </UnitTest>
    <UnitTest name="Vantuz.Core.Tests.VariableInterpolationTests.InterpolateVariables_ChainedDependencies_ResolvesTransitively" storage="c:\000\projects\compositum\vantuz.core.tests\bin\debug\net8.0\vantuz.core.tests.dll" id="2ede7db6-f9e3-8c2c-4030-c3ebeefecce1">
      <Execution id="63814ca3-7087-4fad-9151-892a684a60b8" />
      <TestMethod codeBase="c:\000\projects\compositum\Vantuz.Core.Tests\bin\Debug\net8.0\Vantuz.Core.Tests.dll" adapterTypeName="executor://xunit/VsTestRunner2/netcoreapp" className="Vantuz.Core.Tests.VariableInterpolationTests" name="InterpolateVariables_ChainedDependencies_ResolvesTransitively" />
    </UnitTest>
    <UnitTest name="Vantuz.Core.Tests.VariableInterpolationTests.InterpolateVariables_EnvironmentVariable_Resolves" storage="c:\000\projects\compositum\vantuz.core.tests\bin\debug\net8.0\vantuz.core.tests.dll" id="caedb91e-215d-ab53-d2d2-ea06de83613b">
      <Execution id="50863545-d165-4a78-9fc6-e6cd1d387281" />
      <TestMethod codeBase="c:\000\projects\compositum\Vantuz.Core.Tests\bin\Debug\net8.0\Vantuz.Core.Tests.dll" adapterTypeName="executor://xunit/VsTestRunner2/netcoreapp" className="Vantuz.Core.Tests.VariableInterpolationTests" name="InterpolateVariables_EnvironmentVariable_Resolves" />
    </UnitTest>
    <UnitTest name="Vantuz.Core.Tests.VariableInterpolationTests.InterpolateVariables_RealisticBootJson_NoUnresolvedPlaceholders" storage="c:\000\projects\compositum\vantuz.core.tests\bin\debug\net8.0\vantuz.core.tests.dll" id="75cfac8b-3249-a70b-7150-059b815e7279">
      <Execution id="583e340a-7941-4e64-afff-b7993eb4618a" />
      <TestMethod codeBase="c:\000\projects\compositum\Vantuz.Core.Tests\bin\Debug\net8.0\Vantuz.Core.Tests.dll" adapterTypeName="executor://xunit/VsTestRunner2/netcoreapp" className="Vantuz.Core.Tests.VariableInterpolationTests" name="InterpolateVariables_RealisticBootJson_NoUnresolvedPlaceholders" />
    </UnitTest>
    <UnitTest name="Vantuz.Core.Tests.LaunchArgumentValidationTests.ExecuteCommand_UnresolvedPlaceholder_ReturnsFailureWithClearMessage" storage="c:\000\projects\compositum\vantuz.core.tests\bin\debug\net8.0\vantuz.core.tests.dll" id="eea26664-1b21-7fc4-cfb6-14b6b0a52392">
      <Execution id="b06c3fbe-509d-47a7-89eb-3e30d3c14ef1" />
      <TestMethod codeBase="c:\000\projects\compositum\Vantuz.Core.Tests\bin\Debug\net8.0\Vantuz.Core.Tests.dll" adapterTypeName="executor://xunit/VsTestRunner2/netcoreapp" className="Vantuz.Core.Tests.LaunchArgumentValidationTests" name="ExecuteCommand_UnresolvedPlaceholder_ReturnsFailureWithClearMessage" />
    </UnitTest>
    <UnitTest name="Vantuz.Core.Tests.GuiModeProcessTests.GuiMode_ProcessStarts_WindowAppearsWithin10Seconds" storage="c:\000\projects\compositum\vantuz.core.tests\bin\debug\net8.0\vantuz.core.tests.dll" id="6610700f-012b-0b62-cefd-986d8f87c629">
      <Execution id="7b023747-6bad-4d6c-9646-a8be21245df9" />
      <TestMethod codeBase="c:\000\projects\compositum\Vantuz.Core.Tests\bin\Debug\net8.0\Vantuz.Core.Tests.dll" adapterTypeName="executor://xunit/VsTestRunner2/netcoreapp" className="Vantuz.Core.Tests.GuiModeProcessTests" name="GuiMode_ProcessStarts_WindowAppearsWithin10Seconds" />
    </UnitTest>
    <UnitTest name="Vantuz.Core.Tests.LaunchArgumentValidationTests.GameLaunchCommand_ResolvedInstallDir_GameArgsContainsNoPlaceholders" storage="c:\000\projects\compositum\vantuz.core.tests\bin\debug\net8.0\vantuz.core.tests.dll" id="c51b34ef-4ac0-f70c-a4c5-b3f89b14361b">
      <Execution id="d083d9d2-2cbc-4fe9-bd6b-600411eabe6c" />
      <TestMethod codeBase="c:\000\projects\compositum\Vantuz.Core.Tests\bin\Debug\net8.0\Vantuz.Core.Tests.dll" adapterTypeName="executor://xunit/VsTestRunner2/netcoreapp" className="Vantuz.Core.Tests.LaunchArgumentValidationTests" name="GameLaunchCommand_ResolvedInstallDir_GameArgsContainsNoPlaceholders" />
    </UnitTest>
    <UnitTest name="Vantuz.Core.Tests.VariableInterpolationTests.InterpolateVariables_DependentVariables_ResolvesInOrder" storage="c:\000\projects\compositum\vantuz.core.tests\bin\debug\net8.0\vantuz.core.tests.dll" id="d3dac384-ae1f-5876-07f2-1bcf0e9f9683">
      <Execution id="eb33ec9d-c8ca-48cd-81b7-e04d61faa9e6" />
      <TestMethod codeBase="c:\000\projects\compositum\Vantuz.Core.Tests\bin\Debug\net8.0\Vantuz.Core.Tests.dll" adapterTypeName="executor://xunit/VsTestRunner2/netcoreapp" className="Vantuz.Core.Tests.VariableInterpolationTests" name="InterpolateVariables_DependentVariables_ResolvesInOrder" />
    </UnitTest>
    <UnitTest name="Vantuz.Core.Tests.HeadlessSmokeTests.HeadlessSmokeTest_ExitsWithoutCriticalError" storage="c:\000\projects\compositum\vantuz.core.tests\bin\debug\net8.0\vantuz.core.tests.dll" id="266b97bd-0a78-5b99-c908-e3c9177da4de">
      <Execution id="a1d4aa49-5908-450c-babb-e9fbf327fd3c" />
      <TestMethod codeBase="c:\000\projects\compositum\Vantuz.Core.Tests\bin\Debug\net8.0\Vantuz.Core.Tests.dll" adapterTypeName="executor://xunit/VsTestRunner2/netcoreapp" className="Vantuz.Core.Tests.HeadlessSmokeTests" name="HeadlessSmokeTest_ExitsWithoutCriticalError" />
    </UnitTest>
    <UnitTest name="Vantuz.Core.Tests.VariableInterpolationTests.InterpolateVariables_PayloadOverridesVariable" storage="c:\000\projects\compositum\vantuz.core.tests\bin\debug\net8.0\vantuz.core.tests.dll" id="8f30efbc-7e3d-ab47-0825-e02fd91dce70">
      <Execution id="39333c70-93cd-4ac8-8d77-6b0760f849ea" />
      <TestMethod codeBase="c:\000\projects\compositum\Vantuz.Core.Tests\bin\Debug\net8.0\Vantuz.Core.Tests.dll" adapterTypeName="executor://xunit/VsTestRunner2/netcoreapp" className="Vantuz.Core.Tests.VariableInterpolationTests" name="InterpolateVariables_PayloadOverridesVariable" />
    </UnitTest>
    <UnitTest name="Vantuz.Core.Tests.GuiModeFunctionalTests.GuiManifest_GameVersion_IsValidForgeFormat" storage="c:\000\projects\compositum\vantuz.core.tests\bin\debug\net8.0\vantuz.core.tests.dll" id="5218aab3-91e5-4d02-6f4b-36bb8169aaad">
      <Execution id="68b2b43a-2e3d-423c-8d1d-a2824a8499b5" />
      <TestMethod codeBase="c:\000\projects\compositum\Vantuz.Core.Tests\bin\Debug\net8.0\Vantuz.Core.Tests.dll" adapterTypeName="executor://xunit/VsTestRunner2/netcoreapp" className="Vantuz.Core.Tests.GuiModeFunctionalTests" name="GuiManifest_GameVersion_IsValidForgeFormat" />
    </UnitTest>
    <UnitTest name="Vantuz.Core.Tests.GuiPipelinePositiveVerificationTests.BootGuiJson_StepsMatchExpectedSet" storage="c:\000\projects\compositum\vantuz.core.tests\bin\debug\net8.0\vantuz.core.tests.dll" id="60f71c30-2701-977b-d59a-5eb8477cee78">
      <Execution id="49212c61-ad53-43f0-88e9-b469ecb9ddbf" />
      <TestMethod codeBase="c:\000\projects\compositum\Vantuz.Core.Tests\bin\Debug\net8.0\Vantuz.Core.Tests.dll" adapterTypeName="executor://xunit/VsTestRunner2/netcoreapp" className="Vantuz.Core.Tests.GuiPipelinePositiveVerificationTests" name="BootGuiJson_StepsMatchExpectedSet" />
    </UnitTest>
    <UnitTest name="Vantuz.Core.Tests.MinecraftGameProviderTests.ParseForgeVersion_FallbackSplit_ReturnsCorrectTuple" storage="c:\000\projects\compositum\vantuz.core.tests\bin\debug\net8.0\vantuz.core.tests.dll" id="8b3bf037-cef9-fafc-a3a4-5384c3a08276">
      <Execution id="1952d4fe-c391-465e-9ead-8aa546b6d49c" />
      <TestMethod codeBase="c:\000\projects\compositum\Vantuz.Core.Tests\bin\Debug\net8.0\Vantuz.Core.Tests.dll" adapterTypeName="executor://xunit/VsTestRunner2/netcoreapp" className="Vantuz.Core.Tests.MinecraftGameProviderTests" name="ParseForgeVersion_FallbackSplit_ReturnsCorrectTuple" />
    </UnitTest>
    <UnitTest name="Vantuz.Core.Tests.PipelinePositiveVerificationTests.Headless_RunsAllSteps_AndLogsPositiveMarkers" storage="c:\000\projects\compositum\vantuz.core.tests\bin\debug\net8.0\vantuz.core.tests.dll" id="3ab3a265-65e5-6c60-d4c2-773914ebd1ce">
      <Execution id="e86f9598-6fa7-4419-a2f9-7171114eb37f" />
      <TestMethod codeBase="c:\000\projects\compositum\Vantuz.Core.Tests\bin\Debug\net8.0\Vantuz.Core.Tests.dll" adapterTypeName="executor://xunit/VsTestRunner2/netcoreapp" className="Vantuz.Core.Tests.PipelinePositiveVerificationTests" name="Headless_RunsAllSteps_AndLogsPositiveMarkers" />
    </UnitTest>
    <UnitTest name="Vantuz.Core.Tests.VariableInterpolationTests.InterpolateVariables_SpecialFolder_Resolves" storage="c:\000\projects\compositum\vantuz.core.tests\bin\debug\net8.0\vantuz.core.tests.dll" id="8d9f625b-eca0-caaf-80b7-0208b4fb0a84">
      <Execution id="460172bb-0590-4f31-9c0f-6d269c319eb1" />
      <TestMethod codeBase="c:\000\projects\compositum\Vantuz.Core.Tests\bin\Debug\net8.0\Vantuz.Core.Tests.dll" adapterTypeName="executor://xunit/VsTestRunner2/netcoreapp" className="Vantuz.Core.Tests.VariableInterpolationTests" name="InterpolateVariables_SpecialFolder_Resolves" />
    </UnitTest>
    <UnitTest name="Vantuz.Core.Tests.MinecraftGameProviderTests.CheckVersionAsync_ExistingVersion_ReturnsTrue" storage="c:\000\projects\compositum\vantuz.core.tests\bin\debug\net8.0\vantuz.core.tests.dll" id="bbf9895f-fa13-3232-0116-4a2bd9c02bb9">
      <Execution id="e0ec1803-8f30-476f-abda-87a814858959" />
      <TestMethod codeBase="c:\000\projects\compositum\Vantuz.Core.Tests\bin\Debug\net8.0\Vantuz.Core.Tests.dll" adapterTypeName="executor://xunit/VsTestRunner2/netcoreapp" className="Vantuz.Core.Tests.MinecraftGameProviderTests" name="CheckVersionAsync_ExistingVersion_ReturnsTrue" />
    </UnitTest>
    <UnitTest name="Vantuz.Core.Tests.GuiPipelinePositiveVerificationTests.GuiPipeline_ExecutesWithoutPluginNotFoundCrash" storage="c:\000\projects\compositum\vantuz.core.tests\bin\debug\net8.0\vantuz.core.tests.dll" id="17bbd0b6-9b48-5d98-6178-af45a2de6271">
      <Execution id="0a2bdf45-ddb1-4dbe-ab52-5b5ac0599b4f" />
      <TestMethod codeBase="c:\000\projects\compositum\Vantuz.Core.Tests\bin\Debug\net8.0\Vantuz.Core.Tests.dll" adapterTypeName="executor://xunit/VsTestRunner2/netcoreapp" className="Vantuz.Core.Tests.GuiPipelinePositiveVerificationTests" name="GuiPipeline_ExecutesWithoutPluginNotFoundCrash" />
    </UnitTest>
    <UnitTest name="Vantuz.Core.Tests.LaunchArgumentValidationTests.ExecuteCommand_DummyExecutable_ReturnsSuccess" storage="c:\000\projects\compositum\vantuz.core.tests\bin\debug\net8.0\vantuz.core.tests.dll" id="f8b02280-d58f-52cd-2ac9-ef5216be18cb">
      <Execution id="dc0f55d3-7051-46ad-b6e2-5949424e3241" />
      <TestMethod codeBase="c:\000\projects\compositum\Vantuz.Core.Tests\bin\Debug\net8.0\Vantuz.Core.Tests.dll" adapterTypeName="executor://xunit/VsTestRunner2/netcoreapp" className="Vantuz.Core.Tests.LaunchArgumentValidationTests" name="ExecuteCommand_DummyExecutable_ReturnsSuccess" />
    </UnitTest>
    <UnitTest name="Vantuz.Core.Tests.GuiModeProcessTests.GuiMode_ProcessKilled_NoZombieRemains" storage="c:\000\projects\compositum\vantuz.core.tests\bin\debug\net8.0\vantuz.core.tests.dll" id="c9ca4d7b-e0a1-0209-423b-deb7dda946f9">
      <Execution id="0c52b4b1-6c60-40fc-b3ed-d3c98e98292f" />
      <TestMethod codeBase="c:\000\projects\compositum\Vantuz.Core.Tests\bin\Debug\net8.0\Vantuz.Core.Tests.dll" adapterTypeName="executor://xunit/VsTestRunner2/netcoreapp" className="Vantuz.Core.Tests.GuiModeProcessTests" name="GuiMode_ProcessKilled_NoZombieRemains" />
    </UnitTest>
    <UnitTest name="Vantuz.Core.Tests.LaunchArgumentValidationTests.GameLaunchCommand_MissingInstallDir_ReturnsFailureWithClearMessage" storage="c:\000\projects\compositum\vantuz.core.tests\bin\debug\net8.0\vantuz.core.tests.dll" id="4852611b-0209-d6fb-14e1-c9b26927339e">
      <Execution id="2ec0d9c0-470f-414e-9e26-50d2c5e2f1ad" />
      <TestMethod codeBase="c:\000\projects\compositum\Vantuz.Core.Tests\bin\Debug\net8.0\Vantuz.Core.Tests.dll" adapterTypeName="executor://xunit/VsTestRunner2/netcoreapp" className="Vantuz.Core.Tests.LaunchArgumentValidationTests" name="GameLaunchCommand_MissingInstallDir_ReturnsFailureWithClearMessage" />
    </UnitTest>
    <UnitTest name="Vantuz.Core.Tests.LaunchArgumentValidationTests.GameLaunchCommand_MissingJava_ReturnsFailureWithClearMessage" storage="c:\000\projects\compositum\vantuz.core.tests\bin\debug\net8.0\vantuz.core.tests.dll" id="29e75204-ae1f-90d0-2658-3545ee5766ca">
      <Execution id="6aa1bcb6-519e-45ae-ae2b-e5a507a2ac8e" />
      <TestMethod codeBase="c:\000\projects\compositum\Vantuz.Core.Tests\bin\Debug\net8.0\Vantuz.Core.Tests.dll" adapterTypeName="executor://xunit/VsTestRunner2/netcoreapp" className="Vantuz.Core.Tests.LaunchArgumentValidationTests" name="GameLaunchCommand_MissingJava_ReturnsFailureWithClearMessage" />
    </UnitTest>
    <UnitTest name="Vantuz.Core.Tests.MinecraftGameProviderTests.ParseForgeVersion_StandardFormat_ReturnsCorrectTuple" storage="c:\000\projects\compositum\vantuz.core.tests\bin\debug\net8.0\vantuz.core.tests.dll" id="832ece00-ee0a-69a6-edd0-a3ed2f24d9d0">
      <Execution id="df6cad5a-8e14-418a-98fe-38d67748f55e" />
      <TestMethod codeBase="c:\000\projects\compositum\Vantuz.Core.Tests\bin\Debug\net8.0\Vantuz.Core.Tests.dll" adapterTypeName="executor://xunit/VsTestRunner2/netcoreapp" className="Vantuz.Core.Tests.MinecraftGameProviderTests" name="ParseForgeVersion_StandardFormat_ReturnsCorrectTuple" />
    </UnitTest>
    <UnitTest name="Vantuz.Core.Tests.GuiModeProcessTests.GuiMode_FullLaunch_NoApplicationInstanceErrorInTraceLog" storage="c:\000\projects\compositum\vantuz.core.tests\bin\debug\net8.0\vantuz.core.tests.dll" id="f8367f7a-9cce-e548-cd48-ef95c0e76341">
      <Execution id="d5a80e15-29bd-4981-a2a3-f8c665755350" />
      <TestMethod codeBase="c:\000\projects\compositum\Vantuz.Core.Tests\bin\Debug\net8.0\Vantuz.Core.Tests.dll" adapterTypeName="executor://xunit/VsTestRunner2/netcoreapp" className="Vantuz.Core.Tests.GuiModeProcessTests" name="GuiMode_FullLaunch_NoApplicationInstanceErrorInTraceLog" />
    </UnitTest>
    <UnitTest name="Vantuz.Core.Tests.GuiModeFunctionalTests.AllManifests_HaveConsistentGameProvider" storage="c:\000\projects\compositum\vantuz.core.tests\bin\debug\net8.0\vantuz.core.tests.dll" id="3a83f0e2-c1cd-83c4-b0f6-7c8beacdc660">
      <Execution id="068fa94f-9c7c-4c1a-918d-de91b0a7f203" />
      <TestMethod codeBase="c:\000\projects\compositum\Vantuz.Core.Tests\bin\Debug\net8.0\Vantuz.Core.Tests.dll" adapterTypeName="executor://xunit/VsTestRunner2/netcoreapp" className="Vantuz.Core.Tests.GuiModeFunctionalTests" name="AllManifests_HaveConsistentGameProvider" />
    </UnitTest>
    <UnitTest name="Vantuz.Core.Tests.PipelinePositiveVerificationTests.Manifest_LaunchCommand_IsFollowedByExecuteCommand(fileName: &quot;boot.minecraft.production.json&quot;)" storage="c:\000\projects\compositum\vantuz.core.tests\bin\debug\net8.0\vantuz.core.tests.dll" id="29af152b-9368-65cd-1274-6d4f24ccf49a">
      <Execution id="6c31f31d-0f2a-4a90-adcd-b3c2d23bdf49" />
      <TestMethod codeBase="c:\000\projects\compositum\Vantuz.Core.Tests\bin\Debug\net8.0\Vantuz.Core.Tests.dll" adapterTypeName="executor://xunit/VsTestRunner2/netcoreapp" className="Vantuz.Core.Tests.PipelinePositiveVerificationTests" name="Manifest_LaunchCommand_IsFollowedByExecuteCommand" />
    </UnitTest>
    <UnitTest name="Vantuz.Core.Tests.HeadlessSmokeTests.BootJson_ParsesWithoutNullReference" storage="c:\000\projects\compositum\vantuz.core.tests\bin\debug\net8.0\vantuz.core.tests.dll" id="ce42e30e-97b2-6b7a-7fbe-110c861c48a4">
      <Execution id="b5aa403f-ef73-4321-b88d-96c20900377f" />
      <TestMethod codeBase="c:\000\projects\compositum\Vantuz.Core.Tests\bin\Debug\net8.0\Vantuz.Core.Tests.dll" adapterTypeName="executor://xunit/VsTestRunner2/netcoreapp" className="Vantuz.Core.Tests.HeadlessSmokeTests" name="BootJson_ParsesWithoutNullReference" />
    </UnitTest>
    <UnitTest name="Vantuz.Core.Tests.GuiModeFunctionalTests.Program_Loads_GuiManifest_NotTemplate" storage="c:\000\projects\compositum\vantuz.core.tests\bin\debug\net8.0\vantuz.core.tests.dll" id="d358d99b-fd27-69b4-d693-f6f14e3eeb19">
      <Execution id="09f31df4-24de-42f7-ab6d-8f0f6e1a2c0b" />
      <TestMethod codeBase="c:\000\projects\compositum\Vantuz.Core.Tests\bin\Debug\net8.0\Vantuz.Core.Tests.dll" adapterTypeName="executor://xunit/VsTestRunner2/netcoreapp" className="Vantuz.Core.Tests.GuiModeFunctionalTests" name="Program_Loads_GuiManifest_NotTemplate" />
    </UnitTest>
    <UnitTest name="Vantuz.Core.Tests.GuiModeFunctionalTests.GeneratedBootJson_MatchesGuiManifest_GameVersion" storage="c:\000\projects\compositum\vantuz.core.tests\bin\debug\net8.0\vantuz.core.tests.dll" id="ab5c9426-00bd-ded5-bb10-dd52f314a81c">
      <Execution id="b28eeb7d-be4d-4bf3-93a2-8c04b8188e2a" />
      <TestMethod codeBase="c:\000\projects\compositum\Vantuz.Core.Tests\bin\Debug\net8.0\Vantuz.Core.Tests.dll" adapterTypeName="executor://xunit/VsTestRunner2/netcoreapp" className="Vantuz.Core.Tests.GuiModeFunctionalTests" name="GeneratedBootJson_MatchesGuiManifest_GameVersion" />
    </UnitTest>
    <UnitTest name="Vantuz.Core.Tests.LaunchArgumentValidationTests.GameLaunchCommand_UnresolvedInstallDir_FailsBeforeProvider" storage="c:\000\projects\compositum\vantuz.core.tests\bin\debug\net8.0\vantuz.core.tests.dll" id="377fa45c-ab02-859b-ac30-5585751c9fce">
      <Execution id="910e1b6d-d575-44b8-807d-5ee48da02c4b" />
      <TestMethod codeBase="c:\000\projects\compositum\Vantuz.Core.Tests\bin\Debug\net8.0\Vantuz.Core.Tests.dll" adapterTypeName="executor://xunit/VsTestRunner2/netcoreapp" className="Vantuz.Core.Tests.LaunchArgumentValidationTests" name="GameLaunchCommand_UnresolvedInstallDir_FailsBeforeProvider" />
    </UnitTest>
    <UnitTest name="Vantuz.Core.Tests.CommandResultTests.Failure_Constructor_SetsProperties" storage="c:\000\projects\compositum\vantuz.core.tests\bin\debug\net8.0\vantuz.core.tests.dll" id="27b965b8-38b6-bee5-51a3-ca4d6d05fb1a">
      <Execution id="3958d57e-9f21-4c4d-8792-d20dc7eeb662" />
      <TestMethod codeBase="c:\000\projects\compositum\Vantuz.Core.Tests\bin\Debug\net8.0\Vantuz.Core.Tests.dll" adapterTypeName="executor://xunit/VsTestRunner2/netcoreapp" className="Vantuz.Core.Tests.CommandResultTests" name="Failure_Constructor_SetsProperties" />
    </UnitTest>
  </TestDefinitions>
  <TestEntries>
    <TestEntry testId="184bf7b2-dc0f-4b9c-0917-ff393766eaa3" executionId="289b1e58-ab56-4bdf-93f0-84783ad69997" testListId="8c84fa94-04c1-424b-9868-57a2d4851a1d" />
    <TestEntry testId="2ede7db6-f9e3-8c2c-4030-c3ebeefecce1" executionId="63814ca3-7087-4fad-9151-892a684a60b8" testListId="8c84fa94-04c1-424b-9868-57a2d4851a1d" />
    <TestEntry testId="82ecfb8e-1b87-c4ea-86dc-025e57f653c8" executionId="1fbddc67-3a1c-43e4-ba8c-3f62d216e9a8" testListId="8c84fa94-04c1-424b-9868-57a2d4851a1d" />
    <TestEntry testId="3ab3a265-65e5-6c60-d4c2-773914ebd1ce" executionId="e86f9598-6fa7-4419-a2f9-7171114eb37f" testListId="8c84fa94-04c1-424b-9868-57a2d4851a1d" />
    <TestEntry testId="29af152b-9368-65cd-1274-6d4f24ccf49a" executionId="6c31f31d-0f2a-4a90-adcd-b3c2d23bdf49" testListId="8c84fa94-04c1-424b-9868-57a2d4851a1d" />
    <TestEntry testId="8f30efbc-7e3d-ab47-0825-e02fd91dce70" executionId="39333c70-93cd-4ac8-8d77-6b0760f849ea" testListId="8c84fa94-04c1-424b-9868-57a2d4851a1d" />
    <TestEntry testId="ab5c9426-00bd-ded5-bb10-dd52f314a81c" executionId="b28eeb7d-be4d-4bf3-93a2-8c04b8188e2a" testListId="8c84fa94-04c1-424b-9868-57a2d4851a1d" />
    <TestEntry testId="c9ca4d7b-e0a1-0209-423b-deb7dda946f9" executionId="0c52b4b1-6c60-40fc-b3ed-d3c98e98292f" testListId="8c84fa94-04c1-424b-9868-57a2d4851a1d" />
    <TestEntry testId="ce42e30e-97b2-6b7a-7fbe-110c861c48a4" executionId="b5aa403f-ef73-4321-b88d-96c20900377f" testListId="8c84fa94-04c1-424b-9868-57a2d4851a1d" />
    <TestEntry testId="4852611b-0209-d6fb-14e1-c9b26927339e" executionId="2ec0d9c0-470f-414e-9e26-50d2c5e2f1ad" testListId="8c84fa94-04c1-424b-9868-57a2d4851a1d" />
    <TestEntry testId="5218aab3-91e5-4d02-6f4b-36bb8169aaad" executionId="68b2b43a-2e3d-423c-8d1d-a2824a8499b5" testListId="8c84fa94-04c1-424b-9868-57a2d4851a1d" />
    <TestEntry testId="de27a3a4-5585-1811-f69a-d74b7b44037f" executionId="aecbbaeb-9a76-4d3c-bdf5-a73c53fb2eaa" testListId="8c84fa94-04c1-424b-9868-57a2d4851a1d" />
    <TestEntry testId="60f71c30-2701-977b-d59a-5eb8477cee78" executionId="49212c61-ad53-43f0-88e9-b469ecb9ddbf" testListId="8c84fa94-04c1-424b-9868-57a2d4851a1d" />
    <TestEntry testId="6610700f-012b-0b62-cefd-986d8f87c629" executionId="7b023747-6bad-4d6c-9646-a8be21245df9" testListId="8c84fa94-04c1-424b-9868-57a2d4851a1d" />
    <TestEntry testId="f8b02280-d58f-52cd-2ac9-ef5216be18cb" executionId="dc0f55d3-7051-46ad-b6e2-5949424e3241" testListId="8c84fa94-04c1-424b-9868-57a2d4851a1d" />
    <TestEntry testId="d3dac384-ae1f-5876-07f2-1bcf0e9f9683" executionId="eb33ec9d-c8ca-48cd-81b7-e04d61faa9e6" testListId="8c84fa94-04c1-424b-9868-57a2d4851a1d" />
    <TestEntry testId="75cfac8b-3249-a70b-7150-059b815e7279" executionId="583e340a-7941-4e64-afff-b7993eb4618a" testListId="8c84fa94-04c1-424b-9868-57a2d4851a1d" />
    <TestEntry testId="266b97bd-0a78-5b99-c908-e3c9177da4de" executionId="a1d4aa49-5908-450c-babb-e9fbf327fd3c" testListId="8c84fa94-04c1-424b-9868-57a2d4851a1d" />
    <TestEntry testId="2fdd3774-7c85-360d-fa74-7441eadbcbf7" executionId="2e78d068-9ab7-4210-9ac0-37389357fe2d" testListId="8c84fa94-04c1-424b-9868-57a2d4851a1d" />
    <TestEntry testId="bbf9895f-fa13-3232-0116-4a2bd9c02bb9" executionId="e0ec1803-8f30-476f-abda-87a814858959" testListId="8c84fa94-04c1-424b-9868-57a2d4851a1d" />
    <TestEntry testId="29e75204-ae1f-90d0-2658-3545ee5766ca" executionId="6aa1bcb6-519e-45ae-ae2b-e5a507a2ac8e" testListId="8c84fa94-04c1-424b-9868-57a2d4851a1d" />
    <TestEntry testId="27b965b8-38b6-bee5-51a3-ca4d6d05fb1a" executionId="3958d57e-9f21-4c4d-8792-d20dc7eeb662" testListId="8c84fa94-04c1-424b-9868-57a2d4851a1d" />
    <TestEntry testId="eea26664-1b21-7fc4-cfb6-14b6b0a52392" executionId="b06c3fbe-509d-47a7-89eb-3e30d3c14ef1" testListId="8c84fa94-04c1-424b-9868-57a2d4851a1d" />
    <TestEntry testId="caedb91e-215d-ab53-d2d2-ea06de83613b" executionId="50863545-d165-4a78-9fc6-e6cd1d387281" testListId="8c84fa94-04c1-424b-9868-57a2d4851a1d" />
    <TestEntry testId="3a83f0e2-c1cd-83c4-b0f6-7c8beacdc660" executionId="068fa94f-9c7c-4c1a-918d-de91b0a7f203" testListId="8c84fa94-04c1-424b-9868-57a2d4851a1d" />
    <TestEntry testId="b176c4ce-c811-cce4-ac28-b5b7914e0234" executionId="1cce8e97-ac93-44ee-b6c9-0c45f0cd7487" testListId="8c84fa94-04c1-424b-9868-57a2d4851a1d" />
    <TestEntry testId="8b3bf037-cef9-fafc-a3a4-5384c3a08276" executionId="1952d4fe-c391-465e-9ead-8aa546b6d49c" testListId="8c84fa94-04c1-424b-9868-57a2d4851a1d" />
    <TestEntry testId="d358d99b-fd27-69b4-d693-f6f14e3eeb19" executionId="09f31df4-24de-42f7-ab6d-8f0f6e1a2c0b" testListId="8c84fa94-04c1-424b-9868-57a2d4851a1d" />
    <TestEntry testId="f8367f7a-9cce-e548-cd48-ef95c0e76341" executionId="d5a80e15-29bd-4981-a2a3-f8c665755350" testListId="8c84fa94-04c1-424b-9868-57a2d4851a1d" />
    <TestEntry testId="c51b34ef-4ac0-f70c-a4c5-b3f89b14361b" executionId="d083d9d2-2cbc-4fe9-bd6b-600411eabe6c" testListId="8c84fa94-04c1-424b-9868-57a2d4851a1d" />
    <TestEntry testId="8d9f625b-eca0-caaf-80b7-0208b4fb0a84" executionId="460172bb-0590-4f31-9c0f-6d269c319eb1" testListId="8c84fa94-04c1-424b-9868-57a2d4851a1d" />
    <TestEntry testId="5417a48c-7dc4-7e65-5dde-45f31da74186" executionId="fa015d0b-a746-4f21-a5f0-301f0df9bbd4" testListId="8c84fa94-04c1-424b-9868-57a2d4851a1d" />
    <TestEntry testId="17064349-f04a-07ea-f999-43fea8de6e1c" executionId="122e5d8b-26f6-4c6f-a2cd-890fa9b5e710" testListId="8c84fa94-04c1-424b-9868-57a2d4851a1d" />
    <TestEntry testId="9d82f38f-4f42-5efe-d3a7-983c7c7ee93b" executionId="0d3353eb-9808-41ed-ae71-b2edb83e626e" testListId="8c84fa94-04c1-424b-9868-57a2d4851a1d" />
    <TestEntry testId="377fa45c-ab02-859b-ac30-5585751c9fce" executionId="910e1b6d-d575-44b8-807d-5ee48da02c4b" testListId="8c84fa94-04c1-424b-9868-57a2d4851a1d" />
    <TestEntry testId="832ece00-ee0a-69a6-edd0-a3ed2f24d9d0" executionId="df6cad5a-8e14-418a-98fe-38d67748f55e" testListId="8c84fa94-04c1-424b-9868-57a2d4851a1d" />
    <TestEntry testId="5b2a8097-f07c-36bd-324a-bdc2320e5f2d" executionId="f974dcf2-f057-4053-9e34-edb043dc53a5" testListId="8c84fa94-04c1-424b-9868-57a2d4851a1d" />
    <TestEntry testId="17bbd0b6-9b48-5d98-6178-af45a2de6271" executionId="0a2bdf45-ddb1-4dbe-ab52-5b5ac0599b4f" testListId="8c84fa94-04c1-424b-9868-57a2d4851a1d" />
    <TestEntry testId="8ed1f628-546a-9be4-9711-360f50e39ac9" executionId="cbc06ccf-2fe3-4ea6-9948-569ffd5e4db1" testListId="8c84fa94-04c1-424b-9868-57a2d4851a1d" />
  </TestEntries>
  <TestLists>
    <TestList name="Список результатов" id="8c84fa94-04c1-424b-9868-57a2d4851a1d" />
    <TestList name="Все загруженные результаты" id="19431567-8539-422a-85d7-44ee4e166bda" />
  </TestLists>
  <ResultSummary outcome="Completed">
    <Counters total="39" executed="39" passed="39" failed="0" error="0" timeout="0" aborted="0" inconclusive="0" passedButRunAborted="0" notRunnable="0" notExecuted="0" disconnected="0" warning="0" completed="0" inProgress="0" pending="0" />
    <Output>
      <StdOut>[xUnit.net 00:00:00.00] xUnit.net VSTest Adapter v2.5.7+8f2703126a (64-bit .NET 8.0.26)&#xD;
[xUnit.net 00:00:00.39]   Discovering: Vantuz.Core.Tests&#xD;
[xUnit.net 00:00:00.83]   Discovered:  Vantuz.Core.Tests&#xD;
[xUnit.net 00:00:00.84]   Starting:    Vantuz.Core.Tests&#xD;
[DIAG CheckVersionAsync] version=1.20.1-forge-47.3.0, installDir=C:\Users\1\AppData\Local\Temp\vantuz_mc_test_6e21b6ed98624f95995dcadac0a5189a\.minecraft, versionJsonPath=C:\Users\1\AppData\Local\Temp\vantuz_mc_test_6e21b6ed98624f95995dcadac0a5189a\.minecraft\versions\1.20.1-forge-47.3.0\1.20.1-forge-47.3.0.json, exists=True&#xD;
[DIAG CheckVersionAsync] version=1.20.1-forge-47.3.0, installDir=C:\Users\1\AppData\Local\Temp\vantuz_mc_test_5bf84cc842a34f4bb7ed0ea61d37f61f\.minecraft, versionJsonPath=C:\Users\1\AppData\Local\Temp\vantuz_mc_test_5bf84cc842a34f4bb7ed0ea61d37f61f\.minecraft\versions\1.20.1-forge-47.3.0\1.20.1-forge-47.3.0.json, exists=False&#xD;
[DIAG CheckVersionAsync] version=1.20.1-forge-47.3.0, installDir=C:\Users\1\AppData\Local\Temp\vantuz_mc_test_bb7c84637f974dd09c921aa1067de948\.minecraft, versionJsonPath=C:\Users\1\AppData\Local\Temp\vantuz_mc_test_bb7c84637f974dd09c921aa1067de948\.minecraft\versions\1.20.1-forge-47.3.0\1.20.1-forge-47.3.0.json, exists=True&#xD;
[DIAG CheckVersionAsync] version=1.20.1-forge-47.3.0, installDir=C:\Users\1\AppData\Local\Temp\vantuz_positive_test_4dc86fc37e6f4bddbacaba127f5ba124\.vantuzlauncher\instances\1.20.1-forge, versionJsonPath=C:\Users\1\AppData\Local\Temp\vantuz_positive_test_4dc86fc37e6f4bddbacaba127f5ba124\.vantuzlauncher\instances\1.20.1-forge\versions\1.20.1-forge-47.3.0\1.20.1-forge-47.3.0.json, exists=False&#xD;
[08:35:06] [DEBUG] Pipeline has 16 steps: GUI.MinecraftLauncher, GUI.CredentialCollection, Auth.YggdrasilCommand, Net.ApiReaderQuery, Net.UpdateCommand, Game.MinecraftProvider, Game.VersionValidatorQuery, Game.InstallerCommand, Net.ModpackManifestQuery, OS.DeltaAnalyzerQuery, OS.LocalMoveCommand, Net.DownloadCommand, OS.BatchPurgeCommand, Net.DownloadCommand, Game.LaunchCommand, OS.ExecuteCommand&#xD;
[08:35:13] [GUI] Minecraft Launcher initialized (standalone mode)&#xD;
[08:35:13] [GUI] Minecraft Launcher initialized and running&#xD;
[08:35:13] [STEP] GUI.MinecraftLauncher completed&#xD;
[2026-06-07 13:35:13] Pipeline failed: Credential collection cancelled by user.&#xD;
[08:35:16] [DEBUG] Pipeline has 16 steps: GUI.MinecraftLauncher, GUI.CredentialCollection, Auth.YggdrasilCommand, Net.ApiReaderQuery, Net.UpdateCommand, Game.MinecraftProvider, Game.VersionValidatorQuery, Game.InstallerCommand, Net.ModpackManifestQuery, OS.DeltaAnalyzerQuery, OS.LocalMoveCommand, Net.DownloadCommand, OS.BatchPurgeCommand, Net.DownloadCommand, Game.LaunchCommand, OS.ExecuteCommand&#xD;
[08:35:23] [GUI] Minecraft Launcher initialized (standalone mode)&#xD;
[08:35:23] [GUI] Minecraft Launcher initialized and running&#xD;
[08:35:23] [STEP] GUI.MinecraftLauncher completed&#xD;
[2026-06-07 13:35:28] Pipeline failed: Credential collection cancelled by user.&#xD;
[08:35:36] [DEBUG] Pipeline has 16 steps: GUI.MinecraftLauncher, GUI.CredentialCollection, Auth.YggdrasilCommand, Net.ApiReaderQuery, Net.UpdateCommand, Game.MinecraftProvider, Game.VersionValidatorQuery, Game.InstallerCommand, Net.ModpackManifestQuery, OS.DeltaAnalyzerQuery, OS.LocalMoveCommand, Net.DownloadCommand, OS.BatchPurgeCommand, Net.DownloadCommand, Game.LaunchCommand, OS.ExecuteCommand&#xD;
[xUnit.net 00:00:40.25]   Finished:    Vantuz.Core.Tests&#xD;
</StdOut>
    </Output>
  </ResultSummary>
</TestRun>