<?xml version="1.0" encoding="utf-8"?>
<TestRun id="896eb222-81f5-42a3-97cb-cc8ba66797e3" name="1@DESKTOP-NTADQTR 2026-06-08 15:17:41" runUser="DESKTOP-NTADQTR\1" xmlns="http://microsoft.com/schemas/VisualStudio/TeamTest/2010">
  <Times creation="2026-06-08T15:17:41.0950524+05:00" queuing="2026-06-08T15:17:41.0950531+05:00" start="2026-06-08T15:17:39.1458415+05:00" finish="2026-06-08T15:17:41.0966708+05:00" />
  <TestSettings name="default" id="11cb6552-0703-4b87-87d2-720744cca323">
    <Deployment runDeploymentRoot="1_DESKTOP-NTADQTR_2026-06-08_15_17_41" />
  </TestSettings>
  <TestLists>
    <TestList name="Список результатов" id="8c84fa94-04c1-424b-9868-57a2d4851a1d" />
    <TestList name="Все загруженные результаты" id="19431567-8539-422a-85d7-44ee4e166bda" />
  </TestLists>
  <ResultSummary outcome="Completed">
    <Counters total="0" executed="0" passed="0" failed="0" error="0" timeout="0" aborted="0" inconclusive="0" passedButRunAborted="0" notRunnable="0" notExecuted="0" disconnected="0" warning="0" completed="0" inProgress="0" pending="0" />
    <Output>
      <StdOut>[xUnit.net 00:00:00.00] xUnit.net VSTest Adapter v2.5.7+8f2703126a (64-bit .NET 8.0.26)&#xD;
[xUnit.net 00:00:00.20]   Discovering: Vantuz.Core.Tests&#xD;
[xUnit.net 00:00:00.32]   Discovered:  Vantuz.Core.Tests&#xD;
[xUnit.net 00:00:00.34]   Starting:    Vantuz.Core.Tests&#xD;
[xUnit.net 00:00:00.40]   Finished:    Vantuz.Core.Tests&#xD;
</StdOut>
    </Output>
    <RunInfos>
      <RunInfo computerName="DESKTOP-NTADQTR" outcome="Warning" timestamp="2026-06-08T15:17:40.9022979+05:00">
        <Text>Нет тестов, соответствующих указанному фильтру тестовых случаев "VirtualDescriptorTests|ApiReaderQueryTests|DeltaAnalyzerQueryTests|UpdateCommandTests" в c:\000\projects\compositum\Vantuz.Core.Tests\bin\Release\net8.0\Vantuz.Core.Tests.dll</Text>
      </RunInfo>
    </RunInfos>
  </ResultSummary>
</TestRun>