<?xml version="1.0" encoding="utf-8"?>
<TestRun id="164cb511-3792-4675-8d0d-bb394151a8c3" name="1@DESKTOP-NTADQTR 2026-06-07 18:52:32" runUser="DESKTOP-NTADQTR\1" xmlns="http://microsoft.com/schemas/VisualStudio/TeamTest/2010">
  <Times creation="2026-06-07T18:52:32.1634114+05:00" queuing="2026-06-07T18:52:32.1634120+05:00" start="2026-06-07T18:52:27.3364200+05:00" finish="2026-06-07T18:53:21.9470306+05:00" />
  <TestSettings name="default" id="72f34ea9-76be-42ff-8c2e-5e20346c9db4">
    <Deployment runDeploymentRoot="1_DESKTOP-NTADQTR_2026-06-07_18_52_32" />
  </TestSettings>
  <Results>
    <UnitTestResult executionId="24e0d597-c974-4cc2-839e-98370229ed9c" testId="2ede7db6-f9e3-8c2c-4030-c3ebeefecce1" testName="Vantuz.Core.Tests.VariableInterpolationTests.InterpolateVariables_ChainedDependencies_ResolvesTransitively" computerName="DESKTOP-NTADQTR" duration="00:00:00.0005441" startTime="2026-06-07T18:52:32.0715986+05:00" endTime="2026-06-07T18:52:32.0715987+05:00" testType="13cdc9d9-ddb5-4fa4-a97d-d965ccfc6d4b" outcome="Passed" testListId="8c84fa94-04c1-424b-9868-57a2d4851a1d" relativeResultsDirectory="24e0d597-c974-4cc2-839e-98370229ed9c" />
    <UnitTestResult executionId="f9f3c627-a616-4f19-ae1e-04fdb098c10f" testId="8b3bf037-cef9-fafc-a3a4-5384c3a08276" testName="Vantuz.Core.Tests.MinecraftGameProviderTests.ParseForgeVersion_FallbackSplit_ReturnsCorrectTuple" computerName="DESKTOP-NTADQTR" duration="00:00:00.0003851" startTime="2026-06-07T18:52:48.8694839+05:00" endTime="2026-06-07T18:52:48.8694842+05:00" testType="13cdc9d9-ddb5-4fa4-a97d-d965ccfc6d4b" outcome="Passed" testListId="8c84fa94-04c1-424b-9868-57a2d4851a1d" relativeResultsDirectory="f9f3c627-a616-4f19-ae1e-04fdb098c10f" />
    <UnitTestResult executionId="b6630b9f-f661-460d-9091-8c0395e1a652" testId="17bbd0b6-9b48-5d98-6178-af45a2de6271" testName="Vantuz.Core.Tests.GuiPipelinePositiveVerificationTests.GuiPipeline_ExecutesWithoutPluginNotFoundCrash" computerName="DESKTOP-NTADQTR" duration="00:00:15.0295201" startTime="2026-06-07T18:52:47.1312184+05:00" endTime="2026-06-07T18:52:47.1312189+05:00" testType="13cdc9d9-ddb5-4fa4-a97d-d965ccfc6d4b" outcome="Passed" testListId="8c84fa94-04c1-424b-9868-57a2d4851a1d" relativeResultsDirectory="b6630b9f-f661-460d-9091-8c0395e1a652" />
    <UnitTestResult executionId="0d249c6c-98f7-4722-8740-a21c08828294" testId="29af152b-9368-65cd-1274-6d4f24ccf49a" testName="Vantuz.Core.Tests.PipelinePositiveVerificationTests.Manifest_LaunchCommand_IsFollowedByExecuteCommand(fileName: &quot;boot.minecraft.production.json&quot;)" computerName="DESKTOP-NTADQTR" duration="00:00:00.0011967" startTime="2026-06-07T18:52:32.1471243+05:00" endTime="2026-06-07T18:52:32.1471246+05:00" testType="13cdc9d9-ddb5-4fa4-a97d-d965ccfc6d4b" outcome="Passed" testListId="8c84fa94-04c1-424b-9868-57a2d4851a1d" relativeResultsDirectory="0d249c6c-98f7-4722-8740-a21c08828294" />
    <UnitTestResult executionId="d8827d3c-ed6a-408a-acb1-b347e1297683" testId="29e75204-ae1f-90d0-2658-3545ee5766ca" testName="Vantuz.Core.Tests.LaunchArgumentValidationTests.GameLaunchCommand_MissingJava_ReturnsFailureWithClearMessage" computerName="DESKTOP-NTADQTR" duration="00:00:00.0059913" startTime="2026-06-07T18:52:49.5727655+05:00" endTime="2026-06-07T18:52:49.5727665+05:00" testType="13cdc9d9-ddb5-4fa4-a97d-d965ccfc6d4b" outcome="Passed" testListId="8c84fa94-04c1-424b-9868-57a2d4851a1d" relativeResultsDirectory="d8827d3c-ed6a-408a-acb1-b347e1297683" />
    <UnitTestResult executionId="7fa8d35a-c8ff-4f34-b28f-d5e6401d3ede" testId="ab5c9426-00bd-ded5-bb10-dd52f314a81c" testName="Vantuz.Core.Tests.GuiModeFunctionalTests.GeneratedBootJson_MatchesGuiManifest_GameVersion" computerName="DESKTOP-NTADQTR" duration="00:00:00.0026251" startTime="2026-06-07T18:52:32.0758732+05:00" endTime="2026-06-07T18:52:32.0758737+05:00" testType="13cdc9d9-ddb5-4fa4-a97d-d965ccfc6d4b" outcome="Passed" testListId="8c84fa94-04c1-424b-9868-57a2d4851a1d" relativeResultsDirectory="7fa8d35a-c8ff-4f34-b28f-d5e6401d3ede" />
    <UnitTestResult executionId="906cb726-cc60-463e-a69a-eb48b7582ac1" testId="17064349-f04a-07ea-f999-43fea8de6e1c" testName="Vantuz.Core.Tests.PipelinePositiveVerificationTests.Manifest_NoUnresolvedPlaceholders(fileName: &quot;boot.minecraft.production.json&quot;)" computerName="DESKTOP-NTADQTR" duration="00:00:00.0013943" startTime="2026-06-07T18:52:32.0713371+05:00" endTime="2026-06-07T18:52:32.0713373+05:00" testType="13cdc9d9-ddb5-4fa4-a97d-d965ccfc6d4b" outcome="Passed" testListId="8c84fa94-04c1-424b-9868-57a2d4851a1d" relativeResultsDirectory="906cb726-cc60-463e-a69a-eb48b7582ac1" />
    <UnitTestResult executionId="b6711723-500f-4cd2-a8fe-02c6c881cabe" testId="d3dac384-ae1f-5876-07f2-1bcf0e9f9683" testName="Vantuz.Core.Tests.VariableInterpolationTests.InterpolateVariables_DependentVariables_ResolvesInOrder" computerName="DESKTOP-NTADQTR" duration="00:00:00.0007704" startTime="2026-06-07T18:52:32.0415780+05:00" endTime="2026-06-07T18:52:32.0415781+05:00" testType="13cdc9d9-ddb5-4fa4-a97d-d965ccfc6d4b" outcome="Passed" testListId="8c84fa94-04c1-424b-9868-57a2d4851a1d" relativeResultsDirectory="b6711723-500f-4cd2-a8fe-02c6c881cabe" />
    <UnitTestResult executionId="278be2a1-f0d4-4fc5-896a-657ecb327471" testId="60f71c30-2701-977b-d59a-5eb8477cee78" testName="Vantuz.Core.Tests.GuiPipelinePositiveVerificationTests.BootGuiJson_StepsMatchExpectedSet" computerName="DESKTOP-NTADQTR" duration="00:00:00.2424975" startTime="2026-06-07T18:52:32.1476407+05:00" endTime="2026-06-07T18:52:32.1476408+05:00" testType="13cdc9d9-ddb5-4fa4-a97d-d965ccfc6d4b" outcome="Passed" testListId="8c84fa94-04c1-424b-9868-57a2d4851a1d" relativeResultsDirectory="278be2a1-f0d4-4fc5-896a-657ecb327471" />
    <UnitTestResult executionId="0ad58471-2dd1-49d4-b676-93b53b9abd8e" testId="377fa45c-ab02-859b-ac30-5585751c9fce" testName="Vantuz.Core.Tests.LaunchArgumentValidationTests.GameLaunchCommand_UnresolvedInstallDir_FailsBeforeProvider" computerName="DESKTOP-NTADQTR" duration="00:00:00.0137666" startTime="2026-06-07T18:52:33.0781471+05:00" endTime="2026-06-07T18:52:33.0781477+05:00" testType="13cdc9d9-ddb5-4fa4-a97d-d965ccfc6d4b" outcome="Passed" testListId="8c84fa94-04c1-424b-9868-57a2d4851a1d" relativeResultsDirectory="0ad58471-2dd1-49d4-b676-93b53b9abd8e" />
    <UnitTestResult executionId="695b54b9-095a-498c-bb39-fa79ad14469e" testId="d358d99b-fd27-69b4-d693-f6f14e3eeb19" testName="Vantuz.Core.Tests.GuiModeFunctionalTests.Program_Loads_GuiManifest_NotTemplate" computerName="DESKTOP-NTADQTR" duration="00:00:00.0036823" startTime="2026-06-07T18:52:32.0730505+05:00" endTime="2026-06-07T18:52:32.0730507+05:00" testType="13cdc9d9-ddb5-4fa4-a97d-d965ccfc6d4b" outcome="Passed" testListId="8c84fa94-04c1-424b-9868-57a2d4851a1d" relativeResultsDirectory="695b54b9-095a-498c-bb39-fa79ad14469e" />
    <UnitTestResult executionId="8711b82f-22f0-4fa2-ac30-0d443b133a99" testId="5218aab3-91e5-4d02-6f4b-36bb8169aaad" testName="Vantuz.Core.Tests.GuiModeFunctionalTests.GuiManifest_GameVersion_IsValidForgeFormat" computerName="DESKTOP-NTADQTR" duration="00:00:00.0050228" startTime="2026-06-07T18:52:32.1464207+05:00" endTime="2026-06-07T18:52:32.1464210+05:00" testType="13cdc9d9-ddb5-4fa4-a97d-d965ccfc6d4b" outcome="Passed" testListId="8c84fa94-04c1-424b-9868-57a2d4851a1d" relativeResultsDirectory="8711b82f-22f0-4fa2-ac30-0d443b133a99" />
    <UnitTestResult executionId="34920874-2df0-48ef-9fee-f7c8d7d2e219" testId="de27a3a4-5585-1811-f69a-d74b7b44037f" testName="Vantuz.Core.Tests.PipelinePositiveVerificationTests.Manifest_NoUnresolvedPlaceholders(fileName: &quot;boot.headless.json&quot;)" computerName="DESKTOP-NTADQTR" duration="00:00:00.0006941" startTime="2026-06-07T18:52:32.0714478+05:00" endTime="2026-06-07T18:52:32.0714479+05:00" testType="13cdc9d9-ddb5-4fa4-a97d-d965ccfc6d4b" outcome="Passed" testListId="8c84fa94-04c1-424b-9868-57a2d4851a1d" relativeResultsDirectory="34920874-2df0-48ef-9fee-f7c8d7d2e219" />
    <UnitTestResult executionId="1d4edbd4-db47-453f-94fd-bb43d6ff8f8a" testId="f8367f7a-9cce-e548-cd48-ef95c0e76341" testName="Vantuz.Core.Tests.GuiModeProcessTests.GuiMode_FullLaunch_NoApplicationInstanceErrorInTraceLog" computerName="DESKTOP-NTADQTR" duration="00:00:24.8776158" startTime="2026-06-07T18:53:16.8489661+05:00" endTime="2026-06-07T18:53:16.8489670+05:00" testType="13cdc9d9-ddb5-4fa4-a97d-d965ccfc6d4b" outcome="Passed" testListId="8c84fa94-04c1-424b-9868-57a2d4851a1d" relativeResultsDirectory="1d4edbd4-db47-453f-94fd-bb43d6ff8f8a" />
    <UnitTestResult executionId="1d4e0abd-2cad-4369-9d6f-46f6f4500b1b" testId="c51b34ef-4ac0-f70c-a4c5-b3f89b14361b" testName="Vantuz.Core.Tests.LaunchArgumentValidationTests.GameLaunchCommand_ResolvedInstallDir_GameArgsContainsNoPlaceholders" computerName="DESKTOP-NTADQTR" duration="00:00:03.0079206" startTime="2026-06-07T18:52:49.5665332+05:00" endTime="2026-06-07T18:52:49.5665338+05:00" testType="13cdc9d9-ddb5-4fa4-a97d-d965ccfc6d4b" outcome="Passed" testListId="8c84fa94-04c1-424b-9868-57a2d4851a1d" relativeResultsDirectory="1d4e0abd-2cad-4369-9d6f-46f6f4500b1b" />
    <UnitTestResult executionId="1641010e-8c26-46f3-9b44-c2c24c715b10" testId="9c059e81-9071-1b78-15ed-b760acef5ff4" testName="Vantuz.Core.Tests.MinecraftGameProviderTests.CheckVersionAsync_ForgeComplete_ReturnsTrue" computerName="DESKTOP-NTADQTR" duration="00:00:14.3142337" startTime="2026-06-07T18:52:47.7845326+05:00" endTime="2026-06-07T18:52:47.7845331+05:00" testType="13cdc9d9-ddb5-4fa4-a97d-d965ccfc6d4b" outcome="Passed" testListId="8c84fa94-04c1-424b-9868-57a2d4851a1d" relativeResultsDirectory="1641010e-8c26-46f3-9b44-c2c24c715b10" />
    <UnitTestResult executionId="437e6953-faa8-4fb2-8383-b86c46c29117" testId="b176c4ce-c811-cce4-ac28-b5b7914e0234" testName="Vantuz.Core.Tests.MinecraftGameProviderTests.GameInstallerCommand_ForgeAlreadyInstalled_SkipsInstall" computerName="DESKTOP-NTADQTR" duration="00:00:00.2366033" startTime="2026-06-07T18:52:48.4074770+05:00" endTime="2026-06-07T18:52:48.4074775+05:00" testType="13cdc9d9-ddb5-4fa4-a97d-d965ccfc6d4b" outcome="Passed" testListId="8c84fa94-04c1-424b-9868-57a2d4851a1d" relativeResultsDirectory="437e6953-faa8-4fb2-8383-b86c46c29117" />
    <UnitTestResult executionId="618290e6-f363-4f85-93b0-ed6fe28dcebc" testId="2fdd3774-7c85-360d-fa74-7441eadbcbf7" testName="Vantuz.Core.Tests.PipelinePositiveVerificationTests.Manifest_LaunchCommand_IsFollowedByExecuteCommand(fileName: &quot;boot.gui.json&quot;)" computerName="DESKTOP-NTADQTR" duration="00:00:00.0026660" startTime="2026-06-07T18:52:32.1469271+05:00" endTime="2026-06-07T18:52:32.1469273+05:00" testType="13cdc9d9-ddb5-4fa4-a97d-d965ccfc6d4b" outcome="Passed" testListId="8c84fa94-04c1-424b-9868-57a2d4851a1d" relativeResultsDirectory="618290e6-f363-4f85-93b0-ed6fe28dcebc" />
    <UnitTestResult executionId="4bc6e36f-8fb9-4fd6-9bdd-1a597ce31394" testId="8f30efbc-7e3d-ab47-0825-e02fd91dce70" testName="Vantuz.Core.Tests.VariableInterpolationTests.InterpolateVariables_PayloadOverridesVariable" computerName="DESKTOP-NTADQTR" duration="00:00:00.0003758" startTime="2026-06-07T18:52:32.0718663+05:00" endTime="2026-06-07T18:52:32.0718664+05:00" testType="13cdc9d9-ddb5-4fa4-a97d-d965ccfc6d4b" outcome="Passed" testListId="8c84fa94-04c1-424b-9868-57a2d4851a1d" relativeResultsDirectory="4bc6e36f-8fb9-4fd6-9bdd-1a597ce31394" />
    <UnitTestResult executionId="be7da2f8-17d2-4f81-a2d6-3a008583b5d4" testId="27b965b8-38b6-bee5-51a3-ca4d6d05fb1a" testName="Vantuz.Core.Tests.CommandResultTests.Failure_Constructor_SetsProperties" computerName="DESKTOP-NTADQTR" duration="00:00:00.0024179" startTime="2026-06-07T18:52:32.0401530+05:00" endTime="2026-06-07T18:52:32.0401533+05:00" testType="13cdc9d9-ddb5-4fa4-a97d-d965ccfc6d4b" outcome="Passed" testListId="8c84fa94-04c1-424b-9868-57a2d4851a1d" relativeResultsDirectory="be7da2f8-17d2-4f81-a2d6-3a008583b5d4" />
    <UnitTestResult executionId="eb160269-77b7-45f2-873c-8109dcd912e4" testId="f8b02280-d58f-52cd-2ac9-ef5216be18cb" testName="Vantuz.Core.Tests.LaunchArgumentValidationTests.ExecuteCommand_DummyExecutable_ReturnsSuccess" computerName="DESKTOP-NTADQTR" duration="00:00:13.4653930" startTime="2026-06-07T18:52:46.5528808+05:00" endTime="2026-06-07T18:52:46.5528815+05:00" testType="13cdc9d9-ddb5-4fa4-a97d-d965ccfc6d4b" outcome="Passed" testListId="8c84fa94-04c1-424b-9868-57a2d4851a1d" relativeResultsDirectory="eb160269-77b7-45f2-873c-8109dcd912e4" />
    <UnitTestResult executionId="869090ab-061e-4d82-912b-3d8cbf8bf844" testId="750abeff-0014-b470-5d16-6f124c7e2219" testName="Vantuz.Core.Tests.MinecraftGameProviderTests.CheckVersionAsync_ForgeBootstrapLauncherMissing_ReturnsFalse" computerName="DESKTOP-NTADQTR" duration="00:00:00.3608854" startTime="2026-06-07T18:52:48.7747169+05:00" endTime="2026-06-07T18:52:48.7747174+05:00" testType="13cdc9d9-ddb5-4fa4-a97d-d965ccfc6d4b" outcome="Passed" testListId="8c84fa94-04c1-424b-9868-57a2d4851a1d" relativeResultsDirectory="869090ab-061e-4d82-912b-3d8cbf8bf844" />
    <UnitTestResult executionId="77f308f1-25f8-4df8-a45a-fe445f6b1a82" testId="184bf7b2-dc0f-4b9c-0917-ff393766eaa3" testName="Vantuz.Core.Tests.PipelinePositiveVerificationTests.BootHeadlessJson_StepsMatchExpectedSet" computerName="DESKTOP-NTADQTR" duration="00:00:00.0288597" startTime="2026-06-07T18:52:32.1467450+05:00" endTime="2026-06-07T18:52:32.1467451+05:00" testType="13cdc9d9-ddb5-4fa4-a97d-d965ccfc6d4b" outcome="Passed" testListId="8c84fa94-04c1-424b-9868-57a2d4851a1d" relativeResultsDirectory="77f308f1-25f8-4df8-a45a-fe445f6b1a82" />
    <UnitTestResult executionId="80a0ca21-e834-4535-8f12-4161a22b9b14" testId="5b2a8097-f07c-36bd-324a-bdc2320e5f2d" testName="Vantuz.Core.Tests.PipelinePositiveVerificationTests.Manifest_NoUnresolvedPlaceholders(fileName: &quot;boot.gui.json&quot;)" computerName="DESKTOP-NTADQTR" duration="00:00:00.1690948" startTime="2026-06-07T18:52:32.0710794+05:00" endTime="2026-06-07T18:52:32.0710795+05:00" testType="13cdc9d9-ddb5-4fa4-a97d-d965ccfc6d4b" outcome="Passed" testListId="8c84fa94-04c1-424b-9868-57a2d4851a1d" relativeResultsDirectory="80a0ca21-e834-4535-8f12-4161a22b9b14" />
    <UnitTestResult executionId="787da167-4858-4a53-85d9-4a8fb70ee96f" testId="82ecfb8e-1b87-c4ea-86dc-025e57f653c8" testName="Vantuz.Core.Tests.MinecraftGameProviderTests.CheckVersionAsync_MissingVersion_ReturnsFalse" computerName="DESKTOP-NTADQTR" duration="00:00:00.0057891" startTime="2026-06-07T18:52:48.4135563+05:00" endTime="2026-06-07T18:52:48.4135567+05:00" testType="13cdc9d9-ddb5-4fa4-a97d-d965ccfc6d4b" outcome="Passed" testListId="8c84fa94-04c1-424b-9868-57a2d4851a1d" relativeResultsDirectory="787da167-4858-4a53-85d9-4a8fb70ee96f" />
    <UnitTestResult executionId="f4de3f7f-2ca1-4be1-ac9a-6bf5517807fc" testId="3a83f0e2-c1cd-83c4-b0f6-7c8beacdc660" testName="Vantuz.Core.Tests.GuiModeFunctionalTests.AllManifests_HaveConsistentGameProvider" computerName="DESKTOP-NTADQTR" duration="00:00:00.0041250" startTime="2026-06-07T18:52:32.1460713+05:00" endTime="2026-06-07T18:52:32.1460718+05:00" testType="13cdc9d9-ddb5-4fa4-a97d-d965ccfc6d4b" outcome="Passed" testListId="8c84fa94-04c1-424b-9868-57a2d4851a1d" relativeResultsDirectory="f4de3f7f-2ca1-4be1-ac9a-6bf5517807fc" />
    <UnitTestResult executionId="be9a6e24-6145-4b72-ace6-6546f8c0bf83" testId="c9ca4d7b-e0a1-0209-423b-deb7dda946f9" testName="Vantuz.Core.Tests.GuiModeProcessTests.GuiMode_ProcessKilled_NoZombieRemains" computerName="DESKTOP-NTADQTR" duration="00:00:04.6665073" startTime="2026-06-07T18:53:21.5157597+05:00" endTime="2026-06-07T18:53:21.5157602+05:00" testType="13cdc9d9-ddb5-4fa4-a97d-d965ccfc6d4b" outcome="Passed" testListId="8c84fa94-04c1-424b-9868-57a2d4851a1d" relativeResultsDirectory="be9a6e24-6145-4b72-ace6-6546f8c0bf83" />
    <UnitTestResult executionId="45624c14-6202-4009-8ce5-68447f7c5caa" testId="32f63f73-7a95-9fa9-216d-6f69ff396a0e" testName="Vantuz.Core.Tests.MinecraftGameProviderTests.CheckVersionAsync_ForgeIncomplete_ReturnsFalse" computerName="DESKTOP-NTADQTR" duration="00:00:00.2200876" startTime="2026-06-07T18:52:48.1703652+05:00" endTime="2026-06-07T18:52:48.1703657+05:00" testType="13cdc9d9-ddb5-4fa4-a97d-d965ccfc6d4b" outcome="Passed" testListId="8c84fa94-04c1-424b-9868-57a2d4851a1d" relativeResultsDirectory="45624c14-6202-4009-8ce5-68447f7c5caa" />
    <UnitTestResult executionId="b8149e80-05ab-430d-9cb5-c417d294645f" testId="eea26664-1b21-7fc4-cfb6-14b6b0a52392" testName="Vantuz.Core.Tests.LaunchArgumentValidationTests.ExecuteCommand_UnresolvedPlaceholder_ReturnsFailureWithClearMessage" computerName="DESKTOP-NTADQTR" duration="00:00:00.0015881" startTime="2026-06-07T18:52:46.5583732+05:00" endTime="2026-06-07T18:52:46.5583742+05:00" testType="13cdc9d9-ddb5-4fa4-a97d-d965ccfc6d4b" outcome="Passed" testListId="8c84fa94-04c1-424b-9868-57a2d4851a1d" relativeResultsDirectory="b8149e80-05ab-430d-9cb5-c417d294645f" />
    <UnitTestResult executionId="e29b57d8-a805-4e22-933d-6fe05b1312be" testId="0f49cba4-113b-2eb7-96b2-923831f9ba8b" testName="Vantuz.Core.Tests.MinecraftGameProviderTests.CheckVersionAsync_VanillaIncomplete_ReturnsFalse" computerName="DESKTOP-NTADQTR" duration="00:00:00.1650517" startTime="2026-06-07T18:52:47.9500038+05:00" endTime="2026-06-07T18:52:47.9500042+05:00" testType="13cdc9d9-ddb5-4fa4-a97d-d965ccfc6d4b" outcome="Passed" testListId="8c84fa94-04c1-424b-9868-57a2d4851a1d" relativeResultsDirectory="e29b57d8-a805-4e22-933d-6fe05b1312be" />
    <UnitTestResult executionId="2bf13a44-ed90-45ed-a778-1fbd613196df" testId="75cfac8b-3249-a70b-7150-059b815e7279" testName="Vantuz.Core.Tests.VariableInterpolationTests.InterpolateVariables_RealisticBootJson_NoUnresolvedPlaceholders" computerName="DESKTOP-NTADQTR" duration="00:00:00.1664691" startTime="2026-06-07T18:52:32.0411570+05:00" endTime="2026-06-07T18:52:32.0411572+05:00" testType="13cdc9d9-ddb5-4fa4-a97d-d965ccfc6d4b" outcome="Passed" testListId="8c84fa94-04c1-424b-9868-57a2d4851a1d" relativeResultsDirectory="2bf13a44-ed90-45ed-a778-1fbd613196df" />
    <UnitTestResult executionId="9d16e79f-499b-4396-8d32-65a3f84aad7f" testId="5417a48c-7dc4-7e65-5dde-45f31da74186" testName="Vantuz.Core.Tests.GuiPipelinePositiveVerificationTests.GuiPipeline_ResolvesAllPlugins" computerName="DESKTOP-NTADQTR" duration="00:00:06.0619977" startTime="2026-06-07T18:52:53.1938128+05:00" endTime="2026-06-07T18:52:53.1938133+05:00" testType="13cdc9d9-ddb5-4fa4-a97d-d965ccfc6d4b" outcome="Passed" testListId="8c84fa94-04c1-424b-9868-57a2d4851a1d" relativeResultsDirectory="9d16e79f-499b-4396-8d32-65a3f84aad7f" />
    <UnitTestResult executionId="76fb3134-d878-4a1b-864f-b552bd4c08df" testId="8d9f625b-eca0-caaf-80b7-0208b4fb0a84" testName="Vantuz.Core.Tests.VariableInterpolationTests.InterpolateVariables_SpecialFolder_Resolves" computerName="DESKTOP-NTADQTR" duration="00:00:00.0004282" startTime="2026-06-07T18:52:32.0414422+05:00" endTime="2026-06-07T18:52:32.0414423+05:00" testType="13cdc9d9-ddb5-4fa4-a97d-d965ccfc6d4b" outcome="Passed" testListId="8c84fa94-04c1-424b-9868-57a2d4851a1d" relativeResultsDirectory="76fb3134-d878-4a1b-864f-b552bd4c08df" />
    <UnitTestResult executionId="5fec3db7-1b13-48f8-9d1b-6f2727bb6352" testId="caedb91e-215d-ab53-d2d2-ea06de83613b" testName="Vantuz.Core.Tests.VariableInterpolationTests.InterpolateVariables_EnvironmentVariable_Resolves" computerName="DESKTOP-NTADQTR" duration="00:00:00.0004392" startTime="2026-06-07T18:52:32.0717282+05:00" endTime="2026-06-07T18:52:32.0717283+05:00" testType="13cdc9d9-ddb5-4fa4-a97d-d965ccfc6d4b" outcome="Passed" testListId="8c84fa94-04c1-424b-9868-57a2d4851a1d" relativeResultsDirectory="5fec3db7-1b13-48f8-9d1b-6f2727bb6352" />
    <UnitTestResult executionId="8b4c4009-bf49-4565-9332-1396bfe67eb2" testId="6610700f-012b-0b62-cefd-986d8f87c629" testName="Vantuz.Core.Tests.GuiModeProcessTests.GuiMode_ProcessStarts_WindowAppearsWithin10Seconds" computerName="DESKTOP-NTADQTR" duration="00:00:20.0651441" startTime="2026-06-07T18:52:51.9881118+05:00" endTime="2026-06-07T18:52:51.9881127+05:00" testType="13cdc9d9-ddb5-4fa4-a97d-d965ccfc6d4b" outcome="Failed" testListId="8c84fa94-04c1-424b-9868-57a2d4851a1d" relativeResultsDirectory="8b4c4009-bf49-4565-9332-1396bfe67eb2">
      <Output>
        <ErrorInfo>
          <Message>MainWindowHandle was not created within 20 seconds</Message>
          <StackTrace>   at Vantuz.Core.Tests.GuiModeProcessTests.GuiMode_ProcessStarts_WindowAppearsWithin10Seconds() in c:\000\projects\compositum\Vantuz.Core.Tests\GuiModeProcessTests.cs:line 70&#xD;
   at System.RuntimeMethodHandle.InvokeMethod(Object target, Void** arguments, Signature sig, Boolean isConstructor)&#xD;
   at System.Reflection.MethodBaseInvoker.InvokeWithNoArgs(Object obj, BindingFlags invokeAttr)</StackTrace>
        </ErrorInfo>
      </Output>
    </UnitTestResult>
    <UnitTestResult executionId="6d38283f-2bc3-4e09-9bab-4238df0ffe8d" testId="832ece00-ee0a-69a6-edd0-a3ed2f24d9d0" testName="Vantuz.Core.Tests.MinecraftGameProviderTests.ParseForgeVersion_StandardFormat_ReturnsCorrectTuple" computerName="DESKTOP-NTADQTR" duration="00:00:00.0009633" startTime="2026-06-07T18:52:48.7759620+05:00" endTime="2026-06-07T18:52:48.7759624+05:00" testType="13cdc9d9-ddb5-4fa4-a97d-d965ccfc6d4b" outcome="Passed" testListId="8c84fa94-04c1-424b-9868-57a2d4851a1d" relativeResultsDirectory="6d38283f-2bc3-4e09-9bab-4238df0ffe8d" />
    <UnitTestResult executionId="2d183c28-299f-436e-a0b5-5aed365af6c0" testId="3ab3a265-65e5-6c60-d4c2-773914ebd1ce" testName="Vantuz.Core.Tests.PipelinePositiveVerificationTests.Headless_RunsAllSteps_AndLogsPositiveMarkers" computerName="DESKTOP-NTADQTR" duration="00:00:15.4412813" startTime="2026-06-07T18:52:47.5351050+05:00" endTime="2026-06-07T18:52:47.5351054+05:00" testType="13cdc9d9-ddb5-4fa4-a97d-d965ccfc6d4b" outcome="Passed" testListId="8c84fa94-04c1-424b-9868-57a2d4851a1d" relativeResultsDirectory="2d183c28-299f-436e-a0b5-5aed365af6c0" />
    <UnitTestResult executionId="06984217-83eb-453e-a88e-baac2ea7f246" testId="266b97bd-0a78-5b99-c908-e3c9177da4de" testName="Vantuz.Core.Tests.HeadlessSmokeTests.HeadlessSmokeTest_ExitsWithoutCriticalError" computerName="DESKTOP-NTADQTR" duration="00:00:15.5798179" startTime="2026-06-07T18:52:47.6752901+05:00" endTime="2026-06-07T18:52:47.6752909+05:00" testType="13cdc9d9-ddb5-4fa4-a97d-d965ccfc6d4b" outcome="Passed" testListId="8c84fa94-04c1-424b-9868-57a2d4851a1d" relativeResultsDirectory="06984217-83eb-453e-a88e-baac2ea7f246" />
    <UnitTestResult executionId="afcb5efc-baf0-427c-98e9-0050804bdfd3" testId="9d82f38f-4f42-5efe-d3a7-983c7c7ee93b" testName="Vantuz.Core.Tests.CommandResultTests.Success_Constructor_SetsProperties" computerName="DESKTOP-NTADQTR" duration="00:00:00.0073711" startTime="2026-06-07T18:52:31.9657642+05:00" endTime="2026-06-07T18:52:31.9658259+05:00" testType="13cdc9d9-ddb5-4fa4-a97d-d965ccfc6d4b" outcome="Passed" testListId="8c84fa94-04c1-424b-9868-57a2d4851a1d" relativeResultsDirectory="afcb5efc-baf0-427c-98e9-0050804bdfd3" />
    <UnitTestResult executionId="fce65b21-2945-4337-ab9b-25aaf62c8644" testId="8ed1f628-546a-9be4-9711-360f50e39ac9" testName="Vantuz.Core.Tests.VariableInterpolationTests.InterpolateVariables_CircularDependency_DoesNotHang" computerName="DESKTOP-NTADQTR" duration="00:00:00.0006700" startTime="2026-06-07T18:52:32.0413117+05:00" endTime="2026-06-07T18:52:32.0413118+05:00" testType="13cdc9d9-ddb5-4fa4-a97d-d965ccfc6d4b" outcome="Passed" testListId="8c84fa94-04c1-424b-9868-57a2d4851a1d" relativeResultsDirectory="fce65b21-2945-4337-ab9b-25aaf62c8644" />
    <UnitTestResult executionId="b88b447d-2be6-41fa-9f3d-23ebb8908f65" testId="5db4cf82-8321-f730-2893-cc3c45813804" testName="Vantuz.Core.Tests.MinecraftGameProviderTests.CheckVersionAsync_VanillaComplete_ReturnsTrue" computerName="DESKTOP-NTADQTR" duration="00:00:00.0926461" startTime="2026-06-07T18:52:48.8689179+05:00" endTime="2026-06-07T18:52:48.8689200+05:00" testType="13cdc9d9-ddb5-4fa4-a97d-d965ccfc6d4b" outcome="Passed" testListId="8c84fa94-04c1-424b-9868-57a2d4851a1d" relativeResultsDirectory="b88b447d-2be6-41fa-9f3d-23ebb8908f65" />
    <UnitTestResult executionId="a7a2fd15-635e-4128-b22f-d6349df77e6a" testId="ce42e30e-97b2-6b7a-7fbe-110c861c48a4" testName="Vantuz.Core.Tests.HeadlessSmokeTests.BootJson_ParsesWithoutNullReference" computerName="DESKTOP-NTADQTR" duration="00:00:00.0093852" startTime="2026-06-07T18:52:32.1474527+05:00" endTime="2026-06-07T18:52:32.1474528+05:00" testType="13cdc9d9-ddb5-4fa4-a97d-d965ccfc6d4b" outcome="Passed" testListId="8c84fa94-04c1-424b-9868-57a2d4851a1d" relativeResultsDirectory="a7a2fd15-635e-4128-b22f-d6349df77e6a" />
    <UnitTestResult executionId="4385ad72-4d1c-487d-887f-067e0d07e283" testId="4852611b-0209-d6fb-14e1-c9b26927339e" testName="Vantuz.Core.Tests.LaunchArgumentValidationTests.GameLaunchCommand_MissingInstallDir_ReturnsFailureWithClearMessage" computerName="DESKTOP-NTADQTR" duration="00:00:00.0021728" startTime="2026-06-07T18:52:33.0806292+05:00" endTime="2026-06-07T18:52:33.0806297+05:00" testType="13cdc9d9-ddb5-4fa4-a97d-d965ccfc6d4b" outcome="Passed" testListId="8c84fa94-04c1-424b-9868-57a2d4851a1d" relativeResultsDirectory="4385ad72-4d1c-487d-887f-067e0d07e283" />
  </Results>
  <TestDefinitions>
    <UnitTest name="Vantuz.Core.Tests.GuiPipelinePositiveVerificationTests.GuiPipeline_ResolvesAllPlugins" storage="c:\000\projects\compositum\vantuz.core.tests\bin\debug\net8.0\vantuz.core.tests.dll" id="5417a48c-7dc4-7e65-5dde-45f31da74186">
      <Execution id="9d16e79f-499b-4396-8d32-65a3f84aad7f" />
      <TestMethod codeBase="C:\000\projects\compositum\Vantuz.Core.Tests\bin\Debug\net8.0\Vantuz.Core.Tests.dll" adapterTypeName="executor://xunit/VsTestRunner2/netcoreapp" className="Vantuz.Core.Tests.GuiPipelinePositiveVerificationTests" name="GuiPipeline_ResolvesAllPlugins" />
    </UnitTest>
    <UnitTest name="Vantuz.Core.Tests.PipelinePositiveVerificationTests.Manifest_NoUnresolvedPlaceholders(fileName: &quot;boot.minecraft.production.json&quot;)" storage="c:\000\projects\compositum\vantuz.core.tests\bin\debug\net8.0\vantuz.core.tests.dll" id="17064349-f04a-07ea-f999-43fea8de6e1c">
      <Execution id="906cb726-cc60-463e-a69a-eb48b7582ac1" />
      <TestMethod codeBase="C:\000\projects\compositum\Vantuz.Core.Tests\bin\Debug\net8.0\Vantuz.Core.Tests.dll" adapterTypeName="executor://xunit/VsTestRunner2/netcoreapp" className="Vantuz.Core.Tests.PipelinePositiveVerificationTests" name="Manifest_NoUnresolvedPlaceholders" />
    </UnitTest>
    <UnitTest name="Vantuz.Core.Tests.MinecraftGameProviderTests.CheckVersionAsync_MissingVersion_ReturnsFalse" storage="c:\000\projects\compositum\vantuz.core.tests\bin\debug\net8.0\vantuz.core.tests.dll" id="82ecfb8e-1b87-c4ea-86dc-025e57f653c8">
      <Execution id="787da167-4858-4a53-85d9-4a8fb70ee96f" />
      <TestMethod codeBase="C:\000\projects\compositum\Vantuz.Core.Tests\bin\Debug\net8.0\Vantuz.Core.Tests.dll" adapterTypeName="executor://xunit/VsTestRunner2/netcoreapp" className="Vantuz.Core.Tests.MinecraftGameProviderTests" name="CheckVersionAsync_MissingVersion_ReturnsFalse" />
    </UnitTest>
    <UnitTest name="Vantuz.Core.Tests.CommandResultTests.Success_Constructor_SetsProperties" storage="c:\000\projects\compositum\vantuz.core.tests\bin\debug\net8.0\vantuz.core.tests.dll" id="9d82f38f-4f42-5efe-d3a7-983c7c7ee93b">
      <Execution id="afcb5efc-baf0-427c-98e9-0050804bdfd3" />
      <TestMethod codeBase="C:\000\projects\compositum\Vantuz.Core.Tests\bin\Debug\net8.0\Vantuz.Core.Tests.dll" adapterTypeName="executor://xunit/VsTestRunner2/netcoreapp" className="Vantuz.Core.Tests.CommandResultTests" name="Success_Constructor_SetsProperties" />
    </UnitTest>
    <UnitTest name="Vantuz.Core.Tests.VariableInterpolationTests.InterpolateVariables_CircularDependency_DoesNotHang" storage="c:\000\projects\compositum\vantuz.core.tests\bin\debug\net8.0\vantuz.core.tests.dll" id="8ed1f628-546a-9be4-9711-360f50e39ac9">
      <Execution id="fce65b21-2945-4337-ab9b-25aaf62c8644" />
      <TestMethod codeBase="C:\000\projects\compositum\Vantuz.Core.Tests\bin\Debug\net8.0\Vantuz.Core.Tests.dll" adapterTypeName="executor://xunit/VsTestRunner2/netcoreapp" className="Vantuz.Core.Tests.VariableInterpolationTests" name="InterpolateVariables_CircularDependency_DoesNotHang" />
    </UnitTest>
    <UnitTest name="Vantuz.Core.Tests.PipelinePositiveVerificationTests.Manifest_LaunchCommand_IsFollowedByExecuteCommand(fileName: &quot;boot.gui.json&quot;)" storage="c:\000\projects\compositum\vantuz.core.tests\bin\debug\net8.0\vantuz.core.tests.dll" id="2fdd3774-7c85-360d-fa74-7441eadbcbf7">
      <Execution id="618290e6-f363-4f85-93b0-ed6fe28dcebc" />
      <TestMethod codeBase="C:\000\projects\compositum\Vantuz.Core.Tests\bin\Debug\net8.0\Vantuz.Core.Tests.dll" adapterTypeName="executor://xunit/VsTestRunner2/netcoreapp" className="Vantuz.Core.Tests.PipelinePositiveVerificationTests" name="Manifest_LaunchCommand_IsFollowedByExecuteCommand" />
    </UnitTest>
    <UnitTest name="Vantuz.Core.Tests.PipelinePositiveVerificationTests.Manifest_NoUnresolvedPlaceholders(fileName: &quot;boot.headless.json&quot;)" storage="c:\000\projects\compositum\vantuz.core.tests\bin\debug\net8.0\vantuz.core.tests.dll" id="de27a3a4-5585-1811-f69a-d74b7b44037f">
      <Execution id="34920874-2df0-48ef-9fee-f7c8d7d2e219" />
      <TestMethod codeBase="C:\000\projects\compositum\Vantuz.Core.Tests\bin\Debug\net8.0\Vantuz.Core.Tests.dll" adapterTypeName="executor://xunit/VsTestRunner2/netcoreapp" className="Vantuz.Core.Tests.PipelinePositiveVerificationTests" name="Manifest_NoUnresolvedPlaceholders" />
    </UnitTest>
    <UnitTest name="Vantuz.Core.Tests.PipelinePositiveVerificationTests.Manifest_NoUnresolvedPlaceholders(fileName: &quot;boot.gui.json&quot;)" storage="c:\000\projects\compositum\vantuz.core.tests\bin\debug\net8.0\vantuz.core.tests.dll" id="5b2a8097-f07c-36bd-324a-bdc2320e5f2d">
      <Execution id="80a0ca21-e834-4535-8f12-4161a22b9b14" />
      <TestMethod codeBase="C:\000\projects\compositum\Vantuz.Core.Tests\bin\Debug\net8.0\Vantuz.Core.Tests.dll" adapterTypeName="executor://xunit/VsTestRunner2/netcoreapp" className="Vantuz.Core.Tests.PipelinePositiveVerificationTests" name="Manifest_NoUnresolvedPlaceholders" />
    </UnitTest>
    <UnitTest name="Vantuz.Core.Tests.PipelinePositiveVerificationTests.BootHeadlessJson_StepsMatchExpectedSet" storage="c:\000\projects\compositum\vantuz.core.tests\bin\debug\net8.0\vantuz.core.tests.dll" id="184bf7b2-dc0f-4b9c-0917-ff393766eaa3">
      <Execution id="77f308f1-25f8-4df8-a45a-fe445f6b1a82" />
      <TestMethod codeBase="C:\000\projects\compositum\Vantuz.Core.Tests\bin\Debug\net8.0\Vantuz.Core.Tests.dll" adapterTypeName="executor://xunit/VsTestRunner2/netcoreapp" className="Vantuz.Core.Tests.PipelinePositiveVerificationTests" name="BootHeadlessJson_StepsMatchExpectedSet" />
    </UnitTest>
    <UnitTest name="Vantuz.Core.Tests.MinecraftGameProviderTests.GameInstallerCommand_ForgeAlreadyInstalled_SkipsInstall" storage="c:\000\projects\compositum\vantuz.core.tests\bin\debug\net8.0\vantuz.core.tests.dll" id="b176c4ce-c811-cce4-ac28-b5b7914e0234">
      <Execution id="437e6953-faa8-4fb2-8383-b86c46c29117" />
      <TestMethod codeBase="C:\000\projects\compositum\Vantuz.Core.Tests\bin\Debug\net8.0\Vantuz.Core.Tests.dll" adapterTypeName="executor://xunit/VsTestRunner2/netcoreapp" className="Vantuz.Core.Tests.MinecraftGameProviderTests" name="GameInstallerCommand_ForgeAlreadyInstalled_SkipsInstall" />
    </UnitTest>
    <UnitTest name="Vantuz.Core.Tests.VariableInterpolationTests.InterpolateVariables_ChainedDependencies_ResolvesTransitively" storage="c:\000\projects\compositum\vantuz.core.tests\bin\debug\net8.0\vantuz.core.tests.dll" id="2ede7db6-f9e3-8c2c-4030-c3ebeefecce1">
      <Execution id="24e0d597-c974-4cc2-839e-98370229ed9c" />
      <TestMethod codeBase="C:\000\projects\compositum\Vantuz.Core.Tests\bin\Debug\net8.0\Vantuz.Core.Tests.dll" adapterTypeName="executor://xunit/VsTestRunner2/netcoreapp" className="Vantuz.Core.Tests.VariableInterpolationTests" name="InterpolateVariables_ChainedDependencies_ResolvesTransitively" />
    </UnitTest>
    <UnitTest name="Vantuz.Core.Tests.MinecraftGameProviderTests.CheckVersionAsync_ForgeBootstrapLauncherMissing_ReturnsFalse" storage="c:\000\projects\compositum\vantuz.core.tests\bin\debug\net8.0\vantuz.core.tests.dll" id="750abeff-0014-b470-5d16-6f124c7e2219">
      <Execution id="869090ab-061e-4d82-912b-3d8cbf8bf844" />
      <TestMethod codeBase="C:\000\projects\compositum\Vantuz.Core.Tests\bin\Debug\net8.0\Vantuz.Core.Tests.dll" adapterTypeName="executor://xunit/VsTestRunner2/netcoreapp" className="Vantuz.Core.Tests.MinecraftGameProviderTests" name="CheckVersionAsync_ForgeBootstrapLauncherMissing_ReturnsFalse" />
    </UnitTest>
    <UnitTest name="Vantuz.Core.Tests.MinecraftGameProviderTests.CheckVersionAsync_VanillaIncomplete_ReturnsFalse" storage="c:\000\projects\compositum\vantuz.core.tests\bin\debug\net8.0\vantuz.core.tests.dll" id="0f49cba4-113b-2eb7-96b2-923831f9ba8b">
      <Execution id="e29b57d8-a805-4e22-933d-6fe05b1312be" />
      <TestMethod codeBase="C:\000\projects\compositum\Vantuz.Core.Tests\bin\Debug\net8.0\Vantuz.Core.Tests.dll" adapterTypeName="executor://xunit/VsTestRunner2/netcoreapp" className="Vantuz.Core.Tests.MinecraftGameProviderTests" name="CheckVersionAsync_VanillaIncomplete_ReturnsFalse" />
    </UnitTest>
    <UnitTest name="Vantuz.Core.Tests.VariableInterpolationTests.InterpolateVariables_EnvironmentVariable_Resolves" storage="c:\000\projects\compositum\vantuz.core.tests\bin\debug\net8.0\vantuz.core.tests.dll" id="caedb91e-215d-ab53-d2d2-ea06de83613b">
      <Execution id="5fec3db7-1b13-48f8-9d1b-6f2727bb6352" />
      <TestMethod codeBase="C:\000\projects\compositum\Vantuz.Core.Tests\bin\Debug\net8.0\Vantuz.Core.Tests.dll" adapterTypeName="executor://xunit/VsTestRunner2/netcoreapp" className="Vantuz.Core.Tests.VariableInterpolationTests" name="InterpolateVariables_EnvironmentVariable_Resolves" />
    </UnitTest>
    <UnitTest name="Vantuz.Core.Tests.VariableInterpolationTests.InterpolateVariables_RealisticBootJson_NoUnresolvedPlaceholders" storage="c:\000\projects\compositum\vantuz.core.tests\bin\debug\net8.0\vantuz.core.tests.dll" id="75cfac8b-3249-a70b-7150-059b815e7279">
      <Execution id="2bf13a44-ed90-45ed-a778-1fbd613196df" />
      <TestMethod codeBase="C:\000\projects\compositum\Vantuz.Core.Tests\bin\Debug\net8.0\Vantuz.Core.Tests.dll" adapterTypeName="executor://xunit/VsTestRunner2/netcoreapp" className="Vantuz.Core.Tests.VariableInterpolationTests" name="InterpolateVariables_RealisticBootJson_NoUnresolvedPlaceholders" />
    </UnitTest>
    <UnitTest name="Vantuz.Core.Tests.LaunchArgumentValidationTests.ExecuteCommand_UnresolvedPlaceholder_ReturnsFailureWithClearMessage" storage="c:\000\projects\compositum\vantuz.core.tests\bin\debug\net8.0\vantuz.core.tests.dll" id="eea26664-1b21-7fc4-cfb6-14b6b0a52392">
      <Execution id="b8149e80-05ab-430d-9cb5-c417d294645f" />
      <TestMethod codeBase="C:\000\projects\compositum\Vantuz.Core.Tests\bin\Debug\net8.0\Vantuz.Core.Tests.dll" adapterTypeName="executor://xunit/VsTestRunner2/netcoreapp" className="Vantuz.Core.Tests.LaunchArgumentValidationTests" name="ExecuteCommand_UnresolvedPlaceholder_ReturnsFailureWithClearMessage" />
    </UnitTest>
    <UnitTest name="Vantuz.Core.Tests.GuiModeProcessTests.GuiMode_ProcessStarts_WindowAppearsWithin10Seconds" storage="c:\000\projects\compositum\vantuz.core.tests\bin\debug\net8.0\vantuz.core.tests.dll" id="6610700f-012b-0b62-cefd-986d8f87c629">
      <Execution id="8b4c4009-bf49-4565-9332-1396bfe67eb2" />
      <TestMethod codeBase="C:\000\projects\compositum\Vantuz.Core.Tests\bin\Debug\net8.0\Vantuz.Core.Tests.dll" adapterTypeName="executor://xunit/VsTestRunner2/netcoreapp" className="Vantuz.Core.Tests.GuiModeProcessTests" name="GuiMode_ProcessStarts_WindowAppearsWithin10Seconds" />
    </UnitTest>
    <UnitTest name="Vantuz.Core.Tests.LaunchArgumentValidationTests.GameLaunchCommand_ResolvedInstallDir_GameArgsContainsNoPlaceholders" storage="c:\000\projects\compositum\vantuz.core.tests\bin\debug\net8.0\vantuz.core.tests.dll" id="c51b34ef-4ac0-f70c-a4c5-b3f89b14361b">
      <Execution id="1d4e0abd-2cad-4369-9d6f-46f6f4500b1b" />
      <TestMethod codeBase="C:\000\projects\compositum\Vantuz.Core.Tests\bin\Debug\net8.0\Vantuz.Core.Tests.dll" adapterTypeName="executor://xunit/VsTestRunner2/netcoreapp" className="Vantuz.Core.Tests.LaunchArgumentValidationTests" name="GameLaunchCommand_ResolvedInstallDir_GameArgsContainsNoPlaceholders" />
    </UnitTest>
    <UnitTest name="Vantuz.Core.Tests.VariableInterpolationTests.InterpolateVariables_DependentVariables_ResolvesInOrder" storage="c:\000\projects\compositum\vantuz.core.tests\bin\debug\net8.0\vantuz.core.tests.dll" id="d3dac384-ae1f-5876-07f2-1bcf0e9f9683">
      <Execution id="b6711723-500f-4cd2-a8fe-02c6c881cabe" />
      <TestMethod codeBase="C:\000\projects\compositum\Vantuz.Core.Tests\bin\Debug\net8.0\Vantuz.Core.Tests.dll" adapterTypeName="executor://xunit/VsTestRunner2/netcoreapp" className="Vantuz.Core.Tests.VariableInterpolationTests" name="InterpolateVariables_DependentVariables_ResolvesInOrder" />
    </UnitTest>
    <UnitTest name="Vantuz.Core.Tests.HeadlessSmokeTests.HeadlessSmokeTest_ExitsWithoutCriticalError" storage="c:\000\projects\compositum\vantuz.core.tests\bin\debug\net8.0\vantuz.core.tests.dll" id="266b97bd-0a78-5b99-c908-e3c9177da4de">
      <Execution id="06984217-83eb-453e-a88e-baac2ea7f246" />
      <TestMethod codeBase="C:\000\projects\compositum\Vantuz.Core.Tests\bin\Debug\net8.0\Vantuz.Core.Tests.dll" adapterTypeName="executor://xunit/VsTestRunner2/netcoreapp" className="Vantuz.Core.Tests.HeadlessSmokeTests" name="HeadlessSmokeTest_ExitsWithoutCriticalError" />
    </UnitTest>
    <UnitTest name="Vantuz.Core.Tests.MinecraftGameProviderTests.CheckVersionAsync_VanillaComplete_ReturnsTrue" storage="c:\000\projects\compositum\vantuz.core.tests\bin\debug\net8.0\vantuz.core.tests.dll" id="5db4cf82-8321-f730-2893-cc3c45813804">
      <Execution id="b88b447d-2be6-41fa-9f3d-23ebb8908f65" />
      <TestMethod codeBase="C:\000\projects\compositum\Vantuz.Core.Tests\bin\Debug\net8.0\Vantuz.Core.Tests.dll" adapterTypeName="executor://xunit/VsTestRunner2/netcoreapp" className="Vantuz.Core.Tests.MinecraftGameProviderTests" name="CheckVersionAsync_VanillaComplete_ReturnsTrue" />
    </UnitTest>
    <UnitTest name="Vantuz.Core.Tests.VariableInterpolationTests.InterpolateVariables_PayloadOverridesVariable" storage="c:\000\projects\compositum\vantuz.core.tests\bin\debug\net8.0\vantuz.core.tests.dll" id="8f30efbc-7e3d-ab47-0825-e02fd91dce70">
      <Execution id="4bc6e36f-8fb9-4fd6-9bdd-1a597ce31394" />
      <TestMethod codeBase="C:\000\projects\compositum\Vantuz.Core.Tests\bin\Debug\net8.0\Vantuz.Core.Tests.dll" adapterTypeName="executor://xunit/VsTestRunner2/netcoreapp" className="Vantuz.Core.Tests.VariableInterpolationTests" name="InterpolateVariables_PayloadOverridesVariable" />
    </UnitTest>
    <UnitTest name="Vantuz.Core.Tests.GuiModeFunctionalTests.GuiManifest_GameVersion_IsValidForgeFormat" storage="c:\000\projects\compositum\vantuz.core.tests\bin\debug\net8.0\vantuz.core.tests.dll" id="5218aab3-91e5-4d02-6f4b-36bb8169aaad">
      <Execution id="8711b82f-22f0-4fa2-ac30-0d443b133a99" />
      <TestMethod codeBase="C:\000\projects\compositum\Vantuz.Core.Tests\bin\Debug\net8.0\Vantuz.Core.Tests.dll" adapterTypeName="executor://xunit/VsTestRunner2/netcoreapp" className="Vantuz.Core.Tests.GuiModeFunctionalTests" name="GuiManifest_GameVersion_IsValidForgeFormat" />
    </UnitTest>
    <UnitTest name="Vantuz.Core.Tests.GuiPipelinePositiveVerificationTests.BootGuiJson_StepsMatchExpectedSet" storage="c:\000\projects\compositum\vantuz.core.tests\bin\debug\net8.0\vantuz.core.tests.dll" id="60f71c30-2701-977b-d59a-5eb8477cee78">
      <Execution id="278be2a1-f0d4-4fc5-896a-657ecb327471" />
      <TestMethod codeBase="C:\000\projects\compositum\Vantuz.Core.Tests\bin\Debug\net8.0\Vantuz.Core.Tests.dll" adapterTypeName="executor://xunit/VsTestRunner2/netcoreapp" className="Vantuz.Core.Tests.GuiPipelinePositiveVerificationTests" name="BootGuiJson_StepsMatchExpectedSet" />
    </UnitTest>
    <UnitTest name="Vantuz.Core.Tests.MinecraftGameProviderTests.ParseForgeVersion_FallbackSplit_ReturnsCorrectTuple" storage="c:\000\projects\compositum\vantuz.core.tests\bin\debug\net8.0\vantuz.core.tests.dll" id="8b3bf037-cef9-fafc-a3a4-5384c3a08276">
      <Execution id="f9f3c627-a616-4f19-ae1e-04fdb098c10f" />
      <TestMethod codeBase="C:\000\projects\compositum\Vantuz.Core.Tests\bin\Debug\net8.0\Vantuz.Core.Tests.dll" adapterTypeName="executor://xunit/VsTestRunner2/netcoreapp" className="Vantuz.Core.Tests.MinecraftGameProviderTests" name="ParseForgeVersion_FallbackSplit_ReturnsCorrectTuple" />
    </UnitTest>
    <UnitTest name="Vantuz.Core.Tests.PipelinePositiveVerificationTests.Headless_RunsAllSteps_AndLogsPositiveMarkers" storage="c:\000\projects\compositum\vantuz.core.tests\bin\debug\net8.0\vantuz.core.tests.dll" id="3ab3a265-65e5-6c60-d4c2-773914ebd1ce">
      <Execution id="2d183c28-299f-436e-a0b5-5aed365af6c0" />
      <TestMethod codeBase="C:\000\projects\compositum\Vantuz.Core.Tests\bin\Debug\net8.0\Vantuz.Core.Tests.dll" adapterTypeName="executor://xunit/VsTestRunner2/netcoreapp" className="Vantuz.Core.Tests.PipelinePositiveVerificationTests" name="Headless_RunsAllSteps_AndLogsPositiveMarkers" />
    </UnitTest>
    <UnitTest name="Vantuz.Core.Tests.VariableInterpolationTests.InterpolateVariables_SpecialFolder_Resolves" storage="c:\000\projects\compositum\vantuz.core.tests\bin\debug\net8.0\vantuz.core.tests.dll" id="8d9f625b-eca0-caaf-80b7-0208b4fb0a84">
      <Execution id="76fb3134-d878-4a1b-864f-b552bd4c08df" />
      <TestMethod codeBase="C:\000\projects\compositum\Vantuz.Core.Tests\bin\Debug\net8.0\Vantuz.Core.Tests.dll" adapterTypeName="executor://xunit/VsTestRunner2/netcoreapp" className="Vantuz.Core.Tests.VariableInterpolationTests" name="InterpolateVariables_SpecialFolder_Resolves" />
    </UnitTest>
    <UnitTest name="Vantuz.Core.Tests.GuiPipelinePositiveVerificationTests.GuiPipeline_ExecutesWithoutPluginNotFoundCrash" storage="c:\000\projects\compositum\vantuz.core.tests\bin\debug\net8.0\vantuz.core.tests.dll" id="17bbd0b6-9b48-5d98-6178-af45a2de6271">
      <Execution id="b6630b9f-f661-460d-9091-8c0395e1a652" />
      <TestMethod codeBase="C:\000\projects\compositum\Vantuz.Core.Tests\bin\Debug\net8.0\Vantuz.Core.Tests.dll" adapterTypeName="executor://xunit/VsTestRunner2/netcoreapp" className="Vantuz.Core.Tests.GuiPipelinePositiveVerificationTests" name="GuiPipeline_ExecutesWithoutPluginNotFoundCrash" />
    </UnitTest>
    <UnitTest name="Vantuz.Core.Tests.LaunchArgumentValidationTests.ExecuteCommand_DummyExecutable_ReturnsSuccess" storage="c:\000\projects\compositum\vantuz.core.tests\bin\debug\net8.0\vantuz.core.tests.dll" id="f8b02280-d58f-52cd-2ac9-ef5216be18cb">
      <Execution id="eb160269-77b7-45f2-873c-8109dcd912e4" />
      <TestMethod codeBase="C:\000\projects\compositum\Vantuz.Core.Tests\bin\Debug\net8.0\Vantuz.Core.Tests.dll" adapterTypeName="executor://xunit/VsTestRunner2/netcoreapp" className="Vantuz.Core.Tests.LaunchArgumentValidationTests" name="ExecuteCommand_DummyExecutable_ReturnsSuccess" />
    </UnitTest>
    <UnitTest name="Vantuz.Core.Tests.GuiModeProcessTests.GuiMode_ProcessKilled_NoZombieRemains" storage="c:\000\projects\compositum\vantuz.core.tests\bin\debug\net8.0\vantuz.core.tests.dll" id="c9ca4d7b-e0a1-0209-423b-deb7dda946f9">
      <Execution id="be9a6e24-6145-4b72-ace6-6546f8c0bf83" />
      <TestMethod codeBase="C:\000\projects\compositum\Vantuz.Core.Tests\bin\Debug\net8.0\Vantuz.Core.Tests.dll" adapterTypeName="executor://xunit/VsTestRunner2/netcoreapp" className="Vantuz.Core.Tests.GuiModeProcessTests" name="GuiMode_ProcessKilled_NoZombieRemains" />
    </UnitTest>
    <UnitTest name="Vantuz.Core.Tests.LaunchArgumentValidationTests.GameLaunchCommand_MissingInstallDir_ReturnsFailureWithClearMessage" storage="c:\000\projects\compositum\vantuz.core.tests\bin\debug\net8.0\vantuz.core.tests.dll" id="4852611b-0209-d6fb-14e1-c9b26927339e">
      <Execution id="4385ad72-4d1c-487d-887f-067e0d07e283" />
      <TestMethod codeBase="C:\000\projects\compositum\Vantuz.Core.Tests\bin\Debug\net8.0\Vantuz.Core.Tests.dll" adapterTypeName="executor://xunit/VsTestRunner2/netcoreapp" className="Vantuz.Core.Tests.LaunchArgumentValidationTests" name="GameLaunchCommand_MissingInstallDir_ReturnsFailureWithClearMessage" />
    </UnitTest>
    <UnitTest name="Vantuz.Core.Tests.LaunchArgumentValidationTests.GameLaunchCommand_MissingJava_ReturnsFailureWithClearMessage" storage="c:\000\projects\compositum\vantuz.core.tests\bin\debug\net8.0\vantuz.core.tests.dll" id="29e75204-ae1f-90d0-2658-3545ee5766ca">
      <Execution id="d8827d3c-ed6a-408a-acb1-b347e1297683" />
      <TestMethod codeBase="C:\000\projects\compositum\Vantuz.Core.Tests\bin\Debug\net8.0\Vantuz.Core.Tests.dll" adapterTypeName="executor://xunit/VsTestRunner2/netcoreapp" className="Vantuz.Core.Tests.LaunchArgumentValidationTests" name="GameLaunchCommand_MissingJava_ReturnsFailureWithClearMessage" />
    </UnitTest>
    <UnitTest name="Vantuz.Core.Tests.MinecraftGameProviderTests.ParseForgeVersion_StandardFormat_ReturnsCorrectTuple" storage="c:\000\projects\compositum\vantuz.core.tests\bin\debug\net8.0\vantuz.core.tests.dll" id="832ece00-ee0a-69a6-edd0-a3ed2f24d9d0">
      <Execution id="6d38283f-2bc3-4e09-9bab-4238df0ffe8d" />
      <TestMethod codeBase="C:\000\projects\compositum\Vantuz.Core.Tests\bin\Debug\net8.0\Vantuz.Core.Tests.dll" adapterTypeName="executor://xunit/VsTestRunner2/netcoreapp" className="Vantuz.Core.Tests.MinecraftGameProviderTests" name="ParseForgeVersion_StandardFormat_ReturnsCorrectTuple" />
    </UnitTest>
    <UnitTest name="Vantuz.Core.Tests.GuiModeProcessTests.GuiMode_FullLaunch_NoApplicationInstanceErrorInTraceLog" storage="c:\000\projects\compositum\vantuz.core.tests\bin\debug\net8.0\vantuz.core.tests.dll" id="f8367f7a-9cce-e548-cd48-ef95c0e76341">
      <Execution id="1d4edbd4-db47-453f-94fd-bb43d6ff8f8a" />
      <TestMethod codeBase="C:\000\projects\compositum\Vantuz.Core.Tests\bin\Debug\net8.0\Vantuz.Core.Tests.dll" adapterTypeName="executor://xunit/VsTestRunner2/netcoreapp" className="Vantuz.Core.Tests.GuiModeProcessTests" name="GuiMode_FullLaunch_NoApplicationInstanceErrorInTraceLog" />
    </UnitTest>
    <UnitTest name="Vantuz.Core.Tests.GuiModeFunctionalTests.AllManifests_HaveConsistentGameProvider" storage="c:\000\projects\compositum\vantuz.core.tests\bin\debug\net8.0\vantuz.core.tests.dll" id="3a83f0e2-c1cd-83c4-b0f6-7c8beacdc660">
      <Execution id="f4de3f7f-2ca1-4be1-ac9a-6bf5517807fc" />
      <TestMethod codeBase="C:\000\projects\compositum\Vantuz.Core.Tests\bin\Debug\net8.0\Vantuz.Core.Tests.dll" adapterTypeName="executor://xunit/VsTestRunner2/netcoreapp" className="Vantuz.Core.Tests.GuiModeFunctionalTests" name="AllManifests_HaveConsistentGameProvider" />
    </UnitTest>
    <UnitTest name="Vantuz.Core.Tests.MinecraftGameProviderTests.CheckVersionAsync_ForgeComplete_ReturnsTrue" storage="c:\000\projects\compositum\vantuz.core.tests\bin\debug\net8.0\vantuz.core.tests.dll" id="9c059e81-9071-1b78-15ed-b760acef5ff4">
      <Execution id="1641010e-8c26-46f3-9b44-c2c24c715b10" />
      <TestMethod codeBase="C:\000\projects\compositum\Vantuz.Core.Tests\bin\Debug\net8.0\Vantuz.Core.Tests.dll" adapterTypeName="executor://xunit/VsTestRunner2/netcoreapp" className="Vantuz.Core.Tests.MinecraftGameProviderTests" name="CheckVersionAsync_ForgeComplete_ReturnsTrue" />
    </UnitTest>
    <UnitTest name="Vantuz.Core.Tests.PipelinePositiveVerificationTests.Manifest_LaunchCommand_IsFollowedByExecuteCommand(fileName: &quot;boot.minecraft.production.json&quot;)" storage="c:\000\projects\compositum\vantuz.core.tests\bin\debug\net8.0\vantuz.core.tests.dll" id="29af152b-9368-65cd-1274-6d4f24ccf49a">
      <Execution id="0d249c6c-98f7-4722-8740-a21c08828294" />
      <TestMethod codeBase="C:\000\projects\compositum\Vantuz.Core.Tests\bin\Debug\net8.0\Vantuz.Core.Tests.dll" adapterTypeName="executor://xunit/VsTestRunner2/netcoreapp" className="Vantuz.Core.Tests.PipelinePositiveVerificationTests" name="Manifest_LaunchCommand_IsFollowedByExecuteCommand" />
    </UnitTest>
    <UnitTest name="Vantuz.Core.Tests.HeadlessSmokeTests.BootJson_ParsesWithoutNullReference" storage="c:\000\projects\compositum\vantuz.core.tests\bin\debug\net8.0\vantuz.core.tests.dll" id="ce42e30e-97b2-6b7a-7fbe-110c861c48a4">
      <Execution id="a7a2fd15-635e-4128-b22f-d6349df77e6a" />
      <TestMethod codeBase="C:\000\projects\compositum\Vantuz.Core.Tests\bin\Debug\net8.0\Vantuz.Core.Tests.dll" adapterTypeName="executor://xunit/VsTestRunner2/netcoreapp" className="Vantuz.Core.Tests.HeadlessSmokeTests" name="BootJson_ParsesWithoutNullReference" />
    </UnitTest>
    <UnitTest name="Vantuz.Core.Tests.GuiModeFunctionalTests.Program_Loads_GuiManifest_NotTemplate" storage="c:\000\projects\compositum\vantuz.core.tests\bin\debug\net8.0\vantuz.core.tests.dll" id="d358d99b-fd27-69b4-d693-f6f14e3eeb19">
      <Execution id="695b54b9-095a-498c-bb39-fa79ad14469e" />
      <TestMethod codeBase="C:\000\projects\compositum\Vantuz.Core.Tests\bin\Debug\net8.0\Vantuz.Core.Tests.dll" adapterTypeName="executor://xunit/VsTestRunner2/netcoreapp" className="Vantuz.Core.Tests.GuiModeFunctionalTests" name="Program_Loads_GuiManifest_NotTemplate" />
    </UnitTest>
    <UnitTest name="Vantuz.Core.Tests.GuiModeFunctionalTests.GeneratedBootJson_MatchesGuiManifest_GameVersion" storage="c:\000\projects\compositum\vantuz.core.tests\bin\debug\net8.0\vantuz.core.tests.dll" id="ab5c9426-00bd-ded5-bb10-dd52f314a81c">
      <Execution id="7fa8d35a-c8ff-4f34-b28f-d5e6401d3ede" />
      <TestMethod codeBase="C:\000\projects\compositum\Vantuz.Core.Tests\bin\Debug\net8.0\Vantuz.Core.Tests.dll" adapterTypeName="executor://xunit/VsTestRunner2/netcoreapp" className="Vantuz.Core.Tests.GuiModeFunctionalTests" name="GeneratedBootJson_MatchesGuiManifest_GameVersion" />
    </UnitTest>
    <UnitTest name="Vantuz.Core.Tests.LaunchArgumentValidationTests.GameLaunchCommand_UnresolvedInstallDir_FailsBeforeProvider" storage="c:\000\projects\compositum\vantuz.core.tests\bin\debug\net8.0\vantuz.core.tests.dll" id="377fa45c-ab02-859b-ac30-5585751c9fce">
      <Execution id="0ad58471-2dd1-49d4-b676-93b53b9abd8e" />
      <TestMethod codeBase="C:\000\projects\compositum\Vantuz.Core.Tests\bin\Debug\net8.0\Vantuz.Core.Tests.dll" adapterTypeName="executor://xunit/VsTestRunner2/netcoreapp" className="Vantuz.Core.Tests.LaunchArgumentValidationTests" name="GameLaunchCommand_UnresolvedInstallDir_FailsBeforeProvider" />
    </UnitTest>
    <UnitTest name="Vantuz.Core.Tests.MinecraftGameProviderTests.CheckVersionAsync_ForgeIncomplete_ReturnsFalse" storage="c:\000\projects\compositum\vantuz.core.tests\bin\debug\net8.0\vantuz.core.tests.dll" id="32f63f73-7a95-9fa9-216d-6f69ff396a0e">
      <Execution id="45624c14-6202-4009-8ce5-68447f7c5caa" />
      <TestMethod codeBase="C:\000\projects\compositum\Vantuz.Core.Tests\bin\Debug\net8.0\Vantuz.Core.Tests.dll" adapterTypeName="executor://xunit/VsTestRunner2/netcoreapp" className="Vantuz.Core.Tests.MinecraftGameProviderTests" name="CheckVersionAsync_ForgeIncomplete_ReturnsFalse" />
    </UnitTest>
    <UnitTest name="Vantuz.Core.Tests.CommandResultTests.Failure_Constructor_SetsProperties" storage="c:\000\projects\compositum\vantuz.core.tests\bin\debug\net8.0\vantuz.core.tests.dll" id="27b965b8-38b6-bee5-51a3-ca4d6d05fb1a">
      <Execution id="be7da2f8-17d2-4f81-a2d6-3a008583b5d4" />
      <TestMethod codeBase="C:\000\projects\compositum\Vantuz.Core.Tests\bin\Debug\net8.0\Vantuz.Core.Tests.dll" adapterTypeName="executor://xunit/VsTestRunner2/netcoreapp" className="Vantuz.Core.Tests.CommandResultTests" name="Failure_Constructor_SetsProperties" />
    </UnitTest>
  </TestDefinitions>
  <TestEntries>
    <TestEntry testId="2ede7db6-f9e3-8c2c-4030-c3ebeefecce1" executionId="24e0d597-c974-4cc2-839e-98370229ed9c" testListId="8c84fa94-04c1-424b-9868-57a2d4851a1d" />
    <TestEntry testId="8b3bf037-cef9-fafc-a3a4-5384c3a08276" executionId="f9f3c627-a616-4f19-ae1e-04fdb098c10f" testListId="8c84fa94-04c1-424b-9868-57a2d4851a1d" />
    <TestEntry testId="17bbd0b6-9b48-5d98-6178-af45a2de6271" executionId="b6630b9f-f661-460d-9091-8c0395e1a652" testListId="8c84fa94-04c1-424b-9868-57a2d4851a1d" />
    <TestEntry testId="29af152b-9368-65cd-1274-6d4f24ccf49a" executionId="0d249c6c-98f7-4722-8740-a21c08828294" testListId="8c84fa94-04c1-424b-9868-57a2d4851a1d" />
    <TestEntry testId="29e75204-ae1f-90d0-2658-3545ee5766ca" executionId="d8827d3c-ed6a-408a-acb1-b347e1297683" testListId="8c84fa94-04c1-424b-9868-57a2d4851a1d" />
    <TestEntry testId="ab5c9426-00bd-ded5-bb10-dd52f314a81c" executionId="7fa8d35a-c8ff-4f34-b28f-d5e6401d3ede" testListId="8c84fa94-04c1-424b-9868-57a2d4851a1d" />
    <TestEntry testId="17064349-f04a-07ea-f999-43fea8de6e1c" executionId="906cb726-cc60-463e-a69a-eb48b7582ac1" testListId="8c84fa94-04c1-424b-9868-57a2d4851a1d" />
    <TestEntry testId="d3dac384-ae1f-5876-07f2-1bcf0e9f9683" executionId="b6711723-500f-4cd2-a8fe-02c6c881cabe" testListId="8c84fa94-04c1-424b-9868-57a2d4851a1d" />
    <TestEntry testId="60f71c30-2701-977b-d59a-5eb8477cee78" executionId="278be2a1-f0d4-4fc5-896a-657ecb327471" testListId="8c84fa94-04c1-424b-9868-57a2d4851a1d" />
    <TestEntry testId="377fa45c-ab02-859b-ac30-5585751c9fce" executionId="0ad58471-2dd1-49d4-b676-93b53b9abd8e" testListId="8c84fa94-04c1-424b-9868-57a2d4851a1d" />
    <TestEntry testId="d358d99b-fd27-69b4-d693-f6f14e3eeb19" executionId="695b54b9-095a-498c-bb39-fa79ad14469e" testListId="8c84fa94-04c1-424b-9868-57a2d4851a1d" />
    <TestEntry testId="5218aab3-91e5-4d02-6f4b-36bb8169aaad" executionId="8711b82f-22f0-4fa2-ac30-0d443b133a99" testListId="8c84fa94-04c1-424b-9868-57a2d4851a1d" />
    <TestEntry testId="de27a3a4-5585-1811-f69a-d74b7b44037f" executionId="34920874-2df0-48ef-9fee-f7c8d7d2e219" testListId="8c84fa94-04c1-424b-9868-57a2d4851a1d" />
    <TestEntry testId="f8367f7a-9cce-e548-cd48-ef95c0e76341" executionId="1d4edbd4-db47-453f-94fd-bb43d6ff8f8a" testListId="8c84fa94-04c1-424b-9868-57a2d4851a1d" />
    <TestEntry testId="c51b34ef-4ac0-f70c-a4c5-b3f89b14361b" executionId="1d4e0abd-2cad-4369-9d6f-46f6f4500b1b" testListId="8c84fa94-04c1-424b-9868-57a2d4851a1d" />
    <TestEntry testId="9c059e81-9071-1b78-15ed-b760acef5ff4" executionId="1641010e-8c26-46f3-9b44-c2c24c715b10" testListId="8c84fa94-04c1-424b-9868-57a2d4851a1d" />
    <TestEntry testId="b176c4ce-c811-cce4-ac28-b5b7914e0234" executionId="437e6953-faa8-4fb2-8383-b86c46c29117" testListId="8c84fa94-04c1-424b-9868-57a2d4851a1d" />
    <TestEntry testId="2fdd3774-7c85-360d-fa74-7441eadbcbf7" executionId="618290e6-f363-4f85-93b0-ed6fe28dcebc" testListId="8c84fa94-04c1-424b-9868-57a2d4851a1d" />
    <TestEntry testId="8f30efbc-7e3d-ab47-0825-e02fd91dce70" executionId="4bc6e36f-8fb9-4fd6-9bdd-1a597ce31394" testListId="8c84fa94-04c1-424b-9868-57a2d4851a1d" />
    <TestEntry testId="27b965b8-38b6-bee5-51a3-ca4d6d05fb1a" executionId="be7da2f8-17d2-4f81-a2d6-3a008583b5d4" testListId="8c84fa94-04c1-424b-9868-57a2d4851a1d" />
    <TestEntry testId="f8b02280-d58f-52cd-2ac9-ef5216be18cb" executionId="eb160269-77b7-45f2-873c-8109dcd912e4" testListId="8c84fa94-04c1-424b-9868-57a2d4851a1d" />
    <TestEntry testId="750abeff-0014-b470-5d16-6f124c7e2219" executionId="869090ab-061e-4d82-912b-3d8cbf8bf844" testListId="8c84fa94-04c1-424b-9868-57a2d4851a1d" />
    <TestEntry testId="184bf7b2-dc0f-4b9c-0917-ff393766eaa3" executionId="77f308f1-25f8-4df8-a45a-fe445f6b1a82" testListId="8c84fa94-04c1-424b-9868-57a2d4851a1d" />
    <TestEntry testId="5b2a8097-f07c-36bd-324a-bdc2320e5f2d" executionId="80a0ca21-e834-4535-8f12-4161a22b9b14" testListId="8c84fa94-04c1-424b-9868-57a2d4851a1d" />
    <TestEntry testId="82ecfb8e-1b87-c4ea-86dc-025e57f653c8" executionId="787da167-4858-4a53-85d9-4a8fb70ee96f" testListId="8c84fa94-04c1-424b-9868-57a2d4851a1d" />
    <TestEntry testId="3a83f0e2-c1cd-83c4-b0f6-7c8beacdc660" executionId="f4de3f7f-2ca1-4be1-ac9a-6bf5517807fc" testListId="8c84fa94-04c1-424b-9868-57a2d4851a1d" />
    <TestEntry testId="c9ca4d7b-e0a1-0209-423b-deb7dda946f9" executionId="be9a6e24-6145-4b72-ace6-6546f8c0bf83" testListId="8c84fa94-04c1-424b-9868-57a2d4851a1d" />
    <TestEntry testId="32f63f73-7a95-9fa9-216d-6f69ff396a0e" executionId="45624c14-6202-4009-8ce5-68447f7c5caa" testListId="8c84fa94-04c1-424b-9868-57a2d4851a1d" />
    <TestEntry testId="eea26664-1b21-7fc4-cfb6-14b6b0a52392" executionId="b8149e80-05ab-430d-9cb5-c417d294645f" testListId="8c84fa94-04c1-424b-9868-57a2d4851a1d" />
    <TestEntry testId="0f49cba4-113b-2eb7-96b2-923831f9ba8b" executionId="e29b57d8-a805-4e22-933d-6fe05b1312be" testListId="8c84fa94-04c1-424b-9868-57a2d4851a1d" />
    <TestEntry testId="75cfac8b-3249-a70b-7150-059b815e7279" executionId="2bf13a44-ed90-45ed-a778-1fbd613196df" testListId="8c84fa94-04c1-424b-9868-57a2d4851a1d" />
    <TestEntry testId="5417a48c-7dc4-7e65-5dde-45f31da74186" executionId="9d16e79f-499b-4396-8d32-65a3f84aad7f" testListId="8c84fa94-04c1-424b-9868-57a2d4851a1d" />
    <TestEntry testId="8d9f625b-eca0-caaf-80b7-0208b4fb0a84" executionId="76fb3134-d878-4a1b-864f-b552bd4c08df" testListId="8c84fa94-04c1-424b-9868-57a2d4851a1d" />
    <TestEntry testId="caedb91e-215d-ab53-d2d2-ea06de83613b" executionId="5fec3db7-1b13-48f8-9d1b-6f2727bb6352" testListId="8c84fa94-04c1-424b-9868-57a2d4851a1d" />
    <TestEntry testId="6610700f-012b-0b62-cefd-986d8f87c629" executionId="8b4c4009-bf49-4565-9332-1396bfe67eb2" testListId="8c84fa94-04c1-424b-9868-57a2d4851a1d" />
    <TestEntry testId="832ece00-ee0a-69a6-edd0-a3ed2f24d9d0" executionId="6d38283f-2bc3-4e09-9bab-4238df0ffe8d" testListId="8c84fa94-04c1-424b-9868-57a2d4851a1d" />
    <TestEntry testId="3ab3a265-65e5-6c60-d4c2-773914ebd1ce" executionId="2d183c28-299f-436e-a0b5-5aed365af6c0" testListId="8c84fa94-04c1-424b-9868-57a2d4851a1d" />
    <TestEntry testId="266b97bd-0a78-5b99-c908-e3c9177da4de" executionId="06984217-83eb-453e-a88e-baac2ea7f246" testListId="8c84fa94-04c1-424b-9868-57a2d4851a1d" />
    <TestEntry testId="9d82f38f-4f42-5efe-d3a7-983c7c7ee93b" executionId="afcb5efc-baf0-427c-98e9-0050804bdfd3" testListId="8c84fa94-04c1-424b-9868-57a2d4851a1d" />
    <TestEntry testId="8ed1f628-546a-9be4-9711-360f50e39ac9" executionId="fce65b21-2945-4337-ab9b-25aaf62c8644" testListId="8c84fa94-04c1-424b-9868-57a2d4851a1d" />
    <TestEntry testId="5db4cf82-8321-f730-2893-cc3c45813804" executionId="b88b447d-2be6-41fa-9f3d-23ebb8908f65" testListId="8c84fa94-04c1-424b-9868-57a2d4851a1d" />
    <TestEntry testId="ce42e30e-97b2-6b7a-7fbe-110c861c48a4" executionId="a7a2fd15-635e-4128-b22f-d6349df77e6a" testListId="8c84fa94-04c1-424b-9868-57a2d4851a1d" />
    <TestEntry testId="4852611b-0209-d6fb-14e1-c9b26927339e" executionId="4385ad72-4d1c-487d-887f-067e0d07e283" testListId="8c84fa94-04c1-424b-9868-57a2d4851a1d" />
  </TestEntries>
  <TestLists>
    <TestList name="Список результатов" id="8c84fa94-04c1-424b-9868-57a2d4851a1d" />
    <TestList name="Все загруженные результаты" id="19431567-8539-422a-85d7-44ee4e166bda" />
  </TestLists>
  <ResultSummary outcome="Failed">
    <Counters total="43" executed="43" passed="42" failed="1" error="0" timeout="0" aborted="0" inconclusive="0" passedButRunAborted="0" notRunnable="0" notExecuted="0" disconnected="0" warning="0" completed="0" inProgress="0" pending="0" />
    <Output>
      <StdOut>[xUnit.net 00:00:00.04] xUnit.net VSTest Adapter v2.5.7+8f2703126a (64-bit .NET 8.0.26)&#xD;
[xUnit.net 00:00:00.49]   Discovering: Vantuz.Core.Tests&#xD;
[xUnit.net 00:00:00.86]   Discovered:  Vantuz.Core.Tests&#xD;
[xUnit.net 00:00:00.87]   Starting:    Vantuz.Core.Tests&#xD;
[DIAG CheckVersionAsync] FORGE version=1.20.1-forge-47.3.0&#xD;
[DIAG CheckVersionAsync] jsonPath=C:\Users\1\AppData\Local\Temp\vantuz_positive_test_e95a751981784e6bb8bdf9118092cc42\.vantuzlauncher\instances\1.20.1-forge\versions\1.20.1-forge-47.3.0\1.20.1-forge-47.3.0.json, jsonExists=False&#xD;
[DIAG CheckVersionAsync] librariesOk=False, missingDetail=version JSON missing&#xD;
[DIAG CheckVersionAsync] versionExists=False&#xD;
[13:52:47] [DEBUG] Pipeline has 16 steps: GUI.MinecraftLauncher, GUI.CredentialCollection, Auth.YggdrasilCommand, Net.ApiReaderQuery, Net.UpdateCommand, Game.MinecraftProvider, Game.VersionValidatorQuery, Game.InstallerCommand, Net.ModpackManifestQuery, OS.DeltaAnalyzerQuery, OS.LocalMoveCommand, Net.DownloadCommand, OS.BatchPurgeCommand, Net.DownloadCommand, Game.LaunchCommand, OS.ExecuteCommand&#xD;
[DIAG CheckVersionAsync] FORGE version=1.20.1-forge-47.3.0&#xD;
[DIAG CheckVersionAsync] jsonPath=C:\Users\1\AppData\Local\Temp\vantuz_mc_test_521456f3ddc04e768adaa10f463716f9\.minecraft\versions\1.20.1-forge-47.3.0\1.20.1-forge-47.3.0.json, jsonExists=True&#xD;
[DIAG CheckVersionAsync] librariesOk=True, missingDetail=&#xD;
[DIAG CheckVersionAsync] versionExists=True&#xD;
[DIAG CheckVersionAsync] VANILLA version=1.20.1&#xD;
[DIAG CheckVersionAsync] jsonPath=C:\Users\1\AppData\Local\Temp\vantuz_mc_test_f80f55031c6f491db054b51e875d6e39\.minecraft\versions\1.20.1\1.20.1.json, jsonExists=True&#xD;
[DIAG CheckVersionAsync] jarPath=C:\Users\1\AppData\Local\Temp\vantuz_mc_test_f80f55031c6f491db054b51e875d6e39\.minecraft\versions\1.20.1\1.20.1.jar, jarExists=False&#xD;
[DIAG CheckVersionAsync] versionExists=False&#xD;
[DIAG CheckVersionAsync] FORGE version=1.20.1-forge-47.3.0&#xD;
[DIAG CheckVersionAsync] jsonPath=C:\Users\1\AppData\Local\Temp\vantuz_mc_test_39bea7c7daf24b8ab89958416cebcd0a\.minecraft\versions\1.20.1-forge-47.3.0\1.20.1-forge-47.3.0.json, jsonExists=True&#xD;
[DIAG CheckVersionAsync] librariesOk=False, missingDetail=missing or empty library: net.minecraftforge:fmlloader at C:\Users\1\AppData\Local\Temp\vantuz_mc_test_39bea7c7daf24b8ab89958416cebcd0a\.minecraft\libraries\net\minecraftforge\fmlloader\1.20.1-47.3.0\fmlloader-1.20.1-47.3.0.jar&#xD;
[DIAG CheckVersionAsync] versionExists=False&#xD;
[DIAG CheckVersionAsync] FORGE version=1.20.1-forge-47.3.0&#xD;
[DIAG CheckVersionAsync] jsonPath=C:\Users\1\AppData\Local\Temp\vantuz_mc_test_17266a882a5648b8a986f6ef9d1ae5a2\.minecraft\versions\1.20.1-forge-47.3.0\1.20.1-forge-47.3.0.json, jsonExists=True&#xD;
[DIAG CheckVersionAsync] librariesOk=True, missingDetail=&#xD;
[DIAG CheckVersionAsync] versionExists=True&#xD;
[DIAG CheckVersionAsync] FORGE version=1.20.1-forge-47.3.0&#xD;
[DIAG CheckVersionAsync] jsonPath=C:\Users\1\AppData\Local\Temp\vantuz_mc_test_d9283cfca5744c2fb7c8431fff1de0d2\.minecraft\versions\1.20.1-forge-47.3.0\1.20.1-forge-47.3.0.json, jsonExists=False&#xD;
[DIAG CheckVersionAsync] librariesOk=False, missingDetail=version JSON missing&#xD;
[DIAG CheckVersionAsync] versionExists=False&#xD;
[DIAG CheckVersionAsync] FORGE version=1.20.1-forge-47.3.0&#xD;
[DIAG CheckVersionAsync] jsonPath=C:\Users\1\AppData\Local\Temp\vantuz_mc_test_179a3c9c42204ee2974376912026a874\.minecraft\versions\1.20.1-forge-47.3.0\1.20.1-forge-47.3.0.json, jsonExists=True&#xD;
[DIAG CheckVersionAsync] librariesOk=False, missingDetail=missing or empty library: cpw.mods:bootstraplauncher at C:\Users\1\AppData\Local\Temp\vantuz_mc_test_179a3c9c42204ee2974376912026a874\.minecraft\libraries\cpw\mods\bootstraplauncher\1.1.2\bootstraplauncher-1.1.2.jar&#xD;
[DIAG CheckVersionAsync] versionExists=False&#xD;
[DIAG CheckVersionAsync] VANILLA version=1.20.1&#xD;
[DIAG CheckVersionAsync] jsonPath=C:\Users\1\AppData\Local\Temp\vantuz_mc_test_b856751d5cf74e24a1deae2b2863cdf0\.minecraft\versions\1.20.1\1.20.1.json, jsonExists=True&#xD;
[DIAG CheckVersionAsync] jarPath=C:\Users\1\AppData\Local\Temp\vantuz_mc_test_b856751d5cf74e24a1deae2b2863cdf0\.minecraft\versions\1.20.1\1.20.1.jar, jarExists=True&#xD;
[DIAG CheckVersionAsync] versionExists=True&#xD;
[xUnit.net 00:00:21.51]       MainWindowHandle was not created within 20 seconds&#xD;
[xUnit.net 00:00:21.51]       Stack Trace:&#xD;
[xUnit.net 00:00:21.51]         c:\000\projects\compositum\Vantuz.Core.Tests\GuiModeProcessTests.cs(70,0): at Vantuz.Core.Tests.GuiModeProcessTests.GuiMode_ProcessStarts_WindowAppearsWithin10Seconds()&#xD;
[xUnit.net 00:00:21.51]            at System.RuntimeMethodHandle.InvokeMethod(Object target, Void** arguments, Signature sig, Boolean isConstructor)&#xD;
[xUnit.net 00:00:21.51]            at System.Reflection.MethodBaseInvoker.InvokeWithNoArgs(Object obj, BindingFlags invokeAttr)&#xD;
[13:52:54] [WARN] Node GUI.MinecraftLauncher error: Unable to load DLL 'libHarfBuzzSharp' or one of its dependencies: �� ������ ��������� ������. (0x8007007E)&#xD;
[2026-06-07 18:52:54] Pipeline failed: Credential provider not available. Ensure GUI.MinecraftLauncher step executed first.&#xD;
[13:52:57] [DEBUG] Pipeline has 16 steps: GUI.MinecraftLauncher, GUI.CredentialCollection, Auth.YggdrasilCommand, Net.ApiReaderQuery, Net.UpdateCommand, Game.MinecraftProvider, Game.VersionValidatorQuery, Game.InstallerCommand, Net.ModpackManifestQuery, OS.DeltaAnalyzerQuery, OS.LocalMoveCommand, Net.DownloadCommand, OS.BatchPurgeCommand, Net.DownloadCommand, Game.LaunchCommand, OS.ExecuteCommand&#xD;
[13:53:06] [GUI] Minecraft Launcher initialized (standalone mode)&#xD;
[13:53:06] [GUI] Minecraft Launcher initialized and running&#xD;
[13:53:06] [STEP] GUI.MinecraftLauncher completed&#xD;
[2026-06-07 18:53:11] Pipeline failed: Credential collection cancelled by user.&#xD;
[13:53:19] [DEBUG] Pipeline has 16 steps: GUI.MinecraftLauncher, GUI.CredentialCollection, Auth.YggdrasilCommand, Net.ApiReaderQuery, Net.UpdateCommand, Game.MinecraftProvider, Game.VersionValidatorQuery, Game.InstallerCommand, Net.ModpackManifestQuery, OS.DeltaAnalyzerQuery, OS.LocalMoveCommand, Net.DownloadCommand, OS.BatchPurgeCommand, Net.DownloadCommand, Game.LaunchCommand, OS.ExecuteCommand&#xD;
[xUnit.net 00:00:51.06]   Finished:    Vantuz.Core.Tests&#xD;
</StdOut>
    </Output>
    <RunInfos>
      <RunInfo computerName="DESKTOP-NTADQTR" outcome="Error" timestamp="2026-06-07T18:52:51.9865357+05:00">
        <Text>[xUnit.net 00:00:21.51]     Vantuz.Core.Tests.GuiModeProcessTests.GuiMode_ProcessStarts_WindowAppearsWithin10Seconds [FAIL]</Text>
      </RunInfo>
    </RunInfos>
  </ResultSummary>
</TestRun>