<?xml version="1.0" encoding="utf-8"?>
<TestRun id="f826123c-ddda-424a-acf7-d99bcd615933" name="1@DESKTOP-NTADQTR 2026-06-07 22:33:23" runUser="DESKTOP-NTADQTR\1" xmlns="http://microsoft.com/schemas/VisualStudio/TeamTest/2010">
  <Times creation="2026-06-07T22:33:23.6805557+05:00" queuing="2026-06-07T22:33:23.6805565+05:00" start="2026-06-07T22:33:12.8966544+05:00" finish="2026-06-07T22:34:10.3335089+05:00" />
  <TestSettings name="default" id="e35a503a-6ec6-4c66-a2e7-bdeaa8bb8cd7">
    <Deployment runDeploymentRoot="1_DESKTOP-NTADQTR_2026-06-07_22_33_23" />
  </TestSettings>
  <Results>
    <UnitTestResult executionId="7b75270d-7324-4da8-9bf5-cfc036632630" testId="26fd4e82-faa6-2a14-e73a-0fc73ce35126" testName="Vantuz.Plugins.GUI.Tests.RealLaunchRecidivismTests.HeadlessLaunchPipeline_AuthlibExists_And_ProcessDoesNotCrash" computerName="DESKTOP-NTADQTR" duration="00:00:19.4065190" startTime="2026-06-07T22:33:42.7287145+05:00" endTime="2026-06-07T22:33:42.7287151+05:00" testType="13cdc9d9-ddb5-4fa4-a97d-d965ccfc6d4b" outcome="Passed" testListId="8c84fa94-04c1-424b-9868-57a2d4851a1d" relativeResultsDirectory="7b75270d-7324-4da8-9bf5-cfc036632630" />
    <UnitTestResult executionId="45336f4b-b4b2-4fc7-88a4-2745c4fa0d8b" testId="d8ecdd0e-dacc-b36b-fa7c-749387b83b2a" testName="Vantuz.Plugins.GUI.Tests.ForgeInstallationRecidivismTests.HeadlessForgePipeline_ProducesHumanReadableErrorOrSucceeds" computerName="DESKTOP-NTADQTR" duration="00:00:18.1252197" startTime="2026-06-07T22:33:42.4120947+05:00" endTime="2026-06-07T22:33:42.4120953+05:00" testType="13cdc9d9-ddb5-4fa4-a97d-d965ccfc6d4b" outcome="Passed" testListId="8c84fa94-04c1-424b-9868-57a2d4851a1d" relativeResultsDirectory="45336f4b-b4b2-4fc7-88a4-2745c4fa0d8b" />
    <UnitTestResult executionId="b954b5c3-1cfa-442f-aaa6-b5b79cb5455c" testId="4df62b62-0afd-8113-0c7a-c3f2c2037342" testName="Vantuz.Plugins.GUI.MinecraftLauncher.Tests.ResourceAssemblyTests.PluginAssembly_ContainsMainWindowType" computerName="DESKTOP-NTADQTR" duration="00:00:00.0004529" startTime="2026-06-07T22:33:22.7317839+05:00" endTime="2026-06-07T22:33:22.7317840+05:00" testType="13cdc9d9-ddb5-4fa4-a97d-d965ccfc6d4b" outcome="Passed" testListId="8c84fa94-04c1-424b-9868-57a2d4851a1d" relativeResultsDirectory="b954b5c3-1cfa-442f-aaa6-b5b79cb5455c" />
    <UnitTestResult executionId="4eea9bad-991e-4f63-a9ca-ce7c622530ff" testId="c05eb572-1e24-7c16-7ca6-d78721682622" testName="Vantuz.Plugins.GUI.Tests.ArchitecturalTests.ProductCsproj_DoesNotContainXamlFiles" computerName="DESKTOP-NTADQTR" duration="00:00:00.0946242" startTime="2026-06-07T22:33:22.9274064+05:00" endTime="2026-06-07T22:33:22.9274071+05:00" testType="13cdc9d9-ddb5-4fa4-a97d-d965ccfc6d4b" outcome="Passed" testListId="8c84fa94-04c1-424b-9868-57a2d4851a1d" relativeResultsDirectory="4eea9bad-991e-4f63-a9ca-ce7c622530ff" />
    <UnitTestResult executionId="60b2f060-76e9-4c8e-b5bb-3850597de9f9" testId="081e5146-39ce-4c31-5ddd-8393e2f5ef31" testName="Vantuz.Plugins.GUI.MinecraftLauncher.Tests.ResourceAssemblyTests.PluginAssembly_ReferencesAvalonia" computerName="DESKTOP-NTADQTR" duration="00:00:00.6030751" startTime="2026-06-07T22:33:22.6856598+05:00" endTime="2026-06-07T22:33:22.6857274+05:00" testType="13cdc9d9-ddb5-4fa4-a97d-d965ccfc6d4b" outcome="Passed" testListId="8c84fa94-04c1-424b-9868-57a2d4851a1d" relativeResultsDirectory="60b2f060-76e9-4c8e-b5bb-3850597de9f9" />
    <UnitTestResult executionId="d66496f2-04ab-44fa-a78c-258b8561a0e2" testId="fc1de7da-6d1e-5e5c-5019-2be6810f0d69" testName="Vantuz.Plugins.GUI.Tests.GuiModeE2ETests.FullGuiPipeline_ClickPlayInPluginWindow_AllStepsCompleted" computerName="DESKTOP-NTADQTR" duration="00:00:35.2004282" startTime="2026-06-07T22:33:58.6610823+05:00" endTime="2026-06-07T22:33:58.6610827+05:00" testType="13cdc9d9-ddb5-4fa4-a97d-d965ccfc6d4b" outcome="Passed" testListId="8c84fa94-04c1-424b-9868-57a2d4851a1d" relativeResultsDirectory="d66496f2-04ab-44fa-a78c-258b8561a0e2" />
    <UnitTestResult executionId="41e402d1-0494-43e5-87c2-33e87c6aace1" testId="f39d7d66-cb72-4f2f-ebc8-fec4aebbf5c0" testName="Vantuz.Plugins.GUI.Tests.MinecraftLauncherPluginTests.ExecuteAsync_StandaloneMode_ReturnsImmediately_And_PublishesCredentialProvider" computerName="DESKTOP-NTADQTR" duration="00:00:20.3836444" startTime="2026-06-07T22:33:44.4556622+05:00" endTime="2026-06-07T22:33:44.4556630+05:00" testType="13cdc9d9-ddb5-4fa4-a97d-d965ccfc6d4b" outcome="Passed" testListId="8c84fa94-04c1-424b-9868-57a2d4851a1d" relativeResultsDirectory="41e402d1-0494-43e5-87c2-33e87c6aace1" />
    <UnitTestResult executionId="dfa7174c-fb45-41ad-8181-86c556eb695d" testId="2b3d95d3-8ba1-33cc-3ee0-91740226d494" testName="Vantuz.Plugins.GUI.Tests.ManifestSerializationTests.ModifiedManifest_ContainsTwoDownloadCommands" computerName="DESKTOP-NTADQTR" duration="00:00:01.0150041" startTime="2026-06-07T22:33:23.7507028+05:00" endTime="2026-06-07T22:33:23.7507033+05:00" testType="13cdc9d9-ddb5-4fa4-a97d-d965ccfc6d4b" outcome="Passed" testListId="8c84fa94-04c1-424b-9868-57a2d4851a1d" relativeResultsDirectory="dfa7174c-fb45-41ad-8181-86c556eb695d" />
    <UnitTestResult executionId="0c374e81-aef6-43de-9bae-27fcc20fac9c" testId="6eed7d06-7952-0c39-d124-a2d60bb47448" testName="Vantuz.Plugins.GUI.Tests.ArchitecturalTests.ProductAssembly_DoesNotReferenceWpfAssemblies" computerName="DESKTOP-NTADQTR" duration="00:00:00.0034421" startTime="2026-06-07T22:33:22.9311128+05:00" endTime="2026-06-07T22:33:22.9311133+05:00" testType="13cdc9d9-ddb5-4fa4-a97d-d965ccfc6d4b" outcome="Passed" testListId="8c84fa94-04c1-424b-9868-57a2d4851a1d" relativeResultsDirectory="0c374e81-aef6-43de-9bae-27fcc20fac9c" />
    <UnitTestResult executionId="cf88787b-70a6-4202-b23d-8f5bf18cd994" testId="2a9207d5-a362-c6d5-8c65-eb8ca8e1c986" testName="Vantuz.Plugins.GUI.Tests.ArchitecturalTests.ProductCsproj_DoesNotReferenceWpf" computerName="DESKTOP-NTADQTR" duration="00:00:00.1044376" startTime="2026-06-07T22:33:22.8325330+05:00" endTime="2026-06-07T22:33:22.8325333+05:00" testType="13cdc9d9-ddb5-4fa4-a97d-d965ccfc6d4b" outcome="Passed" testListId="8c84fa94-04c1-424b-9868-57a2d4851a1d" relativeResultsDirectory="cf88787b-70a6-4202-b23d-8f5bf18cd994" />
    <UnitTestResult executionId="4cfa1937-79f2-4155-a414-de8ffd91376b" testId="0bb9050a-1f89-eee0-ddf4-14dd48615f7c" testName="Vantuz.Plugins.GUI.Tests.ForgeInstallTimeoutRecidivismTests.GameInstallerCommand_WithSlowProviderAndShortTimeout_ReturnsTimeoutError" computerName="DESKTOP-NTADQTR" duration="00:00:19.4922551" startTime="2026-06-07T22:33:42.4312966+05:00" endTime="2026-06-07T22:33:42.4312971+05:00" testType="13cdc9d9-ddb5-4fa4-a97d-d965ccfc6d4b" outcome="Passed" testListId="8c84fa94-04c1-424b-9868-57a2d4851a1d" relativeResultsDirectory="4cfa1937-79f2-4155-a414-de8ffd91376b" />
    <UnitTestResult executionId="db0ef33b-f641-40a1-80bf-8ff365cb046b" testId="406be2ab-09a7-b074-20ee-cecb016ebd08" testName="Vantuz.Plugins.GUI.Tests.ArchitecturalTests.ProductAssembly_DoesNotContainWpfTypes" computerName="DESKTOP-NTADQTR" duration="00:00:00.6460922" startTime="2026-06-07T22:33:22.7200912+05:00" endTime="2026-06-07T22:33:22.7200918+05:00" testType="13cdc9d9-ddb5-4fa4-a97d-d965ccfc6d4b" outcome="Passed" testListId="8c84fa94-04c1-424b-9868-57a2d4851a1d" relativeResultsDirectory="db0ef33b-f641-40a1-80bf-8ff365cb046b" />
    <UnitTestResult executionId="1450b16a-923b-4620-a85c-eed32411f46c" testId="cf78ba07-63d7-4192-c4bc-b22673e84b5a" testName="Vantuz.Plugins.GUI.Tests.GuiModeFireAndForgetRecidivismTests.GuiMode_FireAndForget_ExecuteCommand_PipelineDoesNotHang" computerName="DESKTOP-NTADQTR" duration="00:00:11.3627230" startTime="2026-06-07T22:34:10.0416725+05:00" endTime="2026-06-07T22:34:10.0416731+05:00" testType="13cdc9d9-ddb5-4fa4-a97d-d965ccfc6d4b" outcome="Passed" testListId="8c84fa94-04c1-424b-9868-57a2d4851a1d" relativeResultsDirectory="1450b16a-923b-4620-a85c-eed32411f46c" />
  </Results>
  <TestDefinitions>
    <UnitTest name="Vantuz.Plugins.GUI.Tests.ArchitecturalTests.ProductCsproj_DoesNotReferenceWpf" storage="c:\000\projects\compositum\vantuz.plugins.gui.tests\bin\debug\net8.0-windows\vantuz.plugins.gui.tests.dll" id="2a9207d5-a362-c6d5-8c65-eb8ca8e1c986">
      <Execution id="cf88787b-70a6-4202-b23d-8f5bf18cd994" />
      <TestMethod codeBase="c:\000\projects\compositum\Vantuz.Plugins.GUI.Tests\bin\Debug\net8.0-windows\Vantuz.Plugins.GUI.Tests.dll" adapterTypeName="executor://xunit/VsTestRunner2/netcoreapp" className="Vantuz.Plugins.GUI.Tests.ArchitecturalTests" name="ProductCsproj_DoesNotReferenceWpf" />
    </UnitTest>
    <UnitTest name="Vantuz.Plugins.GUI.Tests.GuiModeE2ETests.FullGuiPipeline_ClickPlayInPluginWindow_AllStepsCompleted" storage="c:\000\projects\compositum\vantuz.plugins.gui.tests\bin\debug\net8.0-windows\vantuz.plugins.gui.tests.dll" id="fc1de7da-6d1e-5e5c-5019-2be6810f0d69">
      <Execution id="d66496f2-04ab-44fa-a78c-258b8561a0e2" />
      <TestMethod codeBase="c:\000\projects\compositum\Vantuz.Plugins.GUI.Tests\bin\Debug\net8.0-windows\Vantuz.Plugins.GUI.Tests.dll" adapterTypeName="executor://xunit/VsTestRunner2/netcoreapp" className="Vantuz.Plugins.GUI.Tests.GuiModeE2ETests" name="FullGuiPipeline_ClickPlayInPluginWindow_AllStepsCompleted" />
    </UnitTest>
    <UnitTest name="Vantuz.Plugins.GUI.MinecraftLauncher.Tests.ResourceAssemblyTests.PluginAssembly_ContainsMainWindowType" storage="c:\000\projects\compositum\vantuz.plugins.gui.tests\bin\debug\net8.0-windows\vantuz.plugins.gui.tests.dll" id="4df62b62-0afd-8113-0c7a-c3f2c2037342">
      <Execution id="b954b5c3-1cfa-442f-aaa6-b5b79cb5455c" />
      <TestMethod codeBase="c:\000\projects\compositum\Vantuz.Plugins.GUI.Tests\bin\Debug\net8.0-windows\Vantuz.Plugins.GUI.Tests.dll" adapterTypeName="executor://xunit/VsTestRunner2/netcoreapp" className="Vantuz.Plugins.GUI.MinecraftLauncher.Tests.ResourceAssemblyTests" name="PluginAssembly_ContainsMainWindowType" />
    </UnitTest>
    <UnitTest name="Vantuz.Plugins.GUI.Tests.GuiModeFireAndForgetRecidivismTests.GuiMode_FireAndForget_ExecuteCommand_PipelineDoesNotHang" storage="c:\000\projects\compositum\vantuz.plugins.gui.tests\bin\debug\net8.0-windows\vantuz.plugins.gui.tests.dll" id="cf78ba07-63d7-4192-c4bc-b22673e84b5a">
      <Execution id="1450b16a-923b-4620-a85c-eed32411f46c" />
      <TestMethod codeBase="c:\000\projects\compositum\Vantuz.Plugins.GUI.Tests\bin\Debug\net8.0-windows\Vantuz.Plugins.GUI.Tests.dll" adapterTypeName="executor://xunit/VsTestRunner2/netcoreapp" className="Vantuz.Plugins.GUI.Tests.GuiModeFireAndForgetRecidivismTests" name="GuiMode_FireAndForget_ExecuteCommand_PipelineDoesNotHang" />
    </UnitTest>
    <UnitTest name="Vantuz.Plugins.GUI.Tests.ManifestSerializationTests.ModifiedManifest_ContainsTwoDownloadCommands" storage="c:\000\projects\compositum\vantuz.plugins.gui.tests\bin\debug\net8.0-windows\vantuz.plugins.gui.tests.dll" id="2b3d95d3-8ba1-33cc-3ee0-91740226d494">
      <Execution id="dfa7174c-fb45-41ad-8181-86c556eb695d" />
      <TestMethod codeBase="c:\000\projects\compositum\Vantuz.Plugins.GUI.Tests\bin\Debug\net8.0-windows\Vantuz.Plugins.GUI.Tests.dll" adapterTypeName="executor://xunit/VsTestRunner2/netcoreapp" className="Vantuz.Plugins.GUI.Tests.ManifestSerializationTests" name="ModifiedManifest_ContainsTwoDownloadCommands" />
    </UnitTest>
    <UnitTest name="Vantuz.Plugins.GUI.Tests.ArchitecturalTests.ProductAssembly_DoesNotReferenceWpfAssemblies" storage="c:\000\projects\compositum\vantuz.plugins.gui.tests\bin\debug\net8.0-windows\vantuz.plugins.gui.tests.dll" id="6eed7d06-7952-0c39-d124-a2d60bb47448">
      <Execution id="0c374e81-aef6-43de-9bae-27fcc20fac9c" />
      <TestMethod codeBase="c:\000\projects\compositum\Vantuz.Plugins.GUI.Tests\bin\Debug\net8.0-windows\Vantuz.Plugins.GUI.Tests.dll" adapterTypeName="executor://xunit/VsTestRunner2/netcoreapp" className="Vantuz.Plugins.GUI.Tests.ArchitecturalTests" name="ProductAssembly_DoesNotReferenceWpfAssemblies" />
    </UnitTest>
    <UnitTest name="Vantuz.Plugins.GUI.Tests.ArchitecturalTests.ProductAssembly_DoesNotContainWpfTypes" storage="c:\000\projects\compositum\vantuz.plugins.gui.tests\bin\debug\net8.0-windows\vantuz.plugins.gui.tests.dll" id="406be2ab-09a7-b074-20ee-cecb016ebd08">
      <Execution id="db0ef33b-f641-40a1-80bf-8ff365cb046b" />
      <TestMethod codeBase="c:\000\projects\compositum\Vantuz.Plugins.GUI.Tests\bin\Debug\net8.0-windows\Vantuz.Plugins.GUI.Tests.dll" adapterTypeName="executor://xunit/VsTestRunner2/netcoreapp" className="Vantuz.Plugins.GUI.Tests.ArchitecturalTests" name="ProductAssembly_DoesNotContainWpfTypes" />
    </UnitTest>
    <UnitTest name="Vantuz.Plugins.GUI.Tests.RealLaunchRecidivismTests.HeadlessLaunchPipeline_AuthlibExists_And_ProcessDoesNotCrash" storage="c:\000\projects\compositum\vantuz.plugins.gui.tests\bin\debug\net8.0-windows\vantuz.plugins.gui.tests.dll" id="26fd4e82-faa6-2a14-e73a-0fc73ce35126">
      <Execution id="7b75270d-7324-4da8-9bf5-cfc036632630" />
      <TestMethod codeBase="c:\000\projects\compositum\Vantuz.Plugins.GUI.Tests\bin\Debug\net8.0-windows\Vantuz.Plugins.GUI.Tests.dll" adapterTypeName="executor://xunit/VsTestRunner2/netcoreapp" className="Vantuz.Plugins.GUI.Tests.RealLaunchRecidivismTests" name="HeadlessLaunchPipeline_AuthlibExists_And_ProcessDoesNotCrash" />
    </UnitTest>
    <UnitTest name="Vantuz.Plugins.GUI.Tests.ForgeInstallTimeoutRecidivismTests.GameInstallerCommand_WithSlowProviderAndShortTimeout_ReturnsTimeoutError" storage="c:\000\projects\compositum\vantuz.plugins.gui.tests\bin\debug\net8.0-windows\vantuz.plugins.gui.tests.dll" id="0bb9050a-1f89-eee0-ddf4-14dd48615f7c">
      <Execution id="4cfa1937-79f2-4155-a414-de8ffd91376b" />
      <TestMethod codeBase="c:\000\projects\compositum\Vantuz.Plugins.GUI.Tests\bin\Debug\net8.0-windows\Vantuz.Plugins.GUI.Tests.dll" adapterTypeName="executor://xunit/VsTestRunner2/netcoreapp" className="Vantuz.Plugins.GUI.Tests.ForgeInstallTimeoutRecidivismTests" name="GameInstallerCommand_WithSlowProviderAndShortTimeout_ReturnsTimeoutError" />
    </UnitTest>
    <UnitTest name="Vantuz.Plugins.GUI.Tests.ForgeInstallationRecidivismTests.HeadlessForgePipeline_ProducesHumanReadableErrorOrSucceeds" storage="c:\000\projects\compositum\vantuz.plugins.gui.tests\bin\debug\net8.0-windows\vantuz.plugins.gui.tests.dll" id="d8ecdd0e-dacc-b36b-fa7c-749387b83b2a">
      <Execution id="45336f4b-b4b2-4fc7-88a4-2745c4fa0d8b" />
      <TestMethod codeBase="c:\000\projects\compositum\Vantuz.Plugins.GUI.Tests\bin\Debug\net8.0-windows\Vantuz.Plugins.GUI.Tests.dll" adapterTypeName="executor://xunit/VsTestRunner2/netcoreapp" className="Vantuz.Plugins.GUI.Tests.ForgeInstallationRecidivismTests" name="HeadlessForgePipeline_ProducesHumanReadableErrorOrSucceeds" />
    </UnitTest>
    <UnitTest name="Vantuz.Plugins.GUI.MinecraftLauncher.Tests.ResourceAssemblyTests.PluginAssembly_ReferencesAvalonia" storage="c:\000\projects\compositum\vantuz.plugins.gui.tests\bin\debug\net8.0-windows\vantuz.plugins.gui.tests.dll" id="081e5146-39ce-4c31-5ddd-8393e2f5ef31">
      <Execution id="60b2f060-76e9-4c8e-b5bb-3850597de9f9" />
      <TestMethod codeBase="c:\000\projects\compositum\Vantuz.Plugins.GUI.Tests\bin\Debug\net8.0-windows\Vantuz.Plugins.GUI.Tests.dll" adapterTypeName="executor://xunit/VsTestRunner2/netcoreapp" className="Vantuz.Plugins.GUI.MinecraftLauncher.Tests.ResourceAssemblyTests" name="PluginAssembly_ReferencesAvalonia" />
    </UnitTest>
    <UnitTest name="Vantuz.Plugins.GUI.Tests.ArchitecturalTests.ProductCsproj_DoesNotContainXamlFiles" storage="c:\000\projects\compositum\vantuz.plugins.gui.tests\bin\debug\net8.0-windows\vantuz.plugins.gui.tests.dll" id="c05eb572-1e24-7c16-7ca6-d78721682622">
      <Execution id="4eea9bad-991e-4f63-a9ca-ce7c622530ff" />
      <TestMethod codeBase="c:\000\projects\compositum\Vantuz.Plugins.GUI.Tests\bin\Debug\net8.0-windows\Vantuz.Plugins.GUI.Tests.dll" adapterTypeName="executor://xunit/VsTestRunner2/netcoreapp" className="Vantuz.Plugins.GUI.Tests.ArchitecturalTests" name="ProductCsproj_DoesNotContainXamlFiles" />
    </UnitTest>
    <UnitTest name="Vantuz.Plugins.GUI.Tests.MinecraftLauncherPluginTests.ExecuteAsync_StandaloneMode_ReturnsImmediately_And_PublishesCredentialProvider" storage="c:\000\projects\compositum\vantuz.plugins.gui.tests\bin\debug\net8.0-windows\vantuz.plugins.gui.tests.dll" id="f39d7d66-cb72-4f2f-ebc8-fec4aebbf5c0">
      <Execution id="41e402d1-0494-43e5-87c2-33e87c6aace1" />
      <TestMethod codeBase="c:\000\projects\compositum\Vantuz.Plugins.GUI.Tests\bin\Debug\net8.0-windows\Vantuz.Plugins.GUI.Tests.dll" adapterTypeName="executor://xunit/VsTestRunner2/netcoreapp" className="Vantuz.Plugins.GUI.Tests.MinecraftLauncherPluginTests" name="ExecuteAsync_StandaloneMode_ReturnsImmediately_And_PublishesCredentialProvider" />
    </UnitTest>
  </TestDefinitions>
  <TestEntries>
    <TestEntry testId="26fd4e82-faa6-2a14-e73a-0fc73ce35126" executionId="7b75270d-7324-4da8-9bf5-cfc036632630" testListId="8c84fa94-04c1-424b-9868-57a2d4851a1d" />
    <TestEntry testId="d8ecdd0e-dacc-b36b-fa7c-749387b83b2a" executionId="45336f4b-b4b2-4fc7-88a4-2745c4fa0d8b" testListId="8c84fa94-04c1-424b-9868-57a2d4851a1d" />
    <TestEntry testId="4df62b62-0afd-8113-0c7a-c3f2c2037342" executionId="b954b5c3-1cfa-442f-aaa6-b5b79cb5455c" testListId="8c84fa94-04c1-424b-9868-57a2d4851a1d" />
    <TestEntry testId="c05eb572-1e24-7c16-7ca6-d78721682622" executionId="4eea9bad-991e-4f63-a9ca-ce7c622530ff" testListId="8c84fa94-04c1-424b-9868-57a2d4851a1d" />
    <TestEntry testId="081e5146-39ce-4c31-5ddd-8393e2f5ef31" executionId="60b2f060-76e9-4c8e-b5bb-3850597de9f9" testListId="8c84fa94-04c1-424b-9868-57a2d4851a1d" />
    <TestEntry testId="fc1de7da-6d1e-5e5c-5019-2be6810f0d69" executionId="d66496f2-04ab-44fa-a78c-258b8561a0e2" testListId="8c84fa94-04c1-424b-9868-57a2d4851a1d" />
    <TestEntry testId="f39d7d66-cb72-4f2f-ebc8-fec4aebbf5c0" executionId="41e402d1-0494-43e5-87c2-33e87c6aace1" testListId="8c84fa94-04c1-424b-9868-57a2d4851a1d" />
    <TestEntry testId="2b3d95d3-8ba1-33cc-3ee0-91740226d494" executionId="dfa7174c-fb45-41ad-8181-86c556eb695d" testListId="8c84fa94-04c1-424b-9868-57a2d4851a1d" />
    <TestEntry testId="6eed7d06-7952-0c39-d124-a2d60bb47448" executionId="0c374e81-aef6-43de-9bae-27fcc20fac9c" testListId="8c84fa94-04c1-424b-9868-57a2d4851a1d" />
    <TestEntry testId="2a9207d5-a362-c6d5-8c65-eb8ca8e1c986" executionId="cf88787b-70a6-4202-b23d-8f5bf18cd994" testListId="8c84fa94-04c1-424b-9868-57a2d4851a1d" />
    <TestEntry testId="0bb9050a-1f89-eee0-ddf4-14dd48615f7c" executionId="4cfa1937-79f2-4155-a414-de8ffd91376b" testListId="8c84fa94-04c1-424b-9868-57a2d4851a1d" />
    <TestEntry testId="406be2ab-09a7-b074-20ee-cecb016ebd08" executionId="db0ef33b-f641-40a1-80bf-8ff365cb046b" testListId="8c84fa94-04c1-424b-9868-57a2d4851a1d" />
    <TestEntry testId="cf78ba07-63d7-4192-c4bc-b22673e84b5a" executionId="1450b16a-923b-4620-a85c-eed32411f46c" testListId="8c84fa94-04c1-424b-9868-57a2d4851a1d" />
  </TestEntries>
  <TestLists>
    <TestList name="Список результатов" id="8c84fa94-04c1-424b-9868-57a2d4851a1d" />
    <TestList name="Все загруженные результаты" id="19431567-8539-422a-85d7-44ee4e166bda" />
  </TestLists>
  <ResultSummary outcome="Completed">
    <Counters total="13" executed="13" passed="13" failed="0" error="0" timeout="0" aborted="0" inconclusive="0" passedButRunAborted="0" notRunnable="0" notExecuted="0" disconnected="0" warning="0" completed="0" inProgress="0" pending="0" />
    <Output>
      <StdOut>[xUnit.net 00:00:00.01] xUnit.net VSTest Adapter v2.5.7+8f2703126a (64-bit .NET 8.0.26)&#xD;
[xUnit.net 00:00:00.93]   Discovering: Vantuz.Plugins.GUI.Tests&#xD;
[xUnit.net 00:00:01.83]   Discovered:  Vantuz.Plugins.GUI.Tests&#xD;
[xUnit.net 00:00:01.91]   Starting:    Vantuz.Plugins.GUI.Tests&#xD;
[17:33:41] [DEBUG] Pipeline has 7 steps: GUI.MinecraftLauncher, GUI.CredentialCollection, Auth.TestAuthCommand, Game.MinecraftProvider, Game.VersionValidatorQuery, Game.InstallerCommand, Game.LaunchCommand&#xD;
[17:33:57] [GUI] Minecraft Launcher initialized (standalone mode)&#xD;
[17:33:57] [GUI] Minecraft Launcher initialized and running&#xD;
[17:33:57] [STEP] GUI.MinecraftLauncher completed&#xD;
[17:33:57] [STEP] GUI.CredentialCollection completed&#xD;
[17:33:57] [TEST] Authentication successful (mock)&#xD;
[17:33:57] Auth.TestAuthCommand: 100,0%&#xD;
[17:33:57] [STEP] Auth.TestAuthCommand completed&#xD;
[17:33:58] ��������� Minecraft ���������������.&#xD;
[17:33:58] [STEP] Game.MinecraftProvider completed&#xD;
[17:33:58] �������� ������ 1.20.1-forge-47.3.0...&#xD;
[DIAG CheckVersionAsync] FORGE version=1.20.1-forge-47.3.0&#xD;
[DIAG CheckVersionAsync] jsonPath=C:\Users\1\AppData\Roaming\.vantuzlauncher\.minecraft\versions\1.20.1-forge-47.3.0\1.20.1-forge-47.3.0.json, jsonExists=True&#xD;
[DIAG CheckVersionAsync] librariesOk=True, missingDetail=&#xD;
[DIAG CheckVersionAsync] versionExists=True&#xD;
[17:33:58] ������ 1.20.1-forge-47.3.0 �������.&#xD;
[17:33:58] [STEP] Game.VersionValidatorQuery completed&#xD;
[17:33:58] [DRY RUN] Installation of 1.20.1-forge-47.3.0 would occur here. No state changes.&#xD;
[17:33:58] [STEP] Game.InstallerCommand completed&#xD;
[17:33:58] [DRY RUN] Launch of 1.20.1-forge-47.3.0 would occur here. No process started.&#xD;
[17:33:58] [STEP] Game.LaunchCommand completed&#xD;
Pipeline completed successfully.&#xD;
[17:34:03] [DEBUG] Pipeline has 9 steps: GUI.MinecraftLauncher, GUI.CredentialCollection, Auth.TestAuthCommand, Game.MinecraftProvider, Game.VersionValidatorQuery, Game.InstallerCommand, Game.LaunchCommand, Test.MockGameLaunch, OS.ExecuteCommand&#xD;
[xUnit.net 00:00:51.15]   Finished:    Vantuz.Plugins.GUI.Tests&#xD;
</StdOut>
    </Output>
  </ResultSummary>
</TestRun>