<?xml version="1.0" encoding="utf-8"?>
<TestRun id="1da774dc-acba-493d-bb3f-84e7f068c106" name="1@DESKTOP-NTADQTR 2026-06-07 22:10:31" runUser="DESKTOP-NTADQTR\1" xmlns="http://microsoft.com/schemas/VisualStudio/TeamTest/2010">
  <Times creation="2026-06-07T22:10:31.1849639+05:00" queuing="2026-06-07T22:10:31.1849644+05:00" start="2026-06-07T22:10:27.5295274+05:00" finish="2026-06-07T22:10:59.6136568+05:00" />
  <TestSettings name="default" id="112fb9a0-5a93-4992-b8f4-39bafe121929">
    <Deployment runDeploymentRoot="1_DESKTOP-NTADQTR_2026-06-07_22_10_31" />
  </TestSettings>
  <Results>
    <UnitTestResult executionId="697111ef-1a63-461a-a8fd-ecf6593e6615" testId="cf78ba07-63d7-4192-c4bc-b22673e84b5a" testName="Vantuz.Plugins.GUI.Tests.GuiModeFireAndForgetRecidivismTests.GuiMode_FireAndForget_ExecuteCommand_PipelineDoesNotHang" computerName="DESKTOP-NTADQTR" duration="00:00:10.9304536" startTime="2026-06-07T22:10:59.2352852+05:00" endTime="2026-06-07T22:10:59.2352858+05:00" testType="13cdc9d9-ddb5-4fa4-a97d-d965ccfc6d4b" outcome="Passed" testListId="8c84fa94-04c1-424b-9868-57a2d4851a1d" relativeResultsDirectory="697111ef-1a63-461a-a8fd-ecf6593e6615" />
    <UnitTestResult executionId="205ad11d-0eb8-4b15-a0b0-0d810df141f0" testId="2b3d95d3-8ba1-33cc-3ee0-91740226d494" testName="Vantuz.Plugins.GUI.Tests.ManifestSerializationTests.ModifiedManifest_ContainsTwoDownloadCommands" computerName="DESKTOP-NTADQTR" duration="00:00:00.4193125" startTime="2026-06-07T22:10:31.2241449+05:00" endTime="2026-06-07T22:10:31.2241453+05:00" testType="13cdc9d9-ddb5-4fa4-a97d-d965ccfc6d4b" outcome="Passed" testListId="8c84fa94-04c1-424b-9868-57a2d4851a1d" relativeResultsDirectory="205ad11d-0eb8-4b15-a0b0-0d810df141f0" />
    <UnitTestResult executionId="f4f1fdde-0df1-4a71-9d06-15b12ee1b85a" testId="0bb9050a-1f89-eee0-ddf4-14dd48615f7c" testName="Vantuz.Plugins.GUI.Tests.ForgeInstallTimeoutRecidivismTests.GameInstallerCommand_WithSlowProviderAndShortTimeout_ReturnsTimeoutError" computerName="DESKTOP-NTADQTR" duration="00:00:08.3354152" startTime="2026-06-07T22:10:39.1123519+05:00" endTime="2026-06-07T22:10:39.1123525+05:00" testType="13cdc9d9-ddb5-4fa4-a97d-d965ccfc6d4b" outcome="Failed" testListId="8c84fa94-04c1-424b-9868-57a2d4851a1d" relativeResultsDirectory="f4f1fdde-0df1-4a71-9d06-15b12ee1b85a">
      <Output>
        <ErrorInfo>
          <Message>Expected timeout within ~2 s, but elapsed 8,3 s. The command did not respect the timeout.</Message>
          <StackTrace>   at Vantuz.Plugins.GUI.Tests.ForgeInstallTimeoutRecidivismTests.GameInstallerCommand_WithSlowProviderAndShortTimeout_ReturnsTimeoutError() in c:\000\projects\compositum\Vantuz.Plugins.GUI.Tests\ForgeInstallTimeoutRecidivismTests.cs:line 73&#xD;
--- End of stack trace from previous location ---</StackTrace>
        </ErrorInfo>
      </Output>
    </UnitTestResult>
    <UnitTestResult executionId="40b0239a-a062-4da0-8839-6615925d9368" testId="406be2ab-09a7-b074-20ee-cecb016ebd08" testName="Vantuz.Plugins.GUI.Tests.ArchitecturalTests.ProductAssembly_DoesNotContainWpfTypes" computerName="DESKTOP-NTADQTR" duration="00:00:00.0195560" startTime="2026-06-07T22:10:30.7437634+05:00" endTime="2026-06-07T22:10:30.7438217+05:00" testType="13cdc9d9-ddb5-4fa4-a97d-d965ccfc6d4b" outcome="Passed" testListId="8c84fa94-04c1-424b-9868-57a2d4851a1d" relativeResultsDirectory="40b0239a-a062-4da0-8839-6615925d9368" />
    <UnitTestResult executionId="53976b5d-8a0b-4cb9-8c46-0f8ebb533538" testId="f39d7d66-cb72-4f2f-ebc8-fec4aebbf5c0" testName="Vantuz.Plugins.GUI.Tests.MinecraftLauncherPluginTests.ExecuteAsync_StandaloneMode_ReturnsImmediately_And_PublishesCredentialProvider" computerName="DESKTOP-NTADQTR" duration="00:00:09.5234036" startTime="2026-06-07T22:10:40.2448874+05:00" endTime="2026-06-07T22:10:40.2448880+05:00" testType="13cdc9d9-ddb5-4fa4-a97d-d965ccfc6d4b" outcome="Passed" testListId="8c84fa94-04c1-424b-9868-57a2d4851a1d" relativeResultsDirectory="53976b5d-8a0b-4cb9-8c46-0f8ebb533538" />
    <UnitTestResult executionId="564e71d8-b30c-4ec7-b442-b807867d806a" testId="26fd4e82-faa6-2a14-e73a-0fc73ce35126" testName="Vantuz.Plugins.GUI.Tests.RealLaunchRecidivismTests.HeadlessLaunchPipeline_AuthlibExists_And_ProcessDoesNotCrash" computerName="DESKTOP-NTADQTR" duration="00:00:08.2276961" startTime="2026-06-07T22:10:39.0392204+05:00" endTime="2026-06-07T22:10:39.0392209+05:00" testType="13cdc9d9-ddb5-4fa4-a97d-d965ccfc6d4b" outcome="Passed" testListId="8c84fa94-04c1-424b-9868-57a2d4851a1d" relativeResultsDirectory="564e71d8-b30c-4ec7-b442-b807867d806a" />
    <UnitTestResult executionId="fe8147de-99ad-4174-a935-5f508847f580" testId="2a9207d5-a362-c6d5-8c65-eb8ca8e1c986" testName="Vantuz.Plugins.GUI.Tests.ArchitecturalTests.ProductCsproj_DoesNotReferenceWpf" computerName="DESKTOP-NTADQTR" duration="00:00:00.0837165" startTime="2026-06-07T22:10:30.8539735+05:00" endTime="2026-06-07T22:10:30.8539741+05:00" testType="13cdc9d9-ddb5-4fa4-a97d-d965ccfc6d4b" outcome="Passed" testListId="8c84fa94-04c1-424b-9868-57a2d4851a1d" relativeResultsDirectory="fe8147de-99ad-4174-a935-5f508847f580" />
    <UnitTestResult executionId="fd7a6b26-3b5e-486f-9717-ec11128d6fc2" testId="c05eb572-1e24-7c16-7ca6-d78721682622" testName="Vantuz.Plugins.GUI.Tests.ArchitecturalTests.ProductCsproj_DoesNotContainXamlFiles" computerName="DESKTOP-NTADQTR" duration="00:00:00.0043021" startTime="2026-06-07T22:10:30.8588339+05:00" endTime="2026-06-07T22:10:30.8588346+05:00" testType="13cdc9d9-ddb5-4fa4-a97d-d965ccfc6d4b" outcome="Passed" testListId="8c84fa94-04c1-424b-9868-57a2d4851a1d" relativeResultsDirectory="fd7a6b26-3b5e-486f-9717-ec11128d6fc2" />
    <UnitTestResult executionId="0624e54e-11e0-43c6-a8c3-20d619d63d6c" testId="d8ecdd0e-dacc-b36b-fa7c-749387b83b2a" testName="Vantuz.Plugins.GUI.Tests.ForgeInstallationRecidivismTests.HeadlessForgePipeline_ProducesHumanReadableErrorOrSucceeds" computerName="DESKTOP-NTADQTR" duration="00:00:08.4364573" startTime="2026-06-07T22:10:39.6975282+05:00" endTime="2026-06-07T22:10:39.6975291+05:00" testType="13cdc9d9-ddb5-4fa4-a97d-d965ccfc6d4b" outcome="Passed" testListId="8c84fa94-04c1-424b-9868-57a2d4851a1d" relativeResultsDirectory="0624e54e-11e0-43c6-a8c3-20d619d63d6c" />
    <UnitTestResult executionId="23c4fd92-377b-42e2-9550-2ae18389f0a5" testId="6eed7d06-7952-0c39-d124-a2d60bb47448" testName="Vantuz.Plugins.GUI.Tests.ArchitecturalTests.ProductAssembly_DoesNotReferenceWpfAssemblies" computerName="DESKTOP-NTADQTR" duration="00:00:00.0041835" startTime="2026-06-07T22:10:31.0555139+05:00" endTime="2026-06-07T22:10:31.0555143+05:00" testType="13cdc9d9-ddb5-4fa4-a97d-d965ccfc6d4b" outcome="Passed" testListId="8c84fa94-04c1-424b-9868-57a2d4851a1d" relativeResultsDirectory="23c4fd92-377b-42e2-9550-2ae18389f0a5" />
    <UnitTestResult executionId="a67fbd66-5bb9-4837-838e-5197b2d6a8e3" testId="fc1de7da-6d1e-5e5c-5019-2be6810f0d69" testName="Vantuz.Plugins.GUI.Tests.GuiModeE2ETests.FullGuiPipeline_ClickPlayInPluginWindow_AllStepsCompleted" computerName="DESKTOP-NTADQTR" duration="00:00:17.3886663" startTime="2026-06-07T22:10:48.2983567+05:00" endTime="2026-06-07T22:10:48.2983583+05:00" testType="13cdc9d9-ddb5-4fa4-a97d-d965ccfc6d4b" outcome="Passed" testListId="8c84fa94-04c1-424b-9868-57a2d4851a1d" relativeResultsDirectory="a67fbd66-5bb9-4837-838e-5197b2d6a8e3" />
    <UnitTestResult executionId="32451033-4db8-4cca-b68d-eadc106b029c" testId="081e5146-39ce-4c31-5ddd-8393e2f5ef31" testName="Vantuz.Plugins.GUI.MinecraftLauncher.Tests.ResourceAssemblyTests.PluginAssembly_ReferencesAvalonia" computerName="DESKTOP-NTADQTR" duration="00:00:00.0310303" startTime="2026-06-07T22:10:30.7501496+05:00" endTime="2026-06-07T22:10:30.7501499+05:00" testType="13cdc9d9-ddb5-4fa4-a97d-d965ccfc6d4b" outcome="Passed" testListId="8c84fa94-04c1-424b-9868-57a2d4851a1d" relativeResultsDirectory="32451033-4db8-4cca-b68d-eadc106b029c" />
    <UnitTestResult executionId="56164849-2b41-4d77-96c4-ecf9983a8341" testId="4df62b62-0afd-8113-0c7a-c3f2c2037342" testName="Vantuz.Plugins.GUI.MinecraftLauncher.Tests.ResourceAssemblyTests.PluginAssembly_ContainsMainWindowType" computerName="DESKTOP-NTADQTR" duration="00:00:00.0004251" startTime="2026-06-07T22:10:30.7708388+05:00" endTime="2026-06-07T22:10:30.7708392+05:00" testType="13cdc9d9-ddb5-4fa4-a97d-d965ccfc6d4b" outcome="Passed" testListId="8c84fa94-04c1-424b-9868-57a2d4851a1d" relativeResultsDirectory="56164849-2b41-4d77-96c4-ecf9983a8341" />
  </Results>
  <TestDefinitions>
    <UnitTest name="Vantuz.Plugins.GUI.Tests.ArchitecturalTests.ProductCsproj_DoesNotReferenceWpf" storage="c:\000\projects\compositum\vantuz.plugins.gui.tests\bin\debug\net8.0-windows\vantuz.plugins.gui.tests.dll" id="2a9207d5-a362-c6d5-8c65-eb8ca8e1c986">
      <Execution id="fe8147de-99ad-4174-a935-5f508847f580" />
      <TestMethod codeBase="c:\000\projects\compositum\Vantuz.Plugins.GUI.Tests\bin\Debug\net8.0-windows\Vantuz.Plugins.GUI.Tests.dll" adapterTypeName="executor://xunit/VsTestRunner2/netcoreapp" className="Vantuz.Plugins.GUI.Tests.ArchitecturalTests" name="ProductCsproj_DoesNotReferenceWpf" />
    </UnitTest>
    <UnitTest name="Vantuz.Plugins.GUI.Tests.GuiModeE2ETests.FullGuiPipeline_ClickPlayInPluginWindow_AllStepsCompleted" storage="c:\000\projects\compositum\vantuz.plugins.gui.tests\bin\debug\net8.0-windows\vantuz.plugins.gui.tests.dll" id="fc1de7da-6d1e-5e5c-5019-2be6810f0d69">
      <Execution id="a67fbd66-5bb9-4837-838e-5197b2d6a8e3" />
      <TestMethod codeBase="c:\000\projects\compositum\Vantuz.Plugins.GUI.Tests\bin\Debug\net8.0-windows\Vantuz.Plugins.GUI.Tests.dll" adapterTypeName="executor://xunit/VsTestRunner2/netcoreapp" className="Vantuz.Plugins.GUI.Tests.GuiModeE2ETests" name="FullGuiPipeline_ClickPlayInPluginWindow_AllStepsCompleted" />
    </UnitTest>
    <UnitTest name="Vantuz.Plugins.GUI.MinecraftLauncher.Tests.ResourceAssemblyTests.PluginAssembly_ContainsMainWindowType" storage="c:\000\projects\compositum\vantuz.plugins.gui.tests\bin\debug\net8.0-windows\vantuz.plugins.gui.tests.dll" id="4df62b62-0afd-8113-0c7a-c3f2c2037342">
      <Execution id="56164849-2b41-4d77-96c4-ecf9983a8341" />
      <TestMethod codeBase="c:\000\projects\compositum\Vantuz.Plugins.GUI.Tests\bin\Debug\net8.0-windows\Vantuz.Plugins.GUI.Tests.dll" adapterTypeName="executor://xunit/VsTestRunner2/netcoreapp" className="Vantuz.Plugins.GUI.MinecraftLauncher.Tests.ResourceAssemblyTests" name="PluginAssembly_ContainsMainWindowType" />
    </UnitTest>
    <UnitTest name="Vantuz.Plugins.GUI.Tests.GuiModeFireAndForgetRecidivismTests.GuiMode_FireAndForget_ExecuteCommand_PipelineDoesNotHang" storage="c:\000\projects\compositum\vantuz.plugins.gui.tests\bin\debug\net8.0-windows\vantuz.plugins.gui.tests.dll" id="cf78ba07-63d7-4192-c4bc-b22673e84b5a">
      <Execution id="697111ef-1a63-461a-a8fd-ecf6593e6615" />
      <TestMethod codeBase="c:\000\projects\compositum\Vantuz.Plugins.GUI.Tests\bin\Debug\net8.0-windows\Vantuz.Plugins.GUI.Tests.dll" adapterTypeName="executor://xunit/VsTestRunner2/netcoreapp" className="Vantuz.Plugins.GUI.Tests.GuiModeFireAndForgetRecidivismTests" name="GuiMode_FireAndForget_ExecuteCommand_PipelineDoesNotHang" />
    </UnitTest>
    <UnitTest name="Vantuz.Plugins.GUI.Tests.ManifestSerializationTests.ModifiedManifest_ContainsTwoDownloadCommands" storage="c:\000\projects\compositum\vantuz.plugins.gui.tests\bin\debug\net8.0-windows\vantuz.plugins.gui.tests.dll" id="2b3d95d3-8ba1-33cc-3ee0-91740226d494">
      <Execution id="205ad11d-0eb8-4b15-a0b0-0d810df141f0" />
      <TestMethod codeBase="c:\000\projects\compositum\Vantuz.Plugins.GUI.Tests\bin\Debug\net8.0-windows\Vantuz.Plugins.GUI.Tests.dll" adapterTypeName="executor://xunit/VsTestRunner2/netcoreapp" className="Vantuz.Plugins.GUI.Tests.ManifestSerializationTests" name="ModifiedManifest_ContainsTwoDownloadCommands" />
    </UnitTest>
    <UnitTest name="Vantuz.Plugins.GUI.Tests.ArchitecturalTests.ProductAssembly_DoesNotReferenceWpfAssemblies" storage="c:\000\projects\compositum\vantuz.plugins.gui.tests\bin\debug\net8.0-windows\vantuz.plugins.gui.tests.dll" id="6eed7d06-7952-0c39-d124-a2d60bb47448">
      <Execution id="23c4fd92-377b-42e2-9550-2ae18389f0a5" />
      <TestMethod codeBase="c:\000\projects\compositum\Vantuz.Plugins.GUI.Tests\bin\Debug\net8.0-windows\Vantuz.Plugins.GUI.Tests.dll" adapterTypeName="executor://xunit/VsTestRunner2/netcoreapp" className="Vantuz.Plugins.GUI.Tests.ArchitecturalTests" name="ProductAssembly_DoesNotReferenceWpfAssemblies" />
    </UnitTest>
    <UnitTest name="Vantuz.Plugins.GUI.Tests.ArchitecturalTests.ProductAssembly_DoesNotContainWpfTypes" storage="c:\000\projects\compositum\vantuz.plugins.gui.tests\bin\debug\net8.0-windows\vantuz.plugins.gui.tests.dll" id="406be2ab-09a7-b074-20ee-cecb016ebd08">
      <Execution id="40b0239a-a062-4da0-8839-6615925d9368" />
      <TestMethod codeBase="c:\000\projects\compositum\Vantuz.Plugins.GUI.Tests\bin\Debug\net8.0-windows\Vantuz.Plugins.GUI.Tests.dll" adapterTypeName="executor://xunit/VsTestRunner2/netcoreapp" className="Vantuz.Plugins.GUI.Tests.ArchitecturalTests" name="ProductAssembly_DoesNotContainWpfTypes" />
    </UnitTest>
    <UnitTest name="Vantuz.Plugins.GUI.Tests.RealLaunchRecidivismTests.HeadlessLaunchPipeline_AuthlibExists_And_ProcessDoesNotCrash" storage="c:\000\projects\compositum\vantuz.plugins.gui.tests\bin\debug\net8.0-windows\vantuz.plugins.gui.tests.dll" id="26fd4e82-faa6-2a14-e73a-0fc73ce35126">
      <Execution id="564e71d8-b30c-4ec7-b442-b807867d806a" />
      <TestMethod codeBase="c:\000\projects\compositum\Vantuz.Plugins.GUI.Tests\bin\Debug\net8.0-windows\Vantuz.Plugins.GUI.Tests.dll" adapterTypeName="executor://xunit/VsTestRunner2/netcoreapp" className="Vantuz.Plugins.GUI.Tests.RealLaunchRecidivismTests" name="HeadlessLaunchPipeline_AuthlibExists_And_ProcessDoesNotCrash" />
    </UnitTest>
    <UnitTest name="Vantuz.Plugins.GUI.Tests.ForgeInstallationRecidivismTests.HeadlessForgePipeline_ProducesHumanReadableErrorOrSucceeds" storage="c:\000\projects\compositum\vantuz.plugins.gui.tests\bin\debug\net8.0-windows\vantuz.plugins.gui.tests.dll" id="d8ecdd0e-dacc-b36b-fa7c-749387b83b2a">
      <Execution id="0624e54e-11e0-43c6-a8c3-20d619d63d6c" />
      <TestMethod codeBase="c:\000\projects\compositum\Vantuz.Plugins.GUI.Tests\bin\Debug\net8.0-windows\Vantuz.Plugins.GUI.Tests.dll" adapterTypeName="executor://xunit/VsTestRunner2/netcoreapp" className="Vantuz.Plugins.GUI.Tests.ForgeInstallationRecidivismTests" name="HeadlessForgePipeline_ProducesHumanReadableErrorOrSucceeds" />
    </UnitTest>
    <UnitTest name="Vantuz.Plugins.GUI.Tests.ForgeInstallTimeoutRecidivismTests.GameInstallerCommand_WithSlowProviderAndShortTimeout_ReturnsTimeoutError" storage="c:\000\projects\compositum\vantuz.plugins.gui.tests\bin\debug\net8.0-windows\vantuz.plugins.gui.tests.dll" id="0bb9050a-1f89-eee0-ddf4-14dd48615f7c">
      <Execution id="f4f1fdde-0df1-4a71-9d06-15b12ee1b85a" />
      <TestMethod codeBase="c:\000\projects\compositum\Vantuz.Plugins.GUI.Tests\bin\Debug\net8.0-windows\Vantuz.Plugins.GUI.Tests.dll" adapterTypeName="executor://xunit/VsTestRunner2/netcoreapp" className="Vantuz.Plugins.GUI.Tests.ForgeInstallTimeoutRecidivismTests" name="GameInstallerCommand_WithSlowProviderAndShortTimeout_ReturnsTimeoutError" />
    </UnitTest>
    <UnitTest name="Vantuz.Plugins.GUI.MinecraftLauncher.Tests.ResourceAssemblyTests.PluginAssembly_ReferencesAvalonia" storage="c:\000\projects\compositum\vantuz.plugins.gui.tests\bin\debug\net8.0-windows\vantuz.plugins.gui.tests.dll" id="081e5146-39ce-4c31-5ddd-8393e2f5ef31">
      <Execution id="32451033-4db8-4cca-b68d-eadc106b029c" />
      <TestMethod codeBase="c:\000\projects\compositum\Vantuz.Plugins.GUI.Tests\bin\Debug\net8.0-windows\Vantuz.Plugins.GUI.Tests.dll" adapterTypeName="executor://xunit/VsTestRunner2/netcoreapp" className="Vantuz.Plugins.GUI.MinecraftLauncher.Tests.ResourceAssemblyTests" name="PluginAssembly_ReferencesAvalonia" />
    </UnitTest>
    <UnitTest name="Vantuz.Plugins.GUI.Tests.ArchitecturalTests.ProductCsproj_DoesNotContainXamlFiles" storage="c:\000\projects\compositum\vantuz.plugins.gui.tests\bin\debug\net8.0-windows\vantuz.plugins.gui.tests.dll" id="c05eb572-1e24-7c16-7ca6-d78721682622">
      <Execution id="fd7a6b26-3b5e-486f-9717-ec11128d6fc2" />
      <TestMethod codeBase="c:\000\projects\compositum\Vantuz.Plugins.GUI.Tests\bin\Debug\net8.0-windows\Vantuz.Plugins.GUI.Tests.dll" adapterTypeName="executor://xunit/VsTestRunner2/netcoreapp" className="Vantuz.Plugins.GUI.Tests.ArchitecturalTests" name="ProductCsproj_DoesNotContainXamlFiles" />
    </UnitTest>
    <UnitTest name="Vantuz.Plugins.GUI.Tests.MinecraftLauncherPluginTests.ExecuteAsync_StandaloneMode_ReturnsImmediately_And_PublishesCredentialProvider" storage="c:\000\projects\compositum\vantuz.plugins.gui.tests\bin\debug\net8.0-windows\vantuz.plugins.gui.tests.dll" id="f39d7d66-cb72-4f2f-ebc8-fec4aebbf5c0">
      <Execution id="53976b5d-8a0b-4cb9-8c46-0f8ebb533538" />
      <TestMethod codeBase="c:\000\projects\compositum\Vantuz.Plugins.GUI.Tests\bin\Debug\net8.0-windows\Vantuz.Plugins.GUI.Tests.dll" adapterTypeName="executor://xunit/VsTestRunner2/netcoreapp" className="Vantuz.Plugins.GUI.Tests.MinecraftLauncherPluginTests" name="ExecuteAsync_StandaloneMode_ReturnsImmediately_And_PublishesCredentialProvider" />
    </UnitTest>
  </TestDefinitions>
  <TestEntries>
    <TestEntry testId="cf78ba07-63d7-4192-c4bc-b22673e84b5a" executionId="697111ef-1a63-461a-a8fd-ecf6593e6615" testListId="8c84fa94-04c1-424b-9868-57a2d4851a1d" />
    <TestEntry testId="2b3d95d3-8ba1-33cc-3ee0-91740226d494" executionId="205ad11d-0eb8-4b15-a0b0-0d810df141f0" testListId="8c84fa94-04c1-424b-9868-57a2d4851a1d" />
    <TestEntry testId="0bb9050a-1f89-eee0-ddf4-14dd48615f7c" executionId="f4f1fdde-0df1-4a71-9d06-15b12ee1b85a" testListId="8c84fa94-04c1-424b-9868-57a2d4851a1d" />
    <TestEntry testId="406be2ab-09a7-b074-20ee-cecb016ebd08" executionId="40b0239a-a062-4da0-8839-6615925d9368" testListId="8c84fa94-04c1-424b-9868-57a2d4851a1d" />
    <TestEntry testId="f39d7d66-cb72-4f2f-ebc8-fec4aebbf5c0" executionId="53976b5d-8a0b-4cb9-8c46-0f8ebb533538" testListId="8c84fa94-04c1-424b-9868-57a2d4851a1d" />
    <TestEntry testId="26fd4e82-faa6-2a14-e73a-0fc73ce35126" executionId="564e71d8-b30c-4ec7-b442-b807867d806a" testListId="8c84fa94-04c1-424b-9868-57a2d4851a1d" />
    <TestEntry testId="2a9207d5-a362-c6d5-8c65-eb8ca8e1c986" executionId="fe8147de-99ad-4174-a935-5f508847f580" testListId="8c84fa94-04c1-424b-9868-57a2d4851a1d" />
    <TestEntry testId="c05eb572-1e24-7c16-7ca6-d78721682622" executionId="fd7a6b26-3b5e-486f-9717-ec11128d6fc2" testListId="8c84fa94-04c1-424b-9868-57a2d4851a1d" />
    <TestEntry testId="d8ecdd0e-dacc-b36b-fa7c-749387b83b2a" executionId="0624e54e-11e0-43c6-a8c3-20d619d63d6c" testListId="8c84fa94-04c1-424b-9868-57a2d4851a1d" />
    <TestEntry testId="6eed7d06-7952-0c39-d124-a2d60bb47448" executionId="23c4fd92-377b-42e2-9550-2ae18389f0a5" testListId="8c84fa94-04c1-424b-9868-57a2d4851a1d" />
    <TestEntry testId="fc1de7da-6d1e-5e5c-5019-2be6810f0d69" executionId="a67fbd66-5bb9-4837-838e-5197b2d6a8e3" testListId="8c84fa94-04c1-424b-9868-57a2d4851a1d" />
    <TestEntry testId="081e5146-39ce-4c31-5ddd-8393e2f5ef31" executionId="32451033-4db8-4cca-b68d-eadc106b029c" testListId="8c84fa94-04c1-424b-9868-57a2d4851a1d" />
    <TestEntry testId="4df62b62-0afd-8113-0c7a-c3f2c2037342" executionId="56164849-2b41-4d77-96c4-ecf9983a8341" testListId="8c84fa94-04c1-424b-9868-57a2d4851a1d" />
  </TestEntries>
  <TestLists>
    <TestList name="Список результатов" id="8c84fa94-04c1-424b-9868-57a2d4851a1d" />
    <TestList name="Все загруженные результаты" id="19431567-8539-422a-85d7-44ee4e166bda" />
  </TestLists>
  <ResultSummary outcome="Failed">
    <Counters total="13" executed="13" passed="12" failed="1" error="0" timeout="0" aborted="0" inconclusive="0" passedButRunAborted="0" notRunnable="0" notExecuted="0" disconnected="0" warning="0" completed="0" inProgress="0" pending="0" />
    <Output>
      <StdOut>[xUnit.net 00:00:00.00] xUnit.net VSTest Adapter v2.5.7+8f2703126a (64-bit .NET 8.0.26)&#xD;
[xUnit.net 00:00:00.28]   Discovering: Vantuz.Plugins.GUI.Tests&#xD;
[xUnit.net 00:00:00.40]   Discovered:  Vantuz.Plugins.GUI.Tests&#xD;
[xUnit.net 00:00:00.41]   Starting:    Vantuz.Plugins.GUI.Tests&#xD;
[17:10:38] [DEBUG] Pipeline has 7 steps: GUI.MinecraftLauncher, GUI.CredentialCollection, Auth.TestAuthCommand, Game.MinecraftProvider, Game.VersionValidatorQuery, Game.InstallerCommand, Game.LaunchCommand&#xD;
[xUnit.net 00:00:08.93]       Expected timeout within ~2 s, but elapsed 8,3 s. The command did not respect the timeout.&#xD;
[xUnit.net 00:00:08.93]       Stack Trace:&#xD;
[xUnit.net 00:00:08.93]         c:\000\projects\compositum\Vantuz.Plugins.GUI.Tests\ForgeInstallTimeoutRecidivismTests.cs(73,0): at Vantuz.Plugins.GUI.Tests.ForgeInstallTimeoutRecidivismTests.GameInstallerCommand_WithSlowProviderAndShortTimeout_ReturnsTimeoutError()&#xD;
[xUnit.net 00:00:08.93]         --- End of stack trace from previous location ---&#xD;
[17:10:47] [GUI] Minecraft Launcher initialized (standalone mode)&#xD;
[17:10:47] [GUI] Minecraft Launcher initialized and running&#xD;
[17:10:47] [STEP] GUI.MinecraftLauncher completed&#xD;
[17:10:47] [STEP] GUI.CredentialCollection completed&#xD;
[17:10:47] [TEST] Authentication successful (mock)&#xD;
[17:10:47] Auth.TestAuthCommand: 100,0%&#xD;
[17:10:47] [STEP] Auth.TestAuthCommand completed&#xD;
[17:10:47] ��������� Minecraft ���������������.&#xD;
[17:10:47] [STEP] Game.MinecraftProvider completed&#xD;
[17:10:47] �������� ������ 1.20.1-forge-47.3.0...&#xD;
[DIAG CheckVersionAsync] FORGE version=1.20.1-forge-47.3.0&#xD;
[DIAG CheckVersionAsync] jsonPath=C:\Users\1\AppData\Roaming\.vantuzlauncher\.minecraft\versions\1.20.1-forge-47.3.0\1.20.1-forge-47.3.0.json, jsonExists=True&#xD;
[DIAG CheckVersionAsync] librariesOk=True, missingDetail=&#xD;
[DIAG CheckVersionAsync] versionExists=True&#xD;
[17:10:47] ������ 1.20.1-forge-47.3.0 �������.&#xD;
[17:10:47] [STEP] Game.VersionValidatorQuery completed&#xD;
[17:10:47] [DRY RUN] Installation of 1.20.1-forge-47.3.0 would occur here. No state changes.&#xD;
[17:10:47] [STEP] Game.InstallerCommand completed&#xD;
[17:10:47] [DRY RUN] Launch of 1.20.1-forge-47.3.0 would occur here. No process started.&#xD;
[17:10:47] [STEP] Game.LaunchCommand completed&#xD;
Pipeline completed successfully.&#xD;
[17:10:51] [DEBUG] Pipeline has 9 steps: GUI.MinecraftLauncher, GUI.CredentialCollection, Auth.TestAuthCommand, Game.MinecraftProvider, Game.VersionValidatorQuery, Game.InstallerCommand, Game.LaunchCommand, Test.MockGameLaunch, OS.ExecuteCommand&#xD;
[xUnit.net 00:00:29.07]   Finished:    Vantuz.Plugins.GUI.Tests&#xD;
</StdOut>
    </Output>
    <RunInfos>
      <RunInfo computerName="DESKTOP-NTADQTR" outcome="Error" timestamp="2026-06-07T22:10:39.1080587+05:00">
        <Text>[xUnit.net 00:00:08.92]     Vantuz.Plugins.GUI.Tests.ForgeInstallTimeoutRecidivismTests.GameInstallerCommand_WithSlowProviderAndShortTimeout_ReturnsTimeoutError [FAIL]</Text>
      </RunInfo>
    </RunInfos>
  </ResultSummary>
</TestRun>