<?xml version="1.0" encoding="utf-8"?>
<TestRun id="c702aa21-7123-41d0-96a3-f55e0405f02b" name="1@DESKTOP-NTADQTR 2026-06-08 09:51:58" runUser="DESKTOP-NTADQTR\1" xmlns="http://microsoft.com/schemas/VisualStudio/TeamTest/2010">
  <Times creation="2026-06-08T09:51:58.3086857+05:00" queuing="2026-06-08T09:51:58.3086862+05:00" start="2026-06-08T09:51:52.9486856+05:00" finish="2026-06-08T09:52:41.4944446+05:00" />
  <TestSettings name="default" id="6e7cc142-7722-44a5-a480-75fb906184a4">
    <Deployment runDeploymentRoot="1_DESKTOP-NTADQTR_2026-06-08_09_51_58" />
  </TestSettings>
  <Results>
    <UnitTestResult executionId="7f0e8b1c-85df-4de4-8f93-10a3b714dbee" testId="2b3d95d3-8ba1-33cc-3ee0-91740226d494" testName="Vantuz.Plugins.GUI.Tests.ManifestSerializationTests.ModifiedManifest_ContainsTwoDownloadCommands" computerName="DESKTOP-NTADQTR" duration="00:00:00.4313574" startTime="2026-06-08T09:51:58.2462624+05:00" endTime="2026-06-08T09:51:58.2462626+05:00" testType="13cdc9d9-ddb5-4fa4-a97d-d965ccfc6d4b" outcome="Passed" testListId="8c84fa94-04c1-424b-9868-57a2d4851a1d" relativeResultsDirectory="7f0e8b1c-85df-4de4-8f93-10a3b714dbee" />
    <UnitTestResult executionId="28869663-856c-46b3-b93a-817fb12a542b" testId="26fd4e82-faa6-2a14-e73a-0fc73ce35126" testName="Vantuz.Plugins.GUI.Tests.RealLaunchRecidivismTests.HeadlessLaunchPipeline_AuthlibExists_And_ProcessDoesNotCrash" computerName="DESKTOP-NTADQTR" duration="00:00:20.0541449" startTime="2026-06-08T09:52:18.4491128+05:00" endTime="2026-06-08T09:52:18.4491131+05:00" testType="13cdc9d9-ddb5-4fa4-a97d-d965ccfc6d4b" outcome="Passed" testListId="8c84fa94-04c1-424b-9868-57a2d4851a1d" relativeResultsDirectory="28869663-856c-46b3-b93a-817fb12a542b" />
    <UnitTestResult executionId="da04c530-51e3-4926-82aa-7127f729cab1" testId="406be2ab-09a7-b074-20ee-cecb016ebd08" testName="Vantuz.Plugins.GUI.Tests.ArchitecturalTests.ProductAssembly_DoesNotContainWpfTypes" computerName="DESKTOP-NTADQTR" duration="00:00:00.0559458" startTime="2026-06-08T09:51:57.8593024+05:00" endTime="2026-06-08T09:51:57.8593678+05:00" testType="13cdc9d9-ddb5-4fa4-a97d-d965ccfc6d4b" outcome="Passed" testListId="8c84fa94-04c1-424b-9868-57a2d4851a1d" relativeResultsDirectory="da04c530-51e3-4926-82aa-7127f729cab1" />
    <UnitTestResult executionId="8a440a5b-854f-4b82-9714-98f34b5499e2" testId="0bb9050a-1f89-eee0-ddf4-14dd48615f7c" testName="Vantuz.Plugins.GUI.Tests.ForgeInstallTimeoutRecidivismTests.GameInstallerCommand_WithSlowProviderAndShortTimeout_ReturnsTimeoutError" computerName="DESKTOP-NTADQTR" duration="00:00:19.7025811" startTime="2026-06-08T09:52:17.4905906+05:00" endTime="2026-06-08T09:52:17.4905913+05:00" testType="13cdc9d9-ddb5-4fa4-a97d-d965ccfc6d4b" outcome="Passed" testListId="8c84fa94-04c1-424b-9868-57a2d4851a1d" relativeResultsDirectory="8a440a5b-854f-4b82-9714-98f34b5499e2" />
    <UnitTestResult executionId="bfe47406-22c6-4a49-bda5-e26fea397305" testId="fc1de7da-6d1e-5e5c-5019-2be6810f0d69" testName="Vantuz.Plugins.GUI.Tests.GuiModeE2ETests.FullGuiPipeline_ClickPlayInPluginWindow_AllStepsCompleted" computerName="DESKTOP-NTADQTR" duration="00:00:31.3550061" startTime="2026-06-08T09:52:29.8421157+05:00" endTime="2026-06-08T09:52:29.8421162+05:00" testType="13cdc9d9-ddb5-4fa4-a97d-d965ccfc6d4b" outcome="Passed" testListId="8c84fa94-04c1-424b-9868-57a2d4851a1d" relativeResultsDirectory="bfe47406-22c6-4a49-bda5-e26fea397305" />
    <UnitTestResult executionId="f616498f-b6f5-4e24-92f5-2c6fae84b274" testId="4df62b62-0afd-8113-0c7a-c3f2c2037342" testName="Vantuz.Plugins.GUI.MinecraftLauncher.Tests.ResourceAssemblyTests.PluginAssembly_ContainsMainWindowType" computerName="DESKTOP-NTADQTR" duration="00:00:00.0002656" startTime="2026-06-08T09:51:58.4497862+05:00" endTime="2026-06-08T09:51:58.4497863+05:00" testType="13cdc9d9-ddb5-4fa4-a97d-d965ccfc6d4b" outcome="Passed" testListId="8c84fa94-04c1-424b-9868-57a2d4851a1d" relativeResultsDirectory="f616498f-b6f5-4e24-92f5-2c6fae84b274" />
    <UnitTestResult executionId="1056bf71-ba78-4889-b619-0851049f4237" testId="f39d7d66-cb72-4f2f-ebc8-fec4aebbf5c0" testName="Vantuz.Plugins.GUI.Tests.MinecraftLauncherPluginTests.ExecuteAsync_StandaloneMode_ReturnsImmediately_And_PublishesCredentialProvider" computerName="DESKTOP-NTADQTR" duration="00:00:18.7810399" startTime="2026-06-08T09:52:17.4747782+05:00" endTime="2026-06-08T09:52:17.4747785+05:00" testType="13cdc9d9-ddb5-4fa4-a97d-d965ccfc6d4b" outcome="Passed" testListId="8c84fa94-04c1-424b-9868-57a2d4851a1d" relativeResultsDirectory="1056bf71-ba78-4889-b619-0851049f4237" />
    <UnitTestResult executionId="04d16c0e-1bc3-462b-aab6-b31cf8f8a889" testId="6eed7d06-7952-0c39-d124-a2d60bb47448" testName="Vantuz.Plugins.GUI.Tests.ArchitecturalTests.ProductAssembly_DoesNotReferenceWpfAssemblies" computerName="DESKTOP-NTADQTR" duration="00:00:00.0099124" startTime="2026-06-08T09:51:58.2459410+05:00" endTime="2026-06-08T09:51:58.2459411+05:00" testType="13cdc9d9-ddb5-4fa4-a97d-d965ccfc6d4b" outcome="Passed" testListId="8c84fa94-04c1-424b-9868-57a2d4851a1d" relativeResultsDirectory="04d16c0e-1bc3-462b-aab6-b31cf8f8a889" />
    <UnitTestResult executionId="320fccf0-84cd-42fd-b7b9-21470726cf0e" testId="d8ecdd0e-dacc-b36b-fa7c-749387b83b2a" testName="Vantuz.Plugins.GUI.Tests.ForgeInstallationRecidivismTests.HeadlessForgePipeline_ProducesHumanReadableErrorOrSucceeds" computerName="DESKTOP-NTADQTR" duration="00:00:19.2947856" startTime="2026-06-08T09:52:17.6900960+05:00" endTime="2026-06-08T09:52:17.6900965+05:00" testType="13cdc9d9-ddb5-4fa4-a97d-d965ccfc6d4b" outcome="Passed" testListId="8c84fa94-04c1-424b-9868-57a2d4851a1d" relativeResultsDirectory="320fccf0-84cd-42fd-b7b9-21470726cf0e" />
    <UnitTestResult executionId="a4cb858d-5183-4e9d-8a4a-2a6ad7c0b5dd" testId="081e5146-39ce-4c31-5ddd-8393e2f5ef31" testName="Vantuz.Plugins.GUI.MinecraftLauncher.Tests.ResourceAssemblyTests.PluginAssembly_ReferencesAvalonia" computerName="DESKTOP-NTADQTR" duration="00:00:00.2486713" startTime="2026-06-08T09:51:58.4495793+05:00" endTime="2026-06-08T09:51:58.4495802+05:00" testType="13cdc9d9-ddb5-4fa4-a97d-d965ccfc6d4b" outcome="Passed" testListId="8c84fa94-04c1-424b-9868-57a2d4851a1d" relativeResultsDirectory="a4cb858d-5183-4e9d-8a4a-2a6ad7c0b5dd" />
    <UnitTestResult executionId="8c63f6f1-4a68-44a8-b562-acdcc855c70e" testId="2a9207d5-a362-c6d5-8c65-eb8ca8e1c986" testName="Vantuz.Plugins.GUI.Tests.ArchitecturalTests.ProductCsproj_DoesNotReferenceWpf" computerName="DESKTOP-NTADQTR" duration="00:00:00.2427418" startTime="2026-06-08T09:51:58.2444926+05:00" endTime="2026-06-08T09:51:58.2444931+05:00" testType="13cdc9d9-ddb5-4fa4-a97d-d965ccfc6d4b" outcome="Passed" testListId="8c84fa94-04c1-424b-9868-57a2d4851a1d" relativeResultsDirectory="8c63f6f1-4a68-44a8-b562-acdcc855c70e" />
    <UnitTestResult executionId="45f64460-65e4-4a9b-8381-51cd94e74fd7" testId="c05eb572-1e24-7c16-7ca6-d78721682622" testName="Vantuz.Plugins.GUI.Tests.ArchitecturalTests.ProductCsproj_DoesNotContainXamlFiles" computerName="DESKTOP-NTADQTR" duration="00:00:00.0920957" startTime="2026-06-08T09:51:58.2457843+05:00" endTime="2026-06-08T09:51:58.2457845+05:00" testType="13cdc9d9-ddb5-4fa4-a97d-d965ccfc6d4b" outcome="Passed" testListId="8c84fa94-04c1-424b-9868-57a2d4851a1d" relativeResultsDirectory="45f64460-65e4-4a9b-8381-51cd94e74fd7" />
    <UnitTestResult executionId="36a20e0f-349a-4709-b844-46ff70cfb117" testId="cf78ba07-63d7-4192-c4bc-b22673e84b5a" testName="Vantuz.Plugins.GUI.Tests.GuiModeFireAndForgetRecidivismTests.GuiMode_FireAndForget_ExecuteCommand_PipelineDoesNotHang" computerName="DESKTOP-NTADQTR" duration="00:00:11.3526933" startTime="2026-06-08T09:52:41.1992532+05:00" endTime="2026-06-08T09:52:41.1992535+05:00" testType="13cdc9d9-ddb5-4fa4-a97d-d965ccfc6d4b" outcome="Passed" testListId="8c84fa94-04c1-424b-9868-57a2d4851a1d" relativeResultsDirectory="36a20e0f-349a-4709-b844-46ff70cfb117" />
  </Results>
  <TestDefinitions>
    <UnitTest name="Vantuz.Plugins.GUI.Tests.ArchitecturalTests.ProductCsproj_DoesNotReferenceWpf" storage="c:\000\projects\compositum\vantuz.plugins.gui.tests\bin\release\net8.0-windows\vantuz.plugins.gui.tests.dll" id="2a9207d5-a362-c6d5-8c65-eb8ca8e1c986">
      <Execution id="8c63f6f1-4a68-44a8-b562-acdcc855c70e" />
      <TestMethod codeBase="c:\000\projects\compositum\Vantuz.Plugins.GUI.Tests\bin\Release\net8.0-windows\Vantuz.Plugins.GUI.Tests.dll" adapterTypeName="executor://xunit/VsTestRunner2/netcoreapp" className="Vantuz.Plugins.GUI.Tests.ArchitecturalTests" name="ProductCsproj_DoesNotReferenceWpf" />
    </UnitTest>
    <UnitTest name="Vantuz.Plugins.GUI.Tests.GuiModeE2ETests.FullGuiPipeline_ClickPlayInPluginWindow_AllStepsCompleted" storage="c:\000\projects\compositum\vantuz.plugins.gui.tests\bin\release\net8.0-windows\vantuz.plugins.gui.tests.dll" id="fc1de7da-6d1e-5e5c-5019-2be6810f0d69">
      <Execution id="bfe47406-22c6-4a49-bda5-e26fea397305" />
      <TestMethod codeBase="c:\000\projects\compositum\Vantuz.Plugins.GUI.Tests\bin\Release\net8.0-windows\Vantuz.Plugins.GUI.Tests.dll" adapterTypeName="executor://xunit/VsTestRunner2/netcoreapp" className="Vantuz.Plugins.GUI.Tests.GuiModeE2ETests" name="FullGuiPipeline_ClickPlayInPluginWindow_AllStepsCompleted" />
    </UnitTest>
    <UnitTest name="Vantuz.Plugins.GUI.MinecraftLauncher.Tests.ResourceAssemblyTests.PluginAssembly_ContainsMainWindowType" storage="c:\000\projects\compositum\vantuz.plugins.gui.tests\bin\release\net8.0-windows\vantuz.plugins.gui.tests.dll" id="4df62b62-0afd-8113-0c7a-c3f2c2037342">
      <Execution id="f616498f-b6f5-4e24-92f5-2c6fae84b274" />
      <TestMethod codeBase="c:\000\projects\compositum\Vantuz.Plugins.GUI.Tests\bin\Release\net8.0-windows\Vantuz.Plugins.GUI.Tests.dll" adapterTypeName="executor://xunit/VsTestRunner2/netcoreapp" className="Vantuz.Plugins.GUI.MinecraftLauncher.Tests.ResourceAssemblyTests" name="PluginAssembly_ContainsMainWindowType" />
    </UnitTest>
    <UnitTest name="Vantuz.Plugins.GUI.Tests.GuiModeFireAndForgetRecidivismTests.GuiMode_FireAndForget_ExecuteCommand_PipelineDoesNotHang" storage="c:\000\projects\compositum\vantuz.plugins.gui.tests\bin\release\net8.0-windows\vantuz.plugins.gui.tests.dll" id="cf78ba07-63d7-4192-c4bc-b22673e84b5a">
      <Execution id="36a20e0f-349a-4709-b844-46ff70cfb117" />
      <TestMethod codeBase="c:\000\projects\compositum\Vantuz.Plugins.GUI.Tests\bin\Release\net8.0-windows\Vantuz.Plugins.GUI.Tests.dll" adapterTypeName="executor://xunit/VsTestRunner2/netcoreapp" className="Vantuz.Plugins.GUI.Tests.GuiModeFireAndForgetRecidivismTests" name="GuiMode_FireAndForget_ExecuteCommand_PipelineDoesNotHang" />
    </UnitTest>
    <UnitTest name="Vantuz.Plugins.GUI.Tests.ManifestSerializationTests.ModifiedManifest_ContainsTwoDownloadCommands" storage="c:\000\projects\compositum\vantuz.plugins.gui.tests\bin\release\net8.0-windows\vantuz.plugins.gui.tests.dll" id="2b3d95d3-8ba1-33cc-3ee0-91740226d494">
      <Execution id="7f0e8b1c-85df-4de4-8f93-10a3b714dbee" />
      <TestMethod codeBase="c:\000\projects\compositum\Vantuz.Plugins.GUI.Tests\bin\Release\net8.0-windows\Vantuz.Plugins.GUI.Tests.dll" adapterTypeName="executor://xunit/VsTestRunner2/netcoreapp" className="Vantuz.Plugins.GUI.Tests.ManifestSerializationTests" name="ModifiedManifest_ContainsTwoDownloadCommands" />
    </UnitTest>
    <UnitTest name="Vantuz.Plugins.GUI.Tests.ArchitecturalTests.ProductAssembly_DoesNotReferenceWpfAssemblies" storage="c:\000\projects\compositum\vantuz.plugins.gui.tests\bin\release\net8.0-windows\vantuz.plugins.gui.tests.dll" id="6eed7d06-7952-0c39-d124-a2d60bb47448">
      <Execution id="04d16c0e-1bc3-462b-aab6-b31cf8f8a889" />
      <TestMethod codeBase="c:\000\projects\compositum\Vantuz.Plugins.GUI.Tests\bin\Release\net8.0-windows\Vantuz.Plugins.GUI.Tests.dll" adapterTypeName="executor://xunit/VsTestRunner2/netcoreapp" className="Vantuz.Plugins.GUI.Tests.ArchitecturalTests" name="ProductAssembly_DoesNotReferenceWpfAssemblies" />
    </UnitTest>
    <UnitTest name="Vantuz.Plugins.GUI.Tests.ArchitecturalTests.ProductAssembly_DoesNotContainWpfTypes" storage="c:\000\projects\compositum\vantuz.plugins.gui.tests\bin\release\net8.0-windows\vantuz.plugins.gui.tests.dll" id="406be2ab-09a7-b074-20ee-cecb016ebd08">
      <Execution id="da04c530-51e3-4926-82aa-7127f729cab1" />
      <TestMethod codeBase="c:\000\projects\compositum\Vantuz.Plugins.GUI.Tests\bin\Release\net8.0-windows\Vantuz.Plugins.GUI.Tests.dll" adapterTypeName="executor://xunit/VsTestRunner2/netcoreapp" className="Vantuz.Plugins.GUI.Tests.ArchitecturalTests" name="ProductAssembly_DoesNotContainWpfTypes" />
    </UnitTest>
    <UnitTest name="Vantuz.Plugins.GUI.Tests.RealLaunchRecidivismTests.HeadlessLaunchPipeline_AuthlibExists_And_ProcessDoesNotCrash" storage="c:\000\projects\compositum\vantuz.plugins.gui.tests\bin\release\net8.0-windows\vantuz.plugins.gui.tests.dll" id="26fd4e82-faa6-2a14-e73a-0fc73ce35126">
      <Execution id="28869663-856c-46b3-b93a-817fb12a542b" />
      <TestMethod codeBase="c:\000\projects\compositum\Vantuz.Plugins.GUI.Tests\bin\Release\net8.0-windows\Vantuz.Plugins.GUI.Tests.dll" adapterTypeName="executor://xunit/VsTestRunner2/netcoreapp" className="Vantuz.Plugins.GUI.Tests.RealLaunchRecidivismTests" name="HeadlessLaunchPipeline_AuthlibExists_And_ProcessDoesNotCrash" />
    </UnitTest>
    <UnitTest name="Vantuz.Plugins.GUI.Tests.ForgeInstallationRecidivismTests.HeadlessForgePipeline_ProducesHumanReadableErrorOrSucceeds" storage="c:\000\projects\compositum\vantuz.plugins.gui.tests\bin\release\net8.0-windows\vantuz.plugins.gui.tests.dll" id="d8ecdd0e-dacc-b36b-fa7c-749387b83b2a">
      <Execution id="320fccf0-84cd-42fd-b7b9-21470726cf0e" />
      <TestMethod codeBase="c:\000\projects\compositum\Vantuz.Plugins.GUI.Tests\bin\Release\net8.0-windows\Vantuz.Plugins.GUI.Tests.dll" adapterTypeName="executor://xunit/VsTestRunner2/netcoreapp" className="Vantuz.Plugins.GUI.Tests.ForgeInstallationRecidivismTests" name="HeadlessForgePipeline_ProducesHumanReadableErrorOrSucceeds" />
    </UnitTest>
    <UnitTest name="Vantuz.Plugins.GUI.Tests.ForgeInstallTimeoutRecidivismTests.GameInstallerCommand_WithSlowProviderAndShortTimeout_ReturnsTimeoutError" storage="c:\000\projects\compositum\vantuz.plugins.gui.tests\bin\release\net8.0-windows\vantuz.plugins.gui.tests.dll" id="0bb9050a-1f89-eee0-ddf4-14dd48615f7c">
      <Execution id="8a440a5b-854f-4b82-9714-98f34b5499e2" />
      <TestMethod codeBase="c:\000\projects\compositum\Vantuz.Plugins.GUI.Tests\bin\Release\net8.0-windows\Vantuz.Plugins.GUI.Tests.dll" adapterTypeName="executor://xunit/VsTestRunner2/netcoreapp" className="Vantuz.Plugins.GUI.Tests.ForgeInstallTimeoutRecidivismTests" name="GameInstallerCommand_WithSlowProviderAndShortTimeout_ReturnsTimeoutError" />
    </UnitTest>
    <UnitTest name="Vantuz.Plugins.GUI.MinecraftLauncher.Tests.ResourceAssemblyTests.PluginAssembly_ReferencesAvalonia" storage="c:\000\projects\compositum\vantuz.plugins.gui.tests\bin\release\net8.0-windows\vantuz.plugins.gui.tests.dll" id="081e5146-39ce-4c31-5ddd-8393e2f5ef31">
      <Execution id="a4cb858d-5183-4e9d-8a4a-2a6ad7c0b5dd" />
      <TestMethod codeBase="c:\000\projects\compositum\Vantuz.Plugins.GUI.Tests\bin\Release\net8.0-windows\Vantuz.Plugins.GUI.Tests.dll" adapterTypeName="executor://xunit/VsTestRunner2/netcoreapp" className="Vantuz.Plugins.GUI.MinecraftLauncher.Tests.ResourceAssemblyTests" name="PluginAssembly_ReferencesAvalonia" />
    </UnitTest>
    <UnitTest name="Vantuz.Plugins.GUI.Tests.ArchitecturalTests.ProductCsproj_DoesNotContainXamlFiles" storage="c:\000\projects\compositum\vantuz.plugins.gui.tests\bin\release\net8.0-windows\vantuz.plugins.gui.tests.dll" id="c05eb572-1e24-7c16-7ca6-d78721682622">
      <Execution id="45f64460-65e4-4a9b-8381-51cd94e74fd7" />
      <TestMethod codeBase="c:\000\projects\compositum\Vantuz.Plugins.GUI.Tests\bin\Release\net8.0-windows\Vantuz.Plugins.GUI.Tests.dll" adapterTypeName="executor://xunit/VsTestRunner2/netcoreapp" className="Vantuz.Plugins.GUI.Tests.ArchitecturalTests" name="ProductCsproj_DoesNotContainXamlFiles" />
    </UnitTest>
    <UnitTest name="Vantuz.Plugins.GUI.Tests.MinecraftLauncherPluginTests.ExecuteAsync_StandaloneMode_ReturnsImmediately_And_PublishesCredentialProvider" storage="c:\000\projects\compositum\vantuz.plugins.gui.tests\bin\release\net8.0-windows\vantuz.plugins.gui.tests.dll" id="f39d7d66-cb72-4f2f-ebc8-fec4aebbf5c0">
      <Execution id="1056bf71-ba78-4889-b619-0851049f4237" />
      <TestMethod codeBase="c:\000\projects\compositum\Vantuz.Plugins.GUI.Tests\bin\Release\net8.0-windows\Vantuz.Plugins.GUI.Tests.dll" adapterTypeName="executor://xunit/VsTestRunner2/netcoreapp" className="Vantuz.Plugins.GUI.Tests.MinecraftLauncherPluginTests" name="ExecuteAsync_StandaloneMode_ReturnsImmediately_And_PublishesCredentialProvider" />
    </UnitTest>
  </TestDefinitions>
  <TestEntries>
    <TestEntry testId="2b3d95d3-8ba1-33cc-3ee0-91740226d494" executionId="7f0e8b1c-85df-4de4-8f93-10a3b714dbee" testListId="8c84fa94-04c1-424b-9868-57a2d4851a1d" />
    <TestEntry testId="26fd4e82-faa6-2a14-e73a-0fc73ce35126" executionId="28869663-856c-46b3-b93a-817fb12a542b" testListId="8c84fa94-04c1-424b-9868-57a2d4851a1d" />
    <TestEntry testId="406be2ab-09a7-b074-20ee-cecb016ebd08" executionId="da04c530-51e3-4926-82aa-7127f729cab1" testListId="8c84fa94-04c1-424b-9868-57a2d4851a1d" />
    <TestEntry testId="0bb9050a-1f89-eee0-ddf4-14dd48615f7c" executionId="8a440a5b-854f-4b82-9714-98f34b5499e2" testListId="8c84fa94-04c1-424b-9868-57a2d4851a1d" />
    <TestEntry testId="fc1de7da-6d1e-5e5c-5019-2be6810f0d69" executionId="bfe47406-22c6-4a49-bda5-e26fea397305" testListId="8c84fa94-04c1-424b-9868-57a2d4851a1d" />
    <TestEntry testId="4df62b62-0afd-8113-0c7a-c3f2c2037342" executionId="f616498f-b6f5-4e24-92f5-2c6fae84b274" testListId="8c84fa94-04c1-424b-9868-57a2d4851a1d" />
    <TestEntry testId="f39d7d66-cb72-4f2f-ebc8-fec4aebbf5c0" executionId="1056bf71-ba78-4889-b619-0851049f4237" testListId="8c84fa94-04c1-424b-9868-57a2d4851a1d" />
    <TestEntry testId="6eed7d06-7952-0c39-d124-a2d60bb47448" executionId="04d16c0e-1bc3-462b-aab6-b31cf8f8a889" testListId="8c84fa94-04c1-424b-9868-57a2d4851a1d" />
    <TestEntry testId="d8ecdd0e-dacc-b36b-fa7c-749387b83b2a" executionId="320fccf0-84cd-42fd-b7b9-21470726cf0e" testListId="8c84fa94-04c1-424b-9868-57a2d4851a1d" />
    <TestEntry testId="081e5146-39ce-4c31-5ddd-8393e2f5ef31" executionId="a4cb858d-5183-4e9d-8a4a-2a6ad7c0b5dd" testListId="8c84fa94-04c1-424b-9868-57a2d4851a1d" />
    <TestEntry testId="2a9207d5-a362-c6d5-8c65-eb8ca8e1c986" executionId="8c63f6f1-4a68-44a8-b562-acdcc855c70e" testListId="8c84fa94-04c1-424b-9868-57a2d4851a1d" />
    <TestEntry testId="c05eb572-1e24-7c16-7ca6-d78721682622" executionId="45f64460-65e4-4a9b-8381-51cd94e74fd7" testListId="8c84fa94-04c1-424b-9868-57a2d4851a1d" />
    <TestEntry testId="cf78ba07-63d7-4192-c4bc-b22673e84b5a" executionId="36a20e0f-349a-4709-b844-46ff70cfb117" testListId="8c84fa94-04c1-424b-9868-57a2d4851a1d" />
  </TestEntries>
  <TestLists>
    <TestList name="Список результатов" id="8c84fa94-04c1-424b-9868-57a2d4851a1d" />
    <TestList name="Все загруженные результаты" id="19431567-8539-422a-85d7-44ee4e166bda" />
  </TestLists>
  <ResultSummary outcome="Completed">
    <Counters total="13" executed="13" passed="13" failed="0" error="0" timeout="0" aborted="0" inconclusive="0" passedButRunAborted="0" notRunnable="0" notExecuted="0" disconnected="0" warning="0" completed="0" inProgress="0" pending="0" />
    <Output>
      <StdOut>[xUnit.net 00:00:00.00] xUnit.net VSTest Adapter v2.5.7+8f2703126a (64-bit .NET 8.0.26)&#xD;
[xUnit.net 00:00:00.39]   Discovering: Vantuz.Plugins.GUI.Tests&#xD;
[xUnit.net 00:00:00.72]   Discovered:  Vantuz.Plugins.GUI.Tests&#xD;
[xUnit.net 00:00:00.73]   Starting:    Vantuz.Plugins.GUI.Tests&#xD;
[04:52:18] [DEBUG] Pipeline has 7 steps: GUI.MinecraftLauncher, GUI.CredentialCollection, Auth.TestAuthCommand, Game.MinecraftProvider, Game.VersionValidatorQuery, Game.InstallerCommand, Game.LaunchCommand&#xD;
[04:52:28] [GUI] Minecraft Launcher initialized (standalone mode)&#xD;
[04:52:28] [GUI] Minecraft Launcher initialized and running&#xD;
[04:52:28] [STEP] GUI.MinecraftLauncher completed&#xD;
[04:52:29] [STEP] GUI.CredentialCollection completed&#xD;
[04:52:29] [TEST] Authentication successful (mock)&#xD;
[04:52:29] Auth.TestAuthCommand: 100,0%&#xD;
[04:52:29] [STEP] Auth.TestAuthCommand completed&#xD;
[04:52:29] ��������� Minecraft ���������������.&#xD;
[04:52:29] [STEP] Game.MinecraftProvider completed&#xD;
[04:52:29] �������� ������ 1.20.1-forge-47.3.0...&#xD;
[DIAG CheckVersionAsync] FORGE version=1.20.1-forge-47.3.0&#xD;
[DIAG CheckVersionAsync] jsonPath=C:\Users\1\AppData\Roaming\.vantuzlauncher\.minecraft\versions\1.20.1-forge-47.3.0\1.20.1-forge-47.3.0.json, jsonExists=True&#xD;
[DIAG CheckVersionAsync] librariesOk=True, missingDetail=&#xD;
[DIAG CheckVersionAsync] versionExists=True&#xD;
[04:52:29] ������ 1.20.1-forge-47.3.0 �������.&#xD;
[04:52:29] [STEP] Game.VersionValidatorQuery completed&#xD;
[04:52:29] [DRY RUN] Installation of 1.20.1-forge-47.3.0 would occur here. No state changes.&#xD;
[04:52:29] [STEP] Game.InstallerCommand completed&#xD;
[04:52:29] [DRY RUN] Launch of 1.20.1-forge-47.3.0 would occur here. No process started.&#xD;
[04:52:29] [STEP] Game.LaunchCommand completed&#xD;
Pipeline completed successfully.&#xD;
[04:52:33] [DEBUG] Pipeline has 9 steps: GUI.MinecraftLauncher, GUI.CredentialCollection, Auth.TestAuthCommand, Game.MinecraftProvider, Game.VersionValidatorQuery, Game.InstallerCommand, Game.LaunchCommand, Test.MockGameLaunch, OS.ExecuteCommand&#xD;
[xUnit.net 00:00:44.52]   Finished:    Vantuz.Plugins.GUI.Tests&#xD;
</StdOut>
    </Output>
  </ResultSummary>
</TestRun>