<?xml version="1.0" encoding="utf-8"?>
<TestRun id="9f0f49e1-24d2-42a5-b1ce-6f417306dc17" name="1@DESKTOP-NTADQTR 2026-06-07 18:52:33" runUser="DESKTOP-NTADQTR\1" xmlns="http://microsoft.com/schemas/VisualStudio/TeamTest/2010">
  <Times creation="2026-06-07T18:52:33.0281388+05:00" queuing="2026-06-07T18:52:33.0281392+05:00" start="2026-06-07T18:52:27.3620880+05:00" finish="2026-06-07T18:53:14.2289476+05:00" />
  <TestSettings name="default" id="498a03c7-0ba8-4731-b973-4396900bbaa3">
    <Deployment runDeploymentRoot="1_DESKTOP-NTADQTR_2026-06-07_18_52_33" />
  </TestSettings>
  <Results>
    <UnitTestResult executionId="7ab19a89-df3d-41cb-ae0b-ccb83dc13b46" testId="f39d7d66-cb72-4f2f-ebc8-fec4aebbf5c0" testName="Vantuz.Plugins.GUI.Tests.MinecraftLauncherPluginTests.ExecuteAsync_StandaloneMode_ReturnsImmediately_And_PublishesCredentialProvider" computerName="DESKTOP-NTADQTR" duration="00:00:17.3875990" startTime="2026-06-07T18:52:50.4719974+05:00" endTime="2026-06-07T18:52:50.4719979+05:00" testType="13cdc9d9-ddb5-4fa4-a97d-d965ccfc6d4b" outcome="Passed" testListId="8c84fa94-04c1-424b-9868-57a2d4851a1d" relativeResultsDirectory="7ab19a89-df3d-41cb-ae0b-ccb83dc13b46" />
    <UnitTestResult executionId="ce681ea2-ceb6-4f69-8178-bd2b245ed2c7" testId="c05eb572-1e24-7c16-7ca6-d78721682622" testName="Vantuz.Plugins.GUI.Tests.ArchitecturalTests.ProductCsproj_DoesNotContainXamlFiles" computerName="DESKTOP-NTADQTR" duration="00:00:00.0080274" startTime="2026-06-07T18:52:32.0809969+05:00" endTime="2026-06-07T18:52:32.0809973+05:00" testType="13cdc9d9-ddb5-4fa4-a97d-d965ccfc6d4b" outcome="Passed" testListId="8c84fa94-04c1-424b-9868-57a2d4851a1d" relativeResultsDirectory="ce681ea2-ceb6-4f69-8178-bd2b245ed2c7" />
    <UnitTestResult executionId="1fbaef20-6adc-493f-895b-b7173e03b2d5" testId="2a9207d5-a362-c6d5-8c65-eb8ca8e1c986" testName="Vantuz.Plugins.GUI.Tests.ArchitecturalTests.ProductCsproj_DoesNotReferenceWpf" computerName="DESKTOP-NTADQTR" duration="00:00:00.2397817" startTime="2026-06-07T18:52:32.0723430+05:00" endTime="2026-06-07T18:52:32.0723434+05:00" testType="13cdc9d9-ddb5-4fa4-a97d-d965ccfc6d4b" outcome="Passed" testListId="8c84fa94-04c1-424b-9868-57a2d4851a1d" relativeResultsDirectory="1fbaef20-6adc-493f-895b-b7173e03b2d5" />
    <UnitTestResult executionId="17e20403-2d94-4919-bb98-463cdbfc5590" testId="2b3d95d3-8ba1-33cc-3ee0-91740226d494" testName="Vantuz.Plugins.GUI.Tests.ManifestSerializationTests.ModifiedManifest_ContainsTwoDownloadCommands" computerName="DESKTOP-NTADQTR" duration="00:00:00.5245161" startTime="2026-06-07T18:52:32.3316512+05:00" endTime="2026-06-07T18:52:32.3316518+05:00" testType="13cdc9d9-ddb5-4fa4-a97d-d965ccfc6d4b" outcome="Passed" testListId="8c84fa94-04c1-424b-9868-57a2d4851a1d" relativeResultsDirectory="17e20403-2d94-4919-bb98-463cdbfc5590" />
    <UnitTestResult executionId="72ebcf03-3c58-4298-9b6c-a9682f993c84" testId="fc1de7da-6d1e-5e5c-5019-2be6810f0d69" testName="Vantuz.Plugins.GUI.Tests.GuiModeE2ETests.FullGuiPipeline_ClickPlayInPluginWindow_AllStepsCompleted" computerName="DESKTOP-NTADQTR" duration="00:00:29.9645170" startTime="2026-06-07T18:53:02.9228843+05:00" endTime="2026-06-07T18:53:02.9228848+05:00" testType="13cdc9d9-ddb5-4fa4-a97d-d965ccfc6d4b" outcome="Passed" testListId="8c84fa94-04c1-424b-9868-57a2d4851a1d" relativeResultsDirectory="72ebcf03-3c58-4298-9b6c-a9682f993c84" />
    <UnitTestResult executionId="b6d80f4b-752a-4b92-b417-44655fa38e6d" testId="d8ecdd0e-dacc-b36b-fa7c-749387b83b2a" testName="Vantuz.Plugins.GUI.Tests.ForgeInstallationRecidivismTests.HeadlessForgePipeline_ProducesHumanReadableErrorOrSucceeds" computerName="DESKTOP-NTADQTR" duration="00:00:16.6462772" startTime="2026-06-07T18:52:49.6046595+05:00" endTime="2026-06-07T18:52:49.6046608+05:00" testType="13cdc9d9-ddb5-4fa4-a97d-d965ccfc6d4b" outcome="Passed" testListId="8c84fa94-04c1-424b-9868-57a2d4851a1d" relativeResultsDirectory="b6d80f4b-752a-4b92-b417-44655fa38e6d" />
    <UnitTestResult executionId="68b24d08-5a9c-485f-be9c-0a128208e34e" testId="cf78ba07-63d7-4192-c4bc-b22673e84b5a" testName="Vantuz.Plugins.GUI.Tests.GuiModeFireAndForgetRecidivismTests.GuiMode_FireAndForget_ExecuteCommand_PipelineDoesNotHang" computerName="DESKTOP-NTADQTR" duration="00:00:11.0505504" startTime="2026-06-07T18:53:13.9781926+05:00" endTime="2026-06-07T18:53:13.9781933+05:00" testType="13cdc9d9-ddb5-4fa4-a97d-d965ccfc6d4b" outcome="Passed" testListId="8c84fa94-04c1-424b-9868-57a2d4851a1d" relativeResultsDirectory="68b24d08-5a9c-485f-be9c-0a128208e34e" />
    <UnitTestResult executionId="4566d0ec-f393-462b-b95b-3fb4e8711f62" testId="0bb9050a-1f89-eee0-ddf4-14dd48615f7c" testName="Vantuz.Plugins.GUI.Tests.ForgeInstallTimeoutRecidivismTests.GameInstallerCommand_WithSlowProviderAndShortTimeout_ReturnsTimeoutError" computerName="DESKTOP-NTADQTR" duration="00:00:16.9634022" startTime="2026-06-07T18:52:49.4570496+05:00" endTime="2026-06-07T18:52:49.4570504+05:00" testType="13cdc9d9-ddb5-4fa4-a97d-d965ccfc6d4b" outcome="Failed" testListId="8c84fa94-04c1-424b-9868-57a2d4851a1d" relativeResultsDirectory="4566d0ec-f393-462b-b95b-3fb4e8711f62">
      <Output>
        <ErrorInfo>
          <Message>Expected timeout within ~2 s, but elapsed 17,0 s. The command did not respect the timeout.</Message>
          <StackTrace>   at Vantuz.Plugins.GUI.Tests.ForgeInstallTimeoutRecidivismTests.GameInstallerCommand_WithSlowProviderAndShortTimeout_ReturnsTimeoutError() in c:\000\projects\compositum\Vantuz.Plugins.GUI.Tests\ForgeInstallTimeoutRecidivismTests.cs:line 73&#xD;
--- End of stack trace from previous location ---</StackTrace>
        </ErrorInfo>
      </Output>
    </UnitTestResult>
    <UnitTestResult executionId="f46cacb0-4072-4b22-827f-6217ccdb5a5c" testId="4df62b62-0afd-8113-0c7a-c3f2c2037342" testName="Vantuz.Plugins.GUI.MinecraftLauncher.Tests.ResourceAssemblyTests.PluginAssembly_ContainsMainWindowType" computerName="DESKTOP-NTADQTR" duration="00:00:00.0005243" startTime="2026-06-07T18:52:32.0397432+05:00" endTime="2026-06-07T18:52:32.0397434+05:00" testType="13cdc9d9-ddb5-4fa4-a97d-d965ccfc6d4b" outcome="Passed" testListId="8c84fa94-04c1-424b-9868-57a2d4851a1d" relativeResultsDirectory="f46cacb0-4072-4b22-827f-6217ccdb5a5c" />
    <UnitTestResult executionId="335bea46-7863-45dd-97b7-b511b9022f99" testId="406be2ab-09a7-b074-20ee-cecb016ebd08" testName="Vantuz.Plugins.GUI.Tests.ArchitecturalTests.ProductAssembly_DoesNotContainWpfTypes" computerName="DESKTOP-NTADQTR" duration="00:00:00.0115834" startTime="2026-06-07T18:52:31.9717641+05:00" endTime="2026-06-07T18:52:31.9718269+05:00" testType="13cdc9d9-ddb5-4fa4-a97d-d965ccfc6d4b" outcome="Passed" testListId="8c84fa94-04c1-424b-9868-57a2d4851a1d" relativeResultsDirectory="335bea46-7863-45dd-97b7-b511b9022f99" />
    <UnitTestResult executionId="c7a55f14-a00d-4c96-a559-b061e6eef826" testId="6eed7d06-7952-0c39-d124-a2d60bb47448" testName="Vantuz.Plugins.GUI.Tests.ArchitecturalTests.ProductAssembly_DoesNotReferenceWpfAssemblies" computerName="DESKTOP-NTADQTR" duration="00:00:00.0031657" startTime="2026-06-07T18:52:32.0843355+05:00" endTime="2026-06-07T18:52:32.0843362+05:00" testType="13cdc9d9-ddb5-4fa4-a97d-d965ccfc6d4b" outcome="Passed" testListId="8c84fa94-04c1-424b-9868-57a2d4851a1d" relativeResultsDirectory="c7a55f14-a00d-4c96-a559-b061e6eef826" />
    <UnitTestResult executionId="b26a5655-d761-4fe7-93d4-a2a4dae83526" testId="26fd4e82-faa6-2a14-e73a-0fc73ce35126" testName="Vantuz.Plugins.GUI.Tests.RealLaunchRecidivismTests.HeadlessLaunchPipeline_AuthlibExists_And_ProcessDoesNotCrash" computerName="DESKTOP-NTADQTR" duration="00:00:16.3260864" startTime="2026-06-07T18:52:49.2850306+05:00" endTime="2026-06-07T18:52:49.2850315+05:00" testType="13cdc9d9-ddb5-4fa4-a97d-d965ccfc6d4b" outcome="Passed" testListId="8c84fa94-04c1-424b-9868-57a2d4851a1d" relativeResultsDirectory="b26a5655-d761-4fe7-93d4-a2a4dae83526" />
    <UnitTestResult executionId="d2100dbf-948e-400e-aeac-a0191fbdc8ec" testId="081e5146-39ce-4c31-5ddd-8393e2f5ef31" testName="Vantuz.Plugins.GUI.MinecraftLauncher.Tests.ResourceAssemblyTests.PluginAssembly_ReferencesAvalonia" computerName="DESKTOP-NTADQTR" duration="00:00:00.0428447" startTime="2026-06-07T18:52:32.0388701+05:00" endTime="2026-06-07T18:52:32.0388703+05:00" testType="13cdc9d9-ddb5-4fa4-a97d-d965ccfc6d4b" outcome="Passed" testListId="8c84fa94-04c1-424b-9868-57a2d4851a1d" relativeResultsDirectory="d2100dbf-948e-400e-aeac-a0191fbdc8ec" />
  </Results>
  <TestDefinitions>
    <UnitTest name="Vantuz.Plugins.GUI.Tests.ArchitecturalTests.ProductCsproj_DoesNotReferenceWpf" storage="c:\000\projects\compositum\vantuz.plugins.gui.tests\bin\debug\net8.0-windows\vantuz.plugins.gui.tests.dll" id="2a9207d5-a362-c6d5-8c65-eb8ca8e1c986">
      <Execution id="1fbaef20-6adc-493f-895b-b7173e03b2d5" />
      <TestMethod codeBase="C:\000\projects\compositum\Vantuz.Plugins.GUI.Tests\bin\Debug\net8.0-windows\Vantuz.Plugins.GUI.Tests.dll" adapterTypeName="executor://xunit/VsTestRunner2/netcoreapp" className="Vantuz.Plugins.GUI.Tests.ArchitecturalTests" name="ProductCsproj_DoesNotReferenceWpf" />
    </UnitTest>
    <UnitTest name="Vantuz.Plugins.GUI.Tests.GuiModeE2ETests.FullGuiPipeline_ClickPlayInPluginWindow_AllStepsCompleted" storage="c:\000\projects\compositum\vantuz.plugins.gui.tests\bin\debug\net8.0-windows\vantuz.plugins.gui.tests.dll" id="fc1de7da-6d1e-5e5c-5019-2be6810f0d69">
      <Execution id="72ebcf03-3c58-4298-9b6c-a9682f993c84" />
      <TestMethod codeBase="C:\000\projects\compositum\Vantuz.Plugins.GUI.Tests\bin\Debug\net8.0-windows\Vantuz.Plugins.GUI.Tests.dll" adapterTypeName="executor://xunit/VsTestRunner2/netcoreapp" className="Vantuz.Plugins.GUI.Tests.GuiModeE2ETests" name="FullGuiPipeline_ClickPlayInPluginWindow_AllStepsCompleted" />
    </UnitTest>
    <UnitTest name="Vantuz.Plugins.GUI.MinecraftLauncher.Tests.ResourceAssemblyTests.PluginAssembly_ContainsMainWindowType" storage="c:\000\projects\compositum\vantuz.plugins.gui.tests\bin\debug\net8.0-windows\vantuz.plugins.gui.tests.dll" id="4df62b62-0afd-8113-0c7a-c3f2c2037342">
      <Execution id="f46cacb0-4072-4b22-827f-6217ccdb5a5c" />
      <TestMethod codeBase="C:\000\projects\compositum\Vantuz.Plugins.GUI.Tests\bin\Debug\net8.0-windows\Vantuz.Plugins.GUI.Tests.dll" adapterTypeName="executor://xunit/VsTestRunner2/netcoreapp" className="Vantuz.Plugins.GUI.MinecraftLauncher.Tests.ResourceAssemblyTests" name="PluginAssembly_ContainsMainWindowType" />
    </UnitTest>
    <UnitTest name="Vantuz.Plugins.GUI.Tests.GuiModeFireAndForgetRecidivismTests.GuiMode_FireAndForget_ExecuteCommand_PipelineDoesNotHang" storage="c:\000\projects\compositum\vantuz.plugins.gui.tests\bin\debug\net8.0-windows\vantuz.plugins.gui.tests.dll" id="cf78ba07-63d7-4192-c4bc-b22673e84b5a">
      <Execution id="68b24d08-5a9c-485f-be9c-0a128208e34e" />
      <TestMethod codeBase="C:\000\projects\compositum\Vantuz.Plugins.GUI.Tests\bin\Debug\net8.0-windows\Vantuz.Plugins.GUI.Tests.dll" adapterTypeName="executor://xunit/VsTestRunner2/netcoreapp" className="Vantuz.Plugins.GUI.Tests.GuiModeFireAndForgetRecidivismTests" name="GuiMode_FireAndForget_ExecuteCommand_PipelineDoesNotHang" />
    </UnitTest>
    <UnitTest name="Vantuz.Plugins.GUI.Tests.ManifestSerializationTests.ModifiedManifest_ContainsTwoDownloadCommands" storage="c:\000\projects\compositum\vantuz.plugins.gui.tests\bin\debug\net8.0-windows\vantuz.plugins.gui.tests.dll" id="2b3d95d3-8ba1-33cc-3ee0-91740226d494">
      <Execution id="17e20403-2d94-4919-bb98-463cdbfc5590" />
      <TestMethod codeBase="C:\000\projects\compositum\Vantuz.Plugins.GUI.Tests\bin\Debug\net8.0-windows\Vantuz.Plugins.GUI.Tests.dll" adapterTypeName="executor://xunit/VsTestRunner2/netcoreapp" className="Vantuz.Plugins.GUI.Tests.ManifestSerializationTests" name="ModifiedManifest_ContainsTwoDownloadCommands" />
    </UnitTest>
    <UnitTest name="Vantuz.Plugins.GUI.Tests.ArchitecturalTests.ProductAssembly_DoesNotReferenceWpfAssemblies" storage="c:\000\projects\compositum\vantuz.plugins.gui.tests\bin\debug\net8.0-windows\vantuz.plugins.gui.tests.dll" id="6eed7d06-7952-0c39-d124-a2d60bb47448">
      <Execution id="c7a55f14-a00d-4c96-a559-b061e6eef826" />
      <TestMethod codeBase="C:\000\projects\compositum\Vantuz.Plugins.GUI.Tests\bin\Debug\net8.0-windows\Vantuz.Plugins.GUI.Tests.dll" adapterTypeName="executor://xunit/VsTestRunner2/netcoreapp" className="Vantuz.Plugins.GUI.Tests.ArchitecturalTests" name="ProductAssembly_DoesNotReferenceWpfAssemblies" />
    </UnitTest>
    <UnitTest name="Vantuz.Plugins.GUI.Tests.ArchitecturalTests.ProductAssembly_DoesNotContainWpfTypes" storage="c:\000\projects\compositum\vantuz.plugins.gui.tests\bin\debug\net8.0-windows\vantuz.plugins.gui.tests.dll" id="406be2ab-09a7-b074-20ee-cecb016ebd08">
      <Execution id="335bea46-7863-45dd-97b7-b511b9022f99" />
      <TestMethod codeBase="C:\000\projects\compositum\Vantuz.Plugins.GUI.Tests\bin\Debug\net8.0-windows\Vantuz.Plugins.GUI.Tests.dll" adapterTypeName="executor://xunit/VsTestRunner2/netcoreapp" className="Vantuz.Plugins.GUI.Tests.ArchitecturalTests" name="ProductAssembly_DoesNotContainWpfTypes" />
    </UnitTest>
    <UnitTest name="Vantuz.Plugins.GUI.Tests.RealLaunchRecidivismTests.HeadlessLaunchPipeline_AuthlibExists_And_ProcessDoesNotCrash" storage="c:\000\projects\compositum\vantuz.plugins.gui.tests\bin\debug\net8.0-windows\vantuz.plugins.gui.tests.dll" id="26fd4e82-faa6-2a14-e73a-0fc73ce35126">
      <Execution id="b26a5655-d761-4fe7-93d4-a2a4dae83526" />
      <TestMethod codeBase="C:\000\projects\compositum\Vantuz.Plugins.GUI.Tests\bin\Debug\net8.0-windows\Vantuz.Plugins.GUI.Tests.dll" adapterTypeName="executor://xunit/VsTestRunner2/netcoreapp" className="Vantuz.Plugins.GUI.Tests.RealLaunchRecidivismTests" name="HeadlessLaunchPipeline_AuthlibExists_And_ProcessDoesNotCrash" />
    </UnitTest>
    <UnitTest name="Vantuz.Plugins.GUI.Tests.ForgeInstallationRecidivismTests.HeadlessForgePipeline_ProducesHumanReadableErrorOrSucceeds" storage="c:\000\projects\compositum\vantuz.plugins.gui.tests\bin\debug\net8.0-windows\vantuz.plugins.gui.tests.dll" id="d8ecdd0e-dacc-b36b-fa7c-749387b83b2a">
      <Execution id="b6d80f4b-752a-4b92-b417-44655fa38e6d" />
      <TestMethod codeBase="C:\000\projects\compositum\Vantuz.Plugins.GUI.Tests\bin\Debug\net8.0-windows\Vantuz.Plugins.GUI.Tests.dll" adapterTypeName="executor://xunit/VsTestRunner2/netcoreapp" className="Vantuz.Plugins.GUI.Tests.ForgeInstallationRecidivismTests" name="HeadlessForgePipeline_ProducesHumanReadableErrorOrSucceeds" />
    </UnitTest>
    <UnitTest name="Vantuz.Plugins.GUI.Tests.ForgeInstallTimeoutRecidivismTests.GameInstallerCommand_WithSlowProviderAndShortTimeout_ReturnsTimeoutError" storage="c:\000\projects\compositum\vantuz.plugins.gui.tests\bin\debug\net8.0-windows\vantuz.plugins.gui.tests.dll" id="0bb9050a-1f89-eee0-ddf4-14dd48615f7c">
      <Execution id="4566d0ec-f393-462b-b95b-3fb4e8711f62" />
      <TestMethod codeBase="C:\000\projects\compositum\Vantuz.Plugins.GUI.Tests\bin\Debug\net8.0-windows\Vantuz.Plugins.GUI.Tests.dll" adapterTypeName="executor://xunit/VsTestRunner2/netcoreapp" className="Vantuz.Plugins.GUI.Tests.ForgeInstallTimeoutRecidivismTests" name="GameInstallerCommand_WithSlowProviderAndShortTimeout_ReturnsTimeoutError" />
    </UnitTest>
    <UnitTest name="Vantuz.Plugins.GUI.MinecraftLauncher.Tests.ResourceAssemblyTests.PluginAssembly_ReferencesAvalonia" storage="c:\000\projects\compositum\vantuz.plugins.gui.tests\bin\debug\net8.0-windows\vantuz.plugins.gui.tests.dll" id="081e5146-39ce-4c31-5ddd-8393e2f5ef31">
      <Execution id="d2100dbf-948e-400e-aeac-a0191fbdc8ec" />
      <TestMethod codeBase="C:\000\projects\compositum\Vantuz.Plugins.GUI.Tests\bin\Debug\net8.0-windows\Vantuz.Plugins.GUI.Tests.dll" adapterTypeName="executor://xunit/VsTestRunner2/netcoreapp" className="Vantuz.Plugins.GUI.MinecraftLauncher.Tests.ResourceAssemblyTests" name="PluginAssembly_ReferencesAvalonia" />
    </UnitTest>
    <UnitTest name="Vantuz.Plugins.GUI.Tests.ArchitecturalTests.ProductCsproj_DoesNotContainXamlFiles" storage="c:\000\projects\compositum\vantuz.plugins.gui.tests\bin\debug\net8.0-windows\vantuz.plugins.gui.tests.dll" id="c05eb572-1e24-7c16-7ca6-d78721682622">
      <Execution id="ce681ea2-ceb6-4f69-8178-bd2b245ed2c7" />
      <TestMethod codeBase="C:\000\projects\compositum\Vantuz.Plugins.GUI.Tests\bin\Debug\net8.0-windows\Vantuz.Plugins.GUI.Tests.dll" adapterTypeName="executor://xunit/VsTestRunner2/netcoreapp" className="Vantuz.Plugins.GUI.Tests.ArchitecturalTests" name="ProductCsproj_DoesNotContainXamlFiles" />
    </UnitTest>
    <UnitTest name="Vantuz.Plugins.GUI.Tests.MinecraftLauncherPluginTests.ExecuteAsync_StandaloneMode_ReturnsImmediately_And_PublishesCredentialProvider" storage="c:\000\projects\compositum\vantuz.plugins.gui.tests\bin\debug\net8.0-windows\vantuz.plugins.gui.tests.dll" id="f39d7d66-cb72-4f2f-ebc8-fec4aebbf5c0">
      <Execution id="7ab19a89-df3d-41cb-ae0b-ccb83dc13b46" />
      <TestMethod codeBase="C:\000\projects\compositum\Vantuz.Plugins.GUI.Tests\bin\Debug\net8.0-windows\Vantuz.Plugins.GUI.Tests.dll" adapterTypeName="executor://xunit/VsTestRunner2/netcoreapp" className="Vantuz.Plugins.GUI.Tests.MinecraftLauncherPluginTests" name="ExecuteAsync_StandaloneMode_ReturnsImmediately_And_PublishesCredentialProvider" />
    </UnitTest>
  </TestDefinitions>
  <TestEntries>
    <TestEntry testId="f39d7d66-cb72-4f2f-ebc8-fec4aebbf5c0" executionId="7ab19a89-df3d-41cb-ae0b-ccb83dc13b46" testListId="8c84fa94-04c1-424b-9868-57a2d4851a1d" />
    <TestEntry testId="c05eb572-1e24-7c16-7ca6-d78721682622" executionId="ce681ea2-ceb6-4f69-8178-bd2b245ed2c7" testListId="8c84fa94-04c1-424b-9868-57a2d4851a1d" />
    <TestEntry testId="2a9207d5-a362-c6d5-8c65-eb8ca8e1c986" executionId="1fbaef20-6adc-493f-895b-b7173e03b2d5" testListId="8c84fa94-04c1-424b-9868-57a2d4851a1d" />
    <TestEntry testId="2b3d95d3-8ba1-33cc-3ee0-91740226d494" executionId="17e20403-2d94-4919-bb98-463cdbfc5590" testListId="8c84fa94-04c1-424b-9868-57a2d4851a1d" />
    <TestEntry testId="fc1de7da-6d1e-5e5c-5019-2be6810f0d69" executionId="72ebcf03-3c58-4298-9b6c-a9682f993c84" testListId="8c84fa94-04c1-424b-9868-57a2d4851a1d" />
    <TestEntry testId="d8ecdd0e-dacc-b36b-fa7c-749387b83b2a" executionId="b6d80f4b-752a-4b92-b417-44655fa38e6d" testListId="8c84fa94-04c1-424b-9868-57a2d4851a1d" />
    <TestEntry testId="cf78ba07-63d7-4192-c4bc-b22673e84b5a" executionId="68b24d08-5a9c-485f-be9c-0a128208e34e" testListId="8c84fa94-04c1-424b-9868-57a2d4851a1d" />
    <TestEntry testId="0bb9050a-1f89-eee0-ddf4-14dd48615f7c" executionId="4566d0ec-f393-462b-b95b-3fb4e8711f62" testListId="8c84fa94-04c1-424b-9868-57a2d4851a1d" />
    <TestEntry testId="4df62b62-0afd-8113-0c7a-c3f2c2037342" executionId="f46cacb0-4072-4b22-827f-6217ccdb5a5c" testListId="8c84fa94-04c1-424b-9868-57a2d4851a1d" />
    <TestEntry testId="406be2ab-09a7-b074-20ee-cecb016ebd08" executionId="335bea46-7863-45dd-97b7-b511b9022f99" testListId="8c84fa94-04c1-424b-9868-57a2d4851a1d" />
    <TestEntry testId="6eed7d06-7952-0c39-d124-a2d60bb47448" executionId="c7a55f14-a00d-4c96-a559-b061e6eef826" testListId="8c84fa94-04c1-424b-9868-57a2d4851a1d" />
    <TestEntry testId="26fd4e82-faa6-2a14-e73a-0fc73ce35126" executionId="b26a5655-d761-4fe7-93d4-a2a4dae83526" testListId="8c84fa94-04c1-424b-9868-57a2d4851a1d" />
    <TestEntry testId="081e5146-39ce-4c31-5ddd-8393e2f5ef31" executionId="d2100dbf-948e-400e-aeac-a0191fbdc8ec" testListId="8c84fa94-04c1-424b-9868-57a2d4851a1d" />
  </TestEntries>
  <TestLists>
    <TestList name="Список результатов" id="8c84fa94-04c1-424b-9868-57a2d4851a1d" />
    <TestList name="Все загруженные результаты" id="19431567-8539-422a-85d7-44ee4e166bda" />
  </TestLists>
  <ResultSummary outcome="Failed">
    <Counters total="13" executed="13" passed="12" failed="1" error="0" timeout="0" aborted="0" inconclusive="0" passedButRunAborted="0" notRunnable="0" notExecuted="0" disconnected="0" warning="0" completed="0" inProgress="0" pending="0" />
    <Output>
      <StdOut>[xUnit.net 00:00:00.00] xUnit.net VSTest Adapter v2.5.7+8f2703126a (64-bit .NET 8.0.26)&#xD;
[xUnit.net 00:00:00.48]   Discovering: Vantuz.Plugins.GUI.Tests&#xD;
[xUnit.net 00:00:00.73]   Discovered:  Vantuz.Plugins.GUI.Tests&#xD;
[xUnit.net 00:00:00.74]   Starting:    Vantuz.Plugins.GUI.Tests&#xD;
[xUnit.net 00:00:18.84]       Expected timeout within ~2 s, but elapsed 17,0 s. The command did not respect the timeout.&#xD;
[xUnit.net 00:00:18.84]       Stack Trace:&#xD;
[xUnit.net 00:00:18.84]         c:\000\projects\compositum\Vantuz.Plugins.GUI.Tests\ForgeInstallTimeoutRecidivismTests.cs(73,0): at Vantuz.Plugins.GUI.Tests.ForgeInstallTimeoutRecidivismTests.GameInstallerCommand_WithSlowProviderAndShortTimeout_ReturnsTimeoutError()&#xD;
[xUnit.net 00:00:18.84]         --- End of stack trace from previous location ---&#xD;
[13:52:50] [DEBUG] Pipeline has 7 steps: GUI.MinecraftLauncher, GUI.CredentialCollection, Auth.TestAuthCommand, Game.MinecraftProvider, Game.VersionValidatorQuery, Game.InstallerCommand, Game.LaunchCommand&#xD;
[13:53:01] [GUI] Minecraft Launcher initialized (standalone mode)&#xD;
[13:53:01] [GUI] Minecraft Launcher initialized and running&#xD;
[13:53:01] [STEP] GUI.MinecraftLauncher completed&#xD;
[13:53:02] [STEP] GUI.CredentialCollection completed&#xD;
[13:53:02] [TEST] Authentication successful (mock)&#xD;
[13:53:02] Auth.TestAuthCommand: 100,0%&#xD;
[13:53:02] [STEP] Auth.TestAuthCommand completed&#xD;
[13:53:02] ��������� Minecraft ���������������.&#xD;
[13:53:02] [STEP] Game.MinecraftProvider completed&#xD;
[13:53:02] �������� ������ 1.20.1-forge-47.3.0...&#xD;
[DIAG CheckVersionAsync] FORGE version=1.20.1-forge-47.3.0&#xD;
[DIAG CheckVersionAsync] jsonPath=C:\Users\1\AppData\Roaming\.vantuzlauncher\.minecraft\versions\1.20.1-forge-47.3.0\1.20.1-forge-47.3.0.json, jsonExists=True&#xD;
[DIAG CheckVersionAsync] librariesOk=False, missingDetail=missing or empty library: cpw.mods:bootstraplauncher at C:\Users\1\AppData\Roaming\.vantuzlauncher\.minecraft\libraries\cpw\mods\bootstraplauncher\1.1.2\bootstraplauncher-1.1.2.jar&#xD;
[DIAG CheckVersionAsync] versionExists=False&#xD;
[13:53:02] ������ 1.20.1-forge-47.3.0 �� �������. ��������� ���������.&#xD;
[13:53:02] [STEP] Game.VersionValidatorQuery completed&#xD;
[13:53:02] [DRY RUN] Installation of 1.20.1-forge-47.3.0 would occur here. No state changes.&#xD;
[13:53:02] [STEP] Game.InstallerCommand completed&#xD;
[13:53:02] [DRY RUN] Launch of 1.20.1-forge-47.3.0 would occur here. No process started.&#xD;
[13:53:02] [STEP] Game.LaunchCommand completed&#xD;
Pipeline completed successfully.&#xD;
[13:53:06] [DEBUG] Pipeline has 9 steps: GUI.MinecraftLauncher, GUI.CredentialCollection, Auth.TestAuthCommand, Game.MinecraftProvider, Game.VersionValidatorQuery, Game.InstallerCommand, Game.LaunchCommand, Test.MockGameLaunch, OS.ExecuteCommand&#xD;
[13:53:13] [GUI] Minecraft Launcher initialized (standalone mode)&#xD;
[13:53:13] [GUI] Minecraft Launcher initialized and running&#xD;
[13:53:13] [STEP] GUI.MinecraftLauncher completed&#xD;
[xUnit.net 00:00:43.37]   Finished:    Vantuz.Plugins.GUI.Tests&#xD;
</StdOut>
    </Output>
    <RunInfos>
      <RunInfo computerName="DESKTOP-NTADQTR" outcome="Error" timestamp="2026-06-07T18:52:49.4518819+05:00">
        <Text>[xUnit.net 00:00:18.84]     Vantuz.Plugins.GUI.Tests.ForgeInstallTimeoutRecidivismTests.GameInstallerCommand_WithSlowProviderAndShortTimeout_ReturnsTimeoutError [FAIL]</Text>
      </RunInfo>
    </RunInfos>
  </ResultSummary>
</TestRun>